#
# There is insufficient memory for the Java Runtime Environment to continue.
# Native memory allocation (malloc) failed to allocate 600016 bytes for Chunk::new
# Possible reasons:
#   The system is out of physical RAM or swap space
#   The process is running with CompressedOops enabled, and the Java Heap may be blocking the growth of the native heap
# Possible solutions:
#   Reduce memory load on the system
#   Increase physical memory or swap space
#   Check if swap backing store is full
#   Decrease Java heap size (-Xmx/-Xms)
#   Decrease number of Java threads
#   Decrease Java thread stack sizes (-Xss)
#   Set larger code cache with -XX:ReservedCodeCacheSize=
#   JVM is running with Unscaled Compressed Oops mode in which the Java heap is
#     placed in the first 4GB address space. The Java Heap base address is the
#     maximum limit for the native heap growth. Please use -XX:HeapBaseMinAddress
#     to set the Java Heap base and to place the Java Heap above 4GB virtual address.
# This output file may be truncated or incomplete.
#
#  Out of Memory Error (t:/workspace/open/src/hotspot/share/memory/arena.cpp:198), pid=8944, tid=17184
#
# JRE version: Java(TM) SE Runtime Environment (10.0.2+13) (build 10.0.2+13)
# Java VM: Java HotSpot(TM) 64-Bit Server VM (10.0.2+13, mixed mode, tiered, compressed oops, g1 gc, windows-amd64)
# No core dump will be written. Minidumps are not enabled by default on client versions of Windows
#

---------------  S U M M A R Y ------------

Command Line: Mf

Host: Intel(R) Core(TM) i7-8550U CPU @ 1.80GHz, 8 cores, 7G,  Windows 10 , 64 bit Build 18362 (10.0.18362.329)
Time: Sat Jan 11 23:53:36 2020 India Standard Time elapsed time: 0 seconds (0d 0h 0m 0s)

---------------  T H R E A D  ---------------

Current thread (0x00000192cbbdb800):  JavaThread "C2 CompilerThread0" daemon [_thread_in_native, id=17184, stack(0x0000008ee8800000,0x0000008ee8900000)]


Current CompileTask:
C2:    516  541       4       jdk.internal.org.objectweb.asm.Frame::execute (2264 bytes)

Stack: [0x0000008ee8800000,0x0000008ee8900000]
Native frames: (J=compiled Java code, j=interpreted, Vv=VM code, C=native code)
V  [jvm.dll+0x5a01a9]
V  [jvm.dll+0x6bcf31]
V  [jvm.dll+0x6be126]
V  [jvm.dll+0x6be7b3]
V  [jvm.dll+0x234978]
V  [jvm.dll+0xbb69c]
V  [jvm.dll+0xbbbac]
V  [jvm.dll+0x2a68e4]
V  [jvm.dll+0x4bf92a]
V  [jvm.dll+0x201949]
V  [jvm.dll+0x1ff0a1]
V  [jvm.dll+0x17c94b]
V  [jvm.dll+0x20c8dd]
V  [jvm.dll+0x20b6a6]
V  [jvm.dll+0x68b7ff]
V  [jvm.dll+0x59f4b0]
C  [msvcr120.dll+0x24f7f]
C  [msvcr120.dll+0x25126]
C  [KERNEL32.DLL+0x17bd4]
C  [ntdll.dll+0x6ced1]


---------------  P R O C E S S  ---------------

Threads class SMR info:
_java_thread_list=0x00000192ccb10960, length=15, elements={
0x00000192a9f82000, 0x00000192cbbc2800, 0x00000192cbbcb800, 0x00000192cc533800,
0x00000192cbbdb000, 0x00000192cbbdb800, 0x00000192cbbde800, 0x00000192cc53c000,
0x00000192cbbe8800, 0x00000192cbbe9800, 0x00000192cc6cf000, 0x00000192cc6d7000,
0x00000192ccb52000, 0x00000192ccb52800, 0x00000192ccb53800
}

Java Threads: ( => current thread )
  0x00000192a9f82000 JavaThread "main" [_thread_blocked, id=16868, stack(0x0000008ee6e00000,0x0000008ee6f00000)]
  0x00000192cbbc2800 JavaThread "Reference Handler" daemon [_thread_blocked, id=17156, stack(0x0000008ee8400000,0x0000008ee8500000)]
  0x00000192cbbcb800 JavaThread "Finalizer" daemon [_thread_blocked, id=1880, stack(0x0000008ee8500000,0x0000008ee8600000)]
  0x00000192cc533800 JavaThread "Signal Dispatcher" daemon [_thread_blocked, id=10984, stack(0x0000008ee8600000,0x0000008ee8700000)]
  0x00000192cbbdb000 JavaThread "Attach Listener" daemon [_thread_blocked, id=6496, stack(0x0000008ee8700000,0x0000008ee8800000)]
=>0x00000192cbbdb800 JavaThread "C2 CompilerThread0" daemon [_thread_in_native, id=17184, stack(0x0000008ee8800000,0x0000008ee8900000)]
  0x00000192cbbde800 JavaThread "C2 CompilerThread1" daemon [_thread_blocked, id=7844, stack(0x0000008ee8900000,0x0000008ee8a00000)]
  0x00000192cc53c000 JavaThread "C2 CompilerThread2" daemon [_thread_in_native, id=8424, stack(0x0000008ee8a00000,0x0000008ee8b00000)]
  0x00000192cbbe8800 JavaThread "C1 CompilerThread3" daemon [_thread_blocked, id=14272, stack(0x0000008ee8b00000,0x0000008ee8c00000)]
  0x00000192cbbe9800 JavaThread "Sweeper thread" daemon [_thread_blocked, id=3044, stack(0x0000008ee8c00000,0x0000008ee8d00000)]
  0x00000192cc6cf000 JavaThread "Service Thread" daemon [_thread_blocked, id=15152, stack(0x0000008ee8d00000,0x0000008ee8e00000)]
  0x00000192cc6d7000 JavaThread "Common-Cleaner" daemon [_thread_blocked, id=17792, stack(0x0000008ee8e00000,0x0000008ee8f00000)]
  0x00000192ccb52000 JavaThread "Java2D Disposer" daemon [_thread_blocked, id=16816, stack(0x0000008ee9000000,0x0000008ee9100000)]
  0x00000192ccb52800 JavaThread "AWT-Shutdown" [_thread_blocked, id=15564, stack(0x0000008ee9100000,0x0000008ee9200000)]
  0x00000192ccb53800 JavaThread "AWT-Windows" daemon [_thread_in_native, id=9592, stack(0x0000008ee9200000,0x0000008ee9300000)]

Other Threads:
  0x00000192cbbbd000 VMThread "VM Thread" [stack: 0x0000008ee8300000,0x0000008ee8400000] [id=8940]
  0x00000192cc6dd000 WatcherThread [stack: 0x0000008ee8f00000,0x0000008ee9000000] [id=18364]
  0x00000192a9f9e000 GCTaskThread "GC Thread#0" [stack: 0x0000008ee6f00000,0x0000008ee7000000] [id=7432]
  0x00000192a9f9f800 GCTaskThread "GC Thread#1" [stack: 0x0000008ee7000000,0x0000008ee7100000] [id=16092]
  0x00000192a9fa1000 GCTaskThread "GC Thread#2" [stack: 0x0000008ee7100000,0x0000008ee7200000] [id=15340]
  0x00000192a9fa4000 GCTaskThread "GC Thread#3" [stack: 0x0000008ee7200000,0x0000008ee7300000] [id=17708]
  0x00000192a9fa9000 GCTaskThread "GC Thread#4" [stack: 0x0000008ee7300000,0x0000008ee7400000] [id=15068]
  0x00000192a9fac000 GCTaskThread "GC Thread#5" [stack: 0x0000008ee7400000,0x0000008ee7500000] [id=10960]
  0x00000192a9faf800 GCTaskThread "GC Thread#6" [stack: 0x0000008ee7500000,0x0000008ee7600000] [id=16624]
  0x00000192a9fb0800 GCTaskThread "GC Thread#7" [stack: 0x0000008ee7600000,0x0000008ee7700000] [id=10332]
  0x00000192aa021800 ConcurrentGCThread "G1 Main Marker" [stack: 0x0000008ee7700000,0x0000008ee7800000] [id=16124]
  0x00000192aa022000 ConcurrentGCThread "G1 Conc#0" [stack: 0x0000008ee7800000,0x0000008ee7900000] [id=18092]
  0x00000192aa022800 ConcurrentGCThread "G1 Conc#1" [stack: 0x0000008ee7900000,0x0000008ee7a00000] [id=13184]
  0x00000192cba3e800 ConcurrentGCThread "G1 Refine#0" [stack: 0x0000008ee7a00000,0x0000008ee7b00000] [id=12188]
  0x00000192cba3f800 ConcurrentGCThread "G1 Refine#1" [stack: 0x0000008ee7b00000,0x0000008ee7c00000] [id=11220]
  0x00000192cba48000 ConcurrentGCThread "G1 Refine#2" [stack: 0x0000008ee7c00000,0x0000008ee7d00000] [id=3120]
  0x00000192cba48800 ConcurrentGCThread "G1 Refine#3" [stack: 0x0000008ee7d00000,0x0000008ee7e00000] [id=1756]
  0x00000192cba4b800 ConcurrentGCThread "G1 Refine#4" [stack: 0x0000008ee7e00000,0x0000008ee7f00000] [id=15856]
  0x00000192cba4e000 ConcurrentGCThread "G1 Refine#5" [stack: 0x0000008ee7f00000,0x0000008ee8000000] [id=16904]
  0x00000192cba4f000 ConcurrentGCThread "G1 Refine#6" [stack: 0x0000008ee8000000,0x0000008ee8100000] [id=152]
  0x00000192cba4f800 ConcurrentGCThread "G1 Refine#7" [stack: 0x0000008ee8100000,0x0000008ee8200000] [id=10020]
  0x00000192cba50800 ConcurrentGCThread "G1 Young RemSet Sampling" [stack: 0x0000008ee8200000,0x0000008ee8300000] [id=820]

Threads with active compile tasks:
C2 CompilerThread0 541       4       jdk.internal.org.objectweb.asm.Frame::execute (2264 bytes)
C2 CompilerThread2 593       4       jdk.internal.org.objectweb.asm.ClassWriter::newUTF8 (70 bytes)
C1 CompilerThread3 657       3       java.lang.invoke.LambdaFormEditor$Transform::inRange (36 bytes)

VM state:at safepoint (normal execution)

VM Mutex/Monitor currently owned by a thread:  ([mutex/lock_event])
[0x00000192a9f81060] Threads_lock - owner thread: 0x00000192cbbbd000
[0x00000192a9f80400] Heap_lock - owner thread: 0x00000192a9f82000

Heap address: 0x0000000081c00000, size: 2020 MB, Compressed Oops mode: 32-bit
Narrow klass base: 0x0000000000000000, Narrow klass shift: 3
Compressed class space size: 1073741824 Address: 0x0000000100000000

Heap:
 garbage-first heap   total 131072K, used 2408K [0x0000000081c00000, 0x0000000100000000)
  region size 1024K, 3 young (3072K), 3 survivors (3072K)
 Metaspace       used 10354K, capacity 10590K, committed 10752K, reserved 1067008K
  class space    used 1008K, capacity 1163K, committed 1280K, reserved 1048576K
Heap Regions: E=young(eden), S=young(survivor), O=old, HS=humongous(starts), HC=humongous(continues), CS=collection set, F=free, A=archive, TS=gc time stamp, AC=allocation context, TAMS=top-at-mark-start (previous, next)
|   0|0x0000000081c00000, 0x0000000081c00000, 0x0000000081d00000|  0%| F|  |TS  0|AC  0|TAMS 0x0000000081c00000, 0x0000000081c00000|
|   1|0x0000000081d00000, 0x0000000081d00000, 0x0000000081e00000|  0%| F|  |TS  0|AC  0|TAMS 0x0000000081d00000, 0x0000000081d00000|
|   2|0x0000000081e00000, 0x0000000081e00000, 0x0000000081f00000|  0%| F|  |TS  0|AC  0|TAMS 0x0000000081e00000, 0x0000000081e00000|
|   3|0x0000000081f00000, 0x0000000081f00000, 0x0000000082000000|  0%| F|  |TS  0|AC  0|TAMS 0x0000000081f00000, 0x0000000081f00000|
|   4|0x0000000082000000, 0x0000000082000000, 0x0000000082100000|  0%| F|  |TS  0|AC  0|TAMS 0x0000000082000000, 0x0000000082000000|
|   5|0x0000000082100000, 0x0000000082100000, 0x0000000082200000|  0%| F|  |TS  0|AC  0|TAMS 0x0000000082100000, 0x0000000082100000|
|   6|0x0000000082200000, 0x0000000082200000, 0x0000000082300000|  0%| F|  |TS  0|AC  0|TAMS 0x0000000082200000, 0x0000000082200000|
|   7|0x0000000082300000, 0x0000000082300000, 0x0000000082400000|  0%| F|  |TS  0|AC  0|TAMS 0x0000000082300000, 0x0000000082300000|
|   8|0x0000000082400000, 0x0000000082400000, 0x0000000082500000|  0%| F|  |TS  0|AC  0|TAMS 0x0000000082400000, 0x0000000082400000|
|   9|0x0000000082500000, 0x0000000082500000, 0x0000000082600000|  0%| F|  |TS  0|AC  0|TAMS 0x0000000082500000, 0x0000000082500000|
|  10|0x0000000082600000, 0x0000000082600000, 0x0000000082700000|  0%| F|  |TS  0|AC  0|TAMS 0x0000000082600000, 0x0000000082600000|
|  11|0x0000000082700000, 0x0000000082700000, 0x0000000082800000|  0%| F|  |TS  0|AC  0|TAMS 0x0000000082700000, 0x0000000082700000|
|  12|0x0000000082800000, 0x0000000082800000, 0x0000000082900000|  0%| F|  |TS  0|AC  0|TAMS 0x0000000082800000, 0x0000000082800000|
|  13|0x0000000082900000, 0x0000000082900000, 0x0000000082a00000|  0%| F|  |TS  0|AC  0|TAMS 0x0000000082900000, 0x0000000082900000|
|  14|0x0000000082a00000, 0x0000000082a00000, 0x0000000082b00000|  0%| F|  |TS  0|AC  0|TAMS 0x0000000082a00000, 0x0000000082a00000|
|  15|0x0000000082b00000, 0x0000000082b00000, 0x0000000082c00000|  0%| F|  |TS  0|AC  0|TAMS 0x0000000082b00000, 0x0000000082b00000|
|  16|0x0000000082c00000, 0x0000000082c00000, 0x0000000082d00000|  0%| F|  |TS  0|AC  0|TAMS 0x0000000082c00000, 0x0000000082c00000|
|  17|0x0000000082d00000, 0x0000000082d00000, 0x0000000082e00000|  0%| F|  |TS  0|AC  0|TAMS 0x0000000082d00000, 0x0000000082d00000|
|  18|0x0000000082e00000, 0x0000000082e00000, 0x0000000082f00000|  0%| F|  |TS  0|AC  0|TAMS 0x0000000082e00000, 0x0000000082e00000|
|  19|0x0000000082f00000, 0x0000000082f00000, 0x0000000083000000|  0%| F|  |TS  0|AC  0|TAMS 0x0000000082f00000, 0x0000000082f00000|
|  20|0x0000000083000000, 0x0000000083000000, 0x0000000083100000|  0%| F|  |TS  0|AC  0|TAMS 0x0000000083000000, 0x0000000083000000|
|  21|0x0000000083100000, 0x0000000083100000, 0x0000000083200000|  0%| F|  |TS  0|AC  0|TAMS 0x0000000083100000, 0x0000000083100000|
|  22|0x0000000083200000, 0x0000000083200000, 0x0000000083300000|  0%| F|  |TS  0|AC  0|TAMS 0x0000000083200000, 0x0000000083200000|
|  23|0x0000000083300000, 0x0000000083300000, 0x0000000083400000|  0%| F|  |TS  0|AC  0|TAMS 0x0000000083300000, 0x0000000083300000|
|  24|0x0000000083400000, 0x0000000083400000, 0x0000000083500000|  0%| F|  |TS  0|AC  0|TAMS 0x0000000083400000, 0x0000000083400000|
|  25|0x0000000083500000, 0x0000000083500000, 0x0000000083600000|  0%| F|  |TS  0|AC  0|TAMS 0x0000000083500000, 0x0000000083500000|
|  26|0x0000000083600000, 0x0000000083600000, 0x0000000083700000|  0%| F|  |TS  0|AC  0|TAMS 0x0000000083600000, 0x0000000083600000|
|  27|0x0000000083700000, 0x0000000083700000, 0x0000000083800000|  0%| F|  |TS  0|AC  0|TAMS 0x0000000083700000, 0x0000000083700000|
|  28|0x0000000083800000, 0x0000000083800000, 0x0000000083900000|  0%| F|  |TS  0|AC  0|TAMS 0x0000000083800000, 0x0000000083800000|
|  29|0x0000000083900000, 0x0000000083900000, 0x0000000083a00000|  0%| F|  |TS  0|AC  0|TAMS 0x0000000083900000, 0x0000000083900000|
|  30|0x0000000083a00000, 0x0000000083a00000, 0x0000000083b00000|  0%| F|  |TS  0|AC  0|TAMS 0x0000000083a00000, 0x0000000083a00000|
|  31|0x0000000083b00000, 0x0000000083b00000, 0x0000000083c00000|  0%| F|  |TS  0|AC  0|TAMS 0x0000000083b00000, 0x0000000083b00000|
|  32|0x0000000083c00000, 0x0000000083c00000, 0x0000000083d00000|  0%| F|  |TS  0|AC  0|TAMS 0x0000000083c00000, 0x0000000083c00000|
|  33|0x0000000083d00000, 0x0000000083d00000, 0x0000000083e00000|  0%| F|  |TS  0|AC  0|TAMS 0x0000000083d00000, 0x0000000083d00000|
|  34|0x0000000083e00000, 0x0000000083e00000, 0x0000000083f00000|  0%| F|  |TS  0|AC  0|TAMS 0x0000000083e00000, 0x0000000083e00000|
|  35|0x0000000083f00000, 0x0000000083f00000, 0x0000000084000000|  0%| F|  |TS  0|AC  0|TAMS 0x0000000083f00000, 0x0000000083f00000|
|  36|0x0000000084000000, 0x0000000084000000, 0x0000000084100000|  0%| F|  |TS  0|AC  0|TAMS 0x0000000084000000, 0x0000000084000000|
|  37|0x0000000084100000, 0x0000000084100000, 0x0000000084200000|  0%| F|  |TS  0|AC  0|TAMS 0x0000000084100000, 0x0000000084100000|
|  38|0x0000000084200000, 0x0000000084200000, 0x0000000084300000|  0%| F|  |TS  0|AC  0|TAMS 0x0000000084200000, 0x0000000084200000|
|  39|0x0000000084300000, 0x0000000084300000, 0x0000000084400000|  0%| F|  |TS  0|AC  0|TAMS 0x0000000084300000, 0x0000000084300000|
|  40|0x0000000084400000, 0x0000000084400000, 0x0000000084500000|  0%| F|  |TS  0|AC  0|TAMS 0x0000000084400000, 0x0000000084400000|
|  41|0x0000000084500000, 0x0000000084500000, 0x0000000084600000|  0%| F|  |TS  0|AC  0|TAMS 0x0000000084500000, 0x0000000084500000|
|  42|0x0000000084600000, 0x0000000084600000, 0x0000000084700000|  0%| F|  |TS  0|AC  0|TAMS 0x0000000084600000, 0x0000000084600000|
|  43|0x0000000084700000, 0x0000000084700000, 0x0000000084800000|  0%| F|  |TS  0|AC  0|TAMS 0x0000000084700000, 0x0000000084700000|
|  44|0x0000000084800000, 0x0000000084800000, 0x0000000084900000|  0%| F|  |TS  0|AC  0|TAMS 0x0000000084800000, 0x0000000084800000|
|  45|0x0000000084900000, 0x0000000084900000, 0x0000000084a00000|  0%| F|  |TS  0|AC  0|TAMS 0x0000000084900000, 0x0000000084900000|
|  46|0x0000000084a00000, 0x0000000084a00000, 0x0000000084b00000|  0%| F|  |TS  0|AC  0|TAMS 0x0000000084a00000, 0x0000000084a00000|
|  47|0x0000000084b00000, 0x0000000084b00000, 0x0000000084c00000|  0%| F|  |TS  0|AC  0|TAMS 0x0000000084b00000, 0x0000000084b00000|
|  48|0x0000000084c00000, 0x0000000084c00000, 0x0000000084d00000|  0%| F|  |TS  0|AC  0|TAMS 0x0000000084c00000, 0x0000000084c00000|
|  49|0x0000000084d00000, 0x0000000084d00000, 0x0000000084e00000|  0%| F|  |TS  0|AC  0|TAMS 0x0000000084d00000, 0x0000000084d00000|
|  50|0x0000000084e00000, 0x0000000084e00000, 0x0000000084f00000|  0%| F|  |TS  0|AC  0|TAMS 0x0000000084e00000, 0x0000000084e00000|
|  51|0x0000000084f00000, 0x0000000084f00000, 0x0000000085000000|  0%| F|  |TS  0|AC  0|TAMS 0x0000000084f00000, 0x0000000084f00000|
|  52|0x0000000085000000, 0x0000000085000000, 0x0000000085100000|  0%| F|  |TS  0|AC  0|TAMS 0x0000000085000000, 0x0000000085000000|
|  53|0x0000000085100000, 0x0000000085100000, 0x0000000085200000|  0%| F|  |TS  0|AC  0|TAMS 0x0000000085100000, 0x0000000085100000|
|  54|0x0000000085200000, 0x0000000085200000, 0x0000000085300000|  0%| F|  |TS  0|AC  0|TAMS 0x0000000085200000, 0x0000000085200000|
|  55|0x0000000085300000, 0x0000000085300000, 0x0000000085400000|  0%| F|  |TS  0|AC  0|TAMS 0x0000000085300000, 0x0000000085300000|
|  56|0x0000000085400000, 0x0000000085400000, 0x0000000085500000|  0%| F|  |TS  0|AC  0|TAMS 0x0000000085400000, 0x0000000085400000|
|  57|0x0000000085500000, 0x0000000085500000, 0x0000000085600000|  0%| F|  |TS  0|AC  0|TAMS 0x0000000085500000, 0x0000000085500000|
|  58|0x0000000085600000, 0x0000000085600000, 0x0000000085700000|  0%| F|  |TS  0|AC  0|TAMS 0x0000000085600000, 0x0000000085600000|
|  59|0x0000000085700000, 0x0000000085700000, 0x0000000085800000|  0%| F|  |TS  0|AC  0|TAMS 0x0000000085700000, 0x0000000085700000|
|  60|0x0000000085800000, 0x0000000085800000, 0x0000000085900000|  0%| F|  |TS  0|AC  0|TAMS 0x0000000085800000, 0x0000000085800000|
|  61|0x0000000085900000, 0x0000000085900000, 0x0000000085a00000|  0%| F|  |TS  0|AC  0|TAMS 0x0000000085900000, 0x0000000085900000|
|  62|0x0000000085a00000, 0x0000000085a00000, 0x0000000085b00000|  0%| F|  |TS  0|AC  0|TAMS 0x0000000085a00000, 0x0000000085a00000|
|  63|0x0000000085b00000, 0x0000000085b00000, 0x0000000085c00000|  0%| F|  |TS  0|AC  0|TAMS 0x0000000085b00000, 0x0000000085b00000|
|  64|0x0000000085c00000, 0x0000000085c00000, 0x0000000085d00000|  0%| F|  |TS  0|AC  0|TAMS 0x0000000085c00000, 0x0000000085c00000|
|  65|0x0000000085d00000, 0x0000000085d00000, 0x0000000085e00000|  0%| F|  |TS  0|AC  0|TAMS 0x0000000085d00000, 0x0000000085d00000|
|  66|0x0000000085e00000, 0x0000000085e00000, 0x0000000085f00000|  0%| F|  |TS  0|AC  0|TAMS 0x0000000085e00000, 0x0000000085e00000|
|  67|0x0000000085f00000, 0x0000000085f00000, 0x0000000086000000|  0%| F|  |TS  0|AC  0|TAMS 0x0000000085f00000, 0x0000000085f00000|
|  68|0x0000000086000000, 0x0000000086000000, 0x0000000086100000|  0%| F|  |TS  0|AC  0|TAMS 0x0000000086000000, 0x0000000086000000|
|  69|0x0000000086100000, 0x0000000086100000, 0x0000000086200000|  0%| F|  |TS  0|AC  0|TAMS 0x0000000086100000, 0x0000000086100000|
|  70|0x0000000086200000, 0x0000000086200000, 0x0000000086300000|  0%| F|  |TS  0|AC  0|TAMS 0x0000000086200000, 0x0000000086200000|
|  71|0x0000000086300000, 0x0000000086300000, 0x0000000086400000|  0%| F|  |TS  0|AC  0|TAMS 0x0000000086300000, 0x0000000086300000|
|  72|0x0000000086400000, 0x0000000086400000, 0x0000000086500000|  0%| F|  |TS  0|AC  0|TAMS 0x0000000086400000, 0x0000000086400000|
|  73|0x0000000086500000, 0x0000000086500000, 0x0000000086600000|  0%| F|  |TS  0|AC  0|TAMS 0x0000000086500000, 0x0000000086500000|
|  74|0x0000000086600000, 0x0000000086600000, 0x0000000086700000|  0%| F|  |TS  0|AC  0|TAMS 0x0000000086600000, 0x0000000086600000|
|  75|0x0000000086700000, 0x0000000086700000, 0x0000000086800000|  0%| F|  |TS  0|AC  0|TAMS 0x0000000086700000, 0x0000000086700000|
|  76|0x0000000086800000, 0x0000000086800000, 0x0000000086900000|  0%| F|  |TS  0|AC  0|TAMS 0x0000000086800000, 0x0000000086800000|
|  77|0x0000000086900000, 0x0000000086900000, 0x0000000086a00000|  0%| F|  |TS  0|AC  0|TAMS 0x0000000086900000, 0x0000000086900000|
|  78|0x0000000086a00000, 0x0000000086a00000, 0x0000000086b00000|  0%| F|  |TS  0|AC  0|TAMS 0x0000000086a00000, 0x0000000086a00000|
|  79|0x0000000086b00000, 0x0000000086b00000, 0x0000000086c00000|  0%| F|  |TS  0|AC  0|TAMS 0x0000000086b00000, 0x0000000086b00000|
|  80|0x0000000086c00000, 0x0000000086c00000, 0x0000000086d00000|  0%| F|  |TS  0|AC  0|TAMS 0x0000000086c00000, 0x0000000086c00000|
|  81|0x0000000086d00000, 0x0000000086d00000, 0x0000000086e00000|  0%| F|  |TS  0|AC  0|TAMS 0x0000000086d00000, 0x0000000086d00000|
|  82|0x0000000086e00000, 0x0000000086e00000, 0x0000000086f00000|  0%| F|  |TS  0|AC  0|TAMS 0x0000000086e00000, 0x0000000086e00000|
|  83|0x0000000086f00000, 0x0000000086f00000, 0x0000000087000000|  0%| F|  |TS  0|AC  0|TAMS 0x0000000086f00000, 0x0000000086f00000|
|  84|0x0000000087000000, 0x0000000087000000, 0x0000000087100000|  0%| F|  |TS  0|AC  0|TAMS 0x0000000087000000, 0x0000000087000000|
|  85|0x0000000087100000, 0x0000000087100000, 0x0000000087200000|  0%| F|  |TS  0|AC  0|TAMS 0x0000000087100000, 0x0000000087100000|
|  86|0x0000000087200000, 0x0000000087200000, 0x0000000087300000|  0%| F|  |TS  0|AC  0|TAMS 0x0000000087200000, 0x0000000087200000|
|  87|0x0000000087300000, 0x0000000087300000, 0x0000000087400000|  0%| F|  |TS  0|AC  0|TAMS 0x0000000087300000, 0x0000000087300000|
|  88|0x0000000087400000, 0x0000000087400000, 0x0000000087500000|  0%| F|  |TS  0|AC  0|TAMS 0x0000000087400000, 0x0000000087400000|
|  89|0x0000000087500000, 0x0000000087500000, 0x0000000087600000|  0%| F|  |TS  0|AC  0|TAMS 0x0000000087500000, 0x0000000087500000|
|  90|0x0000000087600000, 0x0000000087600000, 0x0000000087700000|  0%| F|  |TS  0|AC  0|TAMS 0x0000000087600000, 0x0000000087600000|
|  91|0x0000000087700000, 0x0000000087700000, 0x0000000087800000|  0%| F|  |TS  0|AC  0|TAMS 0x0000000087700000, 0x0000000087700000|
|  92|0x0000000087800000, 0x0000000087800000, 0x0000000087900000|  0%| F|  |TS  0|AC  0|TAMS 0x0000000087800000, 0x0000000087800000|
|  93|0x0000000087900000, 0x0000000087900000, 0x0000000087a00000|  0%| F|  |TS  0|AC  0|TAMS 0x0000000087900000, 0x0000000087900000|
|  94|0x0000000087a00000, 0x0000000087a00000, 0x0000000087b00000|  0%| F|  |TS  0|AC  0|TAMS 0x0000000087a00000, 0x0000000087a00000|
|  95|0x0000000087b00000, 0x0000000087b00000, 0x0000000087c00000|  0%| F|  |TS  0|AC  0|TAMS 0x0000000087b00000, 0x0000000087b00000|
|  96|0x0000000087c00000, 0x0000000087c00000, 0x0000000087d00000|  0%| F|  |TS  0|AC  0|TAMS 0x0000000087c00000, 0x0000000087c00000|
|  97|0x0000000087d00000, 0x0000000087d00000, 0x0000000087e00000|  0%| F|  |TS  0|AC  0|TAMS 0x0000000087d00000, 0x0000000087d00000|
|  98|0x0000000087e00000, 0x0000000087e00000, 0x0000000087f00000|  0%| F|  |TS  0|AC  0|TAMS 0x0000000087e00000, 0x0000000087e00000|
|  99|0x0000000087f00000, 0x0000000087f00000, 0x0000000088000000|  0%| F|  |TS  0|AC  0|TAMS 0x0000000087f00000, 0x0000000087f00000|
| 100|0x0000000088000000, 0x0000000088000000, 0x0000000088100000|  0%| F|  |TS  0|AC  0|TAMS 0x0000000088000000, 0x0000000088000000|
| 101|0x0000000088100000, 0x0000000088100000, 0x0000000088200000|  0%| F|  |TS  0|AC  0|TAMS 0x0000000088100000, 0x0000000088100000|
| 102|0x0000000088200000, 0x0000000088200000, 0x0000000088300000|  0%| F|  |TS  0|AC  0|TAMS 0x0000000088200000, 0x0000000088200000|
| 103|0x0000000088300000, 0x0000000088300000, 0x0000000088400000|  0%| F|  |TS  0|AC  0|TAMS 0x0000000088300000, 0x0000000088300000|
| 104|0x0000000088400000, 0x0000000088400000, 0x0000000088500000|  0%| F|  |TS  0|AC  0|TAMS 0x0000000088400000, 0x0000000088400000|
| 105|0x0000000088500000, 0x0000000088500000, 0x0000000088600000|  0%| F|  |TS  0|AC  0|TAMS 0x0000000088500000, 0x0000000088500000|
| 106|0x0000000088600000, 0x0000000088600000, 0x0000000088700000|  0%| F|  |TS  0|AC  0|TAMS 0x0000000088600000, 0x0000000088600000|
| 107|0x0000000088700000, 0x0000000088700000, 0x0000000088800000|  0%| F|  |TS  0|AC  0|TAMS 0x0000000088700000, 0x0000000088700000|
| 108|0x0000000088800000, 0x0000000088800000, 0x0000000088900000|  0%| F|  |TS  0|AC  0|TAMS 0x0000000088800000, 0x0000000088800000|
| 109|0x0000000088900000, 0x0000000088900000, 0x0000000088a00000|  0%| F|  |TS  0|AC  0|TAMS 0x0000000088900000, 0x0000000088900000|
| 110|0x0000000088a00000, 0x0000000088a00000, 0x0000000088b00000|  0%| F|  |TS  0|AC  0|TAMS 0x0000000088a00000, 0x0000000088a00000|
| 111|0x0000000088b00000, 0x0000000088b00000, 0x0000000088c00000|  0%| F|  |TS  0|AC  0|TAMS 0x0000000088b00000, 0x0000000088b00000|
| 112|0x0000000088c00000, 0x0000000088c00000, 0x0000000088d00000|  0%| F|  |TS  0|AC  0|TAMS 0x0000000088c00000, 0x0000000088c00000|
| 113|0x0000000088d00000, 0x0000000088d00000, 0x0000000088e00000|  0%| F|  |TS  0|AC  0|TAMS 0x0000000088d00000, 0x0000000088d00000|
| 114|0x0000000088e00000, 0x0000000088e00000, 0x0000000088f00000|  0%| F|  |TS  0|AC  0|TAMS 0x0000000088e00000, 0x0000000088e00000|
| 115|0x0000000088f00000, 0x0000000088f00000, 0x0000000089000000|  0%| F|  |TS  0|AC  0|TAMS 0x0000000088f00000, 0x0000000088f00000|
| 116|0x0000000089000000, 0x0000000089000000, 0x0000000089100000|  0%| F|  |TS  0|AC  0|TAMS 0x0000000089000000, 0x0000000089000000|
| 117|0x0000000089100000, 0x000000008915a200, 0x0000000089200000| 35%| S|CS|TS  1|AC  0|TAMS 0x0000000089100000, 0x0000000089100000|
| 118|0x0000000089200000, 0x0000000089300000, 0x0000000089300000|100%| S|CS|TS  1|AC  0|TAMS 0x0000000089200000, 0x0000000089200000|
| 119|0x0000000089300000, 0x0000000089400000, 0x0000000089400000|100%| S|CS|TS  1|AC  0|TAMS 0x0000000089300000, 0x0000000089300000|
| 120|0x0000000089400000, 0x0000000089400000, 0x0000000089500000|  0%| F|  |TS  1|AC  0|TAMS 0x0000000089400000, 0x0000000089400000|
| 121|0x0000000089500000, 0x0000000089500000, 0x0000000089600000|  0%| F|  |TS  1|AC  0|TAMS 0x0000000089500000, 0x0000000089500000|
| 122|0x0000000089600000, 0x0000000089600000, 0x0000000089700000|  0%| F|  |TS  1|AC  0|TAMS 0x0000000089600000, 0x0000000089600000|
| 123|0x0000000089700000, 0x0000000089700000, 0x0000000089800000|  0%| F|  |TS  1|AC  0|TAMS 0x0000000089700000, 0x0000000089700000|
| 124|0x0000000089800000, 0x0000000089800000, 0x0000000089900000|  0%| F|  |TS  1|AC  0|TAMS 0x0000000089800000, 0x0000000089800000|
| 125|0x0000000089900000, 0x0000000089900000, 0x0000000089a00000|  0%| F|  |TS  1|AC  0|TAMS 0x0000000089900000, 0x0000000089900000|
| 126|0x0000000089a00000, 0x0000000089a00000, 0x0000000089b00000|  0%| F|  |TS  1|AC  0|TAMS 0x0000000089a00000, 0x0000000089a00000|
| 127|0x0000000089b00000, 0x0000000089b00000, 0x0000000089c00000|  0%| F|  |TS  1|AC  0|TAMS 0x0000000089b00000, 0x0000000089b00000|

Card table byte_map: [0x00000192c4a50000,0x00000192c4e50000] byte_map_base: 0x00000192c4642000

Marking Bits (Prev, Next): (CMBitMap*) 0x00000192aa01f8f0, (CMBitMap*) 0x00000192aa01f928
 Prev Bits: [0x00000192c5250000, 0x00000192c71e0000)
 Next Bits: [0x00000192c71e0000, 0x00000192c9170000)

Polling page: 0x00000192a7e30000

CodeHeap 'non-profiled nmethods': size=120000Kb used=203Kb max_used=203Kb free=119796Kb
 bounds [0x00000192bcde0000, 0x00000192bd050000, 0x00000192c4310000]
CodeHeap 'profiled nmethods': size=120000Kb used=991Kb max_used=991Kb free=119008Kb
 bounds [0x00000192b58b0000, 0x00000192b5b20000, 0x00000192bcde0000]
CodeHeap 'non-nmethods': size=5760Kb used=1117Kb max_used=1130Kb free=4642Kb
 bounds [0x00000192b5310000, 0x00000192b5580000, 0x00000192b58b0000]
 total_blobs=1230 nmethods=654 adapters=353
 compilation: enabled

Compilation events (10 events):
Event: 0.485 Thread 0x00000192cbbe8800 nmethod 598 0x00000192b5985610 code [0x00000192b59857c0, 0x00000192b5985978]
Event: 0.486 Thread 0x00000192cbbe8800  599       3       java.lang.invoke.MethodHandles$Lookup::checkSymbolicClass (42 bytes)
Event: 0.487 Thread 0x00000192cbbe8800 nmethod 599 0x00000192b5985a10 code [0x00000192b5985cc0, 0x00000192b5986690]
Event: 0.487 Thread 0x00000192cbbe8800  600       3       java.lang.reflect.Modifier::isProtected (12 bytes)
Event: 0.487 Thread 0x00000192cbbe8800 nmethod 600 0x00000192b5986a90 code [0x00000192b5986c40, 0x00000192b5986dd8]
Event: 0.487 Thread 0x00000192cbbe8800  601       1       java.lang.invoke.MethodHandles$Lookup::lookupClass (5 bytes)
Event: 0.487 Thread 0x00000192cbbe8800 nmethod 601 0x00000192bce0f010 code [0x00000192bce0f1c0, 0x00000192bce0f2d8]
Event: 0.488 Thread 0x00000192cbbe8800  603       3       jdk.internal.org.objectweb.asm.MethodWriter::<init> (247 bytes)
Event: 0.488 Thread 0x00000192cbbde800 nmethod 594 0x00000192bce0f390 code [0x00000192bce0f520, 0x00000192bce0f758]
Event: 0.488 Thread 0x00000192cbbde800  595       4       java.lang.Class::getName (21 bytes)

GC Heap History (0 events):
No events

Deoptimization events (2 events):
Event: 0.167 Thread 0x00000192a9f82000 Uncommon trap: reason=unstable_if action=reinterpret pc=0x00000192bcde70f0 method=java.lang.String.hashCode()I @ 14 c2
Event: 0.174 Thread 0x00000192a9f82000 Uncommon trap: reason=unstable_if action=reinterpret pc=0x00000192bcde33f8 method=java.lang.String.isLatin1()Z @ 10 c2

Classes redefined (0 events):
No events

Internal exceptions (10 events):
Event: 0.363 Thread 0x00000192a9f82000 Exception <a 'java/lang/NoSuchMethodError'{0x0000000089716d88}: java.lang.invoke.DelegatingMethodHandle$Holder.reinvoke_L(Ljava/lang/Object;IILjava/lang/Object;Ljava/lang/Object;Ljava/lang/Object;)Ljava/lang/Object;> (0x0000000089716d88) thrown at [t:/wor
Event: 0.363 Thread 0x00000192a9f82000 Exception <a 'java/lang/NoSuchMethodError'{0x000000008971b0f0}: java.lang.invoke.DirectMethodHandle$Holder.invokeStatic(Ljava/lang/Object;Ljava/lang/Object;Ljava/lang/Object;Ljava/lang/Object;I)Ljava/lang/Object;> (0x000000008971b0f0) thrown at [t:/worksp
Event: 0.366 Thread 0x00000192a9f82000 Exception <a 'java/lang/NoSuchMethodError'{0x0000000089732558}: method resolution failed> (0x0000000089732558) thrown at [t:/workspace/open/src/hotspot/share/prims/methodHandles.cpp, line 1226]
Event: 0.369 Thread 0x00000192a9f82000 Exception <a 'java/lang/NoSuchMethodError'{0x0000000089748c30}: method resolution failed> (0x0000000089748c30) thrown at [t:/workspace/open/src/hotspot/share/prims/methodHandles.cpp, line 1226]
Event: 0.371 Thread 0x00000192a9f82000 Exception <a 'java/lang/NoSuchMethodError'{0x00000000897609d0}: method resolution failed> (0x00000000897609d0) thrown at [t:/workspace/open/src/hotspot/share/prims/methodHandles.cpp, line 1226]
Event: 0.373 Thread 0x00000192a9f82000 Exception <a 'java/lang/NoSuchMethodError'{0x000000008977a120}: method resolution failed> (0x000000008977a120) thrown at [t:/workspace/open/src/hotspot/share/prims/methodHandles.cpp, line 1226]
Event: 0.374 Thread 0x00000192a9f82000 Exception <a 'java/io/FileNotFoundException'{0x0000000089783c80}> (0x0000000089783c80) thrown at [t:/workspace/open/src/hotspot/share/prims/jni.cpp, line 611]
Event: 0.435 Thread 0x00000192ccb53800 Exception <a 'java/lang/NoSuchMethodError'{0x0000000089680a30}: java.lang.invoke.DirectMethodHandle$Holder.invokeSpecial(Ljava/lang/Object;Ljava/lang/Object;)V> (0x0000000089680a30) thrown at [t:/workspace/open/src/hotspot/share/interpreter/linkResolver.c
Event: 0.439 Thread 0x00000192a9f82000 Exception <a 'java/lang/NoSuchMethodError'{0x0000000089640c18}: java.lang.invoke.DirectMethodHandle$Holder.invokeStatic(Ljava/lang/Object;Ljava/lang/Object;Ljava/lang/Object;Ljava/lang/Object;Ljava/lang/Object;Ljava/lang/Object;Ljava/lang/Object;Ljava/lan
Event: 0.441 Thread 0x00000192a9f82000 Exception <a 'java/lang/NoSuchMethodError'{0x000000008965c4a0}: java.lang.invoke.DirectMethodHandle$Holder.invokeStatic(Ljava/lang/Object;Ljava/lang/Object;Ljava/lang/Object;Ljava/lang/Object;Ljava/lang/Object;Ljava/lang/Object;Ljava/lang/Object;Ljava/lan

Events (10 events):
Event: 0.485 loading class javax/swing/plaf/InsetsUIResource
Event: 0.485 loading class javax/swing/plaf/InsetsUIResource done
Event: 0.487 loading class javax/swing/plaf/BorderUIResource$EmptyBorderUIResource
Event: 0.487 loading class javax/swing/border/EmptyBorder
Event: 0.487 loading class javax/swing/border/AbstractBorder
Event: 0.487 loading class javax/swing/border/Border
Event: 0.487 loading class javax/swing/border/Border done
Event: 0.487 loading class javax/swing/border/AbstractBorder done
Event: 0.487 loading class javax/swing/border/EmptyBorder done
Event: 0.487 loading class javax/swing/plaf/BorderUIResource$EmptyBorderUIResource done


Dynamic libraries:
0x00007ff64bc20000 - 0x00007ff64bc5e000 	C:\Program Files\Java\jdk-10.0.2\bin\java.exe
0x00007ffd70e20000 - 0x00007ffd71010000 	C:\WINDOWS\SYSTEM32\ntdll.dll
0x00007ffd52060000 - 0x00007ffd52074000 	C:\Program Files\AVAST Software\Avast\aswhook.dll
0x00007ffd6f8a0000 - 0x00007ffd6f952000 	C:\WINDOWS\System32\KERNEL32.DLL
0x00007ffd6eab0000 - 0x00007ffd6ed53000 	C:\WINDOWS\System32\KERNELBASE.dll
0x00007ffd6f6f0000 - 0x00007ffd6f793000 	C:\WINDOWS\System32\ADVAPI32.dll
0x00007ffd6f200000 - 0x00007ffd6f29e000 	C:\WINDOWS\System32\msvcrt.dll
0x00007ffd6f800000 - 0x00007ffd6f897000 	C:\WINDOWS\System32\sechost.dll
0x00007ffd706f0000 - 0x00007ffd70810000 	C:\WINDOWS\System32\RPCRT4.dll
0x00007ffd6f2a0000 - 0x00007ffd6f434000 	C:\WINDOWS\System32\USER32.dll
0x00007ffd6df30000 - 0x00007ffd6df51000 	C:\WINDOWS\System32\win32u.dll
0x00007ffd70590000 - 0x00007ffd705b6000 	C:\WINDOWS\System32\GDI32.dll
0x00007ffd6df60000 - 0x00007ffd6e0f4000 	C:\WINDOWS\System32\gdi32full.dll
0x00007ffd6de90000 - 0x00007ffd6df2e000 	C:\WINDOWS\System32\msvcp_win.dll
0x00007ffd6e100000 - 0x00007ffd6e1fa000 	C:\WINDOWS\System32\ucrtbase.dll
0x00007ffd6d110000 - 0x00007ffd6d395000 	C:\WINDOWS\WinSxS\amd64_microsoft.windows.common-controls_6595b64144ccf1df_6.0.18362.535_none_e6c3b34713100821\COMCTL32.dll
0x00007ffd70820000 - 0x00007ffd70b56000 	C:\WINDOWS\System32\combase.dll
0x00007ffd6e200000 - 0x00007ffd6e280000 	C:\WINDOWS\System32\bcryptPrimitives.dll
0x00007ffd65280000 - 0x00007ffd6528a000 	C:\WINDOWS\SYSTEM32\VERSION.dll
0x00007ffd70bd0000 - 0x00007ffd70bfe000 	C:\WINDOWS\System32\IMM32.DLL
0x00007ffd42590000 - 0x00007ffd4267f000 	C:\Program Files\Java\jdk-10.0.2\bin\msvcr120.dll
0x00007ffd47740000 - 0x00007ffd477e6000 	C:\Program Files\Java\jdk-10.0.2\bin\msvcp120.dll
0x0000000074cd0000 - 0x0000000075740000 	C:\Program Files\Java\jdk-10.0.2\bin\server\jvm.dll
0x00007ffd70bc0000 - 0x00007ffd70bc8000 	C:\WINDOWS\System32\PSAPI.DLL
0x00007ffd606a0000 - 0x00007ffd606a9000 	C:\WINDOWS\SYSTEM32\WSOCK32.dll
0x00007ffd6f670000 - 0x00007ffd6f6df000 	C:\WINDOWS\System32\WS2_32.dll
0x00007ffd69480000 - 0x00007ffd694a4000 	C:\WINDOWS\SYSTEM32\WINMM.dll
0x00007ffd69450000 - 0x00007ffd6947d000 	C:\WINDOWS\SYSTEM32\WINMMBASE.dll
0x00007ffd6de40000 - 0x00007ffd6de8a000 	C:\WINDOWS\System32\cfgmgr32.dll
0x00007ffd6d620000 - 0x00007ffd6d62f000 	C:\Program Files\Java\jdk-10.0.2\bin\verify.dll
0x00007ffd6d810000 - 0x00007ffd6da04000 	C:\WINDOWS\SYSTEM32\DBGHELP.DLL
0x00007ffd6d490000 - 0x00007ffd6d4ba000 	C:\WINDOWS\SYSTEM32\dbgcore.DLL
0x00007ffd67dd0000 - 0x00007ffd67df7000 	C:\Program Files\Java\jdk-10.0.2\bin\java.dll
0x00007ffd6b500000 - 0x00007ffd6b516000 	C:\Program Files\Java\jdk-10.0.2\bin\zip.dll
0x00007ffd6b900000 - 0x00007ffd6b90a000 	C:\Program Files\Java\jdk-10.0.2\bin\jimage.dll
0x00007ffd6f960000 - 0x00007ffd70045000 	C:\WINDOWS\System32\SHELL32.dll
0x00007ffd6ef40000 - 0x00007ffd6efe9000 	C:\WINDOWS\System32\shcore.dll
0x00007ffd6e330000 - 0x00007ffd6eaaf000 	C:\WINDOWS\System32\windows.storage.dll
0x00007ffd6dd70000 - 0x00007ffd6dd8f000 	C:\WINDOWS\System32\profapi.dll
0x00007ffd6dd00000 - 0x00007ffd6dd4a000 	C:\WINDOWS\System32\powrprof.dll
0x00007ffd6dcf0000 - 0x00007ffd6dd00000 	C:\WINDOWS\System32\UMPDC.dll
0x00007ffd70b60000 - 0x00007ffd70bb2000 	C:\WINDOWS\System32\shlwapi.dll
0x00007ffd6dd50000 - 0x00007ffd6dd61000 	C:\WINDOWS\System32\kernel.appcore.dll
0x00007ffd6ed60000 - 0x00007ffd6ed77000 	C:\WINDOWS\System32\cryptsp.dll
0x00007ffd69240000 - 0x00007ffd6925a000 	C:\Program Files\Java\jdk-10.0.2\bin\net.dll
0x00007ffd62bc0000 - 0x00007ffd62cb0000 	C:\WINDOWS\SYSTEM32\WINHTTP.dll
0x00007ffd6cf00000 - 0x00007ffd6cf67000 	C:\WINDOWS\system32\mswsock.dll
0x00007ffd67db0000 - 0x00007ffd67dc1000 	C:\Program Files\Java\jdk-10.0.2\bin\nio.dll
0x00007ffd423f0000 - 0x00007ffd4258b000 	C:\Program Files\Java\jdk-10.0.2\bin\awt.dll
0x00007ffd704c0000 - 0x00007ffd70584000 	C:\WINDOWS\System32\OLEAUT32.dll
0x00007ffd69960000 - 0x00007ffd69f20000 	C:\WINDOWS\SYSTEM32\d2d1.dll
0x00007ffd6aaf0000 - 0x00007ffd6ab7f000 	C:\WINDOWS\SYSTEM32\apphelp.dll
0x00007ffd6bc80000 - 0x00007ffd6bcad000 	C:\WINDOWS\system32\DWMAPI.DLL
0x00007ffd6abd0000 - 0x00007ffd6ac69000 	C:\WINDOWS\system32\uxtheme.dll
0x00007ffd4e760000 - 0x00007ffd4e8b6000 	C:\WINDOWS\system32\opengl32.dll
0x00007ffd62320000 - 0x00007ffd6234c000 	C:\WINDOWS\SYSTEM32\GLU32.dll
0x00007ffd6c2f0000 - 0x00007ffd6c310000 	C:\WINDOWS\SYSTEM32\dxcore.dll
0x00007ffd6f0c0000 - 0x00007ffd6f1f5000 	C:\WINDOWS\System32\MSCTF.dll
0x00007ffd70c20000 - 0x00007ffd70d76000 	C:\WINDOWS\System32\ole32.dll

dbghelp: loaded successfully - version: 4.0.5 - missing functions: none
symbol engine: initialized successfully - sym options: 0x614 - pdb path: .;C:\Program Files\Java\jdk-10.0.2\bin;C:\WINDOWS\SYSTEM32;C:\Program Files\AVAST Software\Avast;C:\WINDOWS\WinSxS\amd64_microsoft.windows.common-controls_6595b64144ccf1df_6.0.18362.535_none_e6c3b34713100821;C:\Program Files\Java\jdk-10.0.2\bin\server

VM Arguments:
java_command: Mf
java_class_path (initial): hibernatejar\antlr-2.7.6.jar;hibernatejar\asm-attrs.jar;hibernatejar\asm.jar;hibernatejar\c3p0-0.9.1.jar;hibernatejar\cglib-2.1.3.jar;hibernatejar\commons-collections-2.1.1.jar;hibernatejar\commons-logging-1.0.4.jar;hibernatejar\dom4j-1.6.1.jar;hibernatejar\ehcache-1.2.3.jar;hibernatejar\ejb3-persistence.jar;hibernatejar\hibernate-annotations.jar;hibernatejar\hibernate-commons-annotations.jar;hibernatejar\hibernate-validator.jar;hibernatejar\hibernate3.jar;hibernatejar\jdbc2_0-stdext.jar;hibernatejar\jta.jar;hibernatejar\log4j-1.2.11.jar;hibernatejar\ojdbc14.jar;hibernatejar\xerces-2.6.2.jar;.
Launcher Type: SUN_STANDARD

Logging:
Log output configuration:
#0: stdout all=warning uptime,level,tags
#1: stderr all=off uptime,level,tags

Environment Variables:
PATH=C:\Program Files\Java\jdk-10.0.2\bin
USERNAME=SHRUSHTI
OS=Windows_NT
PROCESSOR_IDENTIFIER=Intel64 Family 6 Model 142 Stepping 10, GenuineIntel



---------------  S Y S T E M  ---------------

OS: Windows 10 , 64 bit Build 18362 (10.0.18362.329)

CPU:total 8 (initial active 8) (4 cores per cpu, 2 threads per core) family 6 model 142 stepping 10, cmov, cx8, fxsr, mmx, sse, sse2, sse3, ssse3, sse4.1, sse4.2, popcnt, avx, avx2, aes, clmul, erms, 3dnowpref, lzcnt, ht, tsc, tscinvbit, bmi1, bmi2, adx, fma

Memory: 4k page, physical 8272100k(326004k free), swap 33437924k(3976k free)

vm_info: Java HotSpot(TM) 64-Bit Server VM (10.0.2+13) for windows-amd64 JRE (10.0.2+13), built on Jun 28 2018 01:57:56 by "mach5one" with MS VC++ 12.0 (VS2013)

END.
