#
# There is insufficient memory for the Java Runtime Environment to continue.
# Native memory allocation (malloc) failed to allocate 3041776 bytes for Chunk::new
# Possible reasons:
#   The system is out of physical RAM or swap space
#   The process is running with CompressedOops enabled, and the Java Heap may be blocking the growth of the native heap
# Possible solutions:
#   Reduce memory load on the system
#   Increase physical memory or swap space
#   Check if swap backing store is full
#   Decrease Java heap size (-Xmx/-Xms)
#   Decrease number of Java threads
#   Decrease Java thread stack sizes (-Xss)
#   Set larger code cache with -XX:ReservedCodeCacheSize=
#   JVM is running with Unscaled Compressed Oops mode in which the Java heap is
#     placed in the first 4GB address space. The Java Heap base address is the
#     maximum limit for the native heap growth. Please use -XX:HeapBaseMinAddress
#     to set the Java Heap base and to place the Java Heap above 4GB virtual address.
# This output file may be truncated or incomplete.
#
#  Out of Memory Error (t:/workspace/open/src/hotspot/share/memory/arena.cpp:198), pid=8240, tid=13080
#
# JRE version: Java(TM) SE Runtime Environment (10.0.2+13) (build 10.0.2+13)
# Java VM: Java HotSpot(TM) 64-Bit Server VM (10.0.2+13, mixed mode, tiered, compressed oops, g1 gc, windows-amd64)
# No core dump will be written. Minidumps are not enabled by default on client versions of Windows
#

---------------  S U M M A R Y ------------

Command Line: Mf

Host: Intel(R) Core(TM) i7-8550U CPU @ 1.80GHz, 8 cores, 7G,  Windows 10 , 64 bit Build 18362 (10.0.18362.329)
Time: Sun Jan 12 16:51:55 2020 India Standard Time elapsed time: 684 seconds (0d 0h 11m 24s)

---------------  T H R E A D  ---------------

Current thread (0x0000023365a2d800):  JavaThread "C2 CompilerThread2" daemon [_thread_in_native, id=13080, stack(0x000000c431100000,0x000000c431200000)]


Current CompileTask:
C2: 684366 4074       4       org.apache.xerces.impl.dtd.models.DFAContentModel::calcFollowList (224 bytes)

Stack: [0x000000c431100000,0x000000c431200000]
Native frames: (J=compiled Java code, j=interpreted, Vv=VM code, C=native code)
V  [jvm.dll+0x5a01a9]
V  [jvm.dll+0x6bcf31]
V  [jvm.dll+0x6be126]
V  [jvm.dll+0x6be7b3]
V  [jvm.dll+0x234978]
V  [jvm.dll+0xbb69c]
V  [jvm.dll+0xbbbac]
V  [jvm.dll+0x34be98]
V  [jvm.dll+0x3110aa]
V  [jvm.dll+0x31063a]
V  [jvm.dll+0x1ffe91]
V  [jvm.dll+0x1ff116]
V  [jvm.dll+0x17c94b]
V  [jvm.dll+0x20c8dd]
V  [jvm.dll+0x20b6a6]
V  [jvm.dll+0x68b7ff]
V  [jvm.dll+0x59f4b0]
C  [msvcr120.dll+0x24f7f]
C  [msvcr120.dll+0x25126]
C  [KERNEL32.DLL+0x17bd4]
C  [ntdll.dll+0x6ced1]


---------------  P R O C E S S  ---------------

Threads class SMR info:
_java_thread_list=0x0000023367429070, length=18, elements={
0x00000233650a8800, 0x00000233650b1800, 0x00000233650c0000, 0x0000023365a23800,
0x0000023365a28000, 0x0000023365a2b000, 0x0000023365a2d800, 0x0000023365a31800,
0x0000023365a43000, 0x0000023365be9800, 0x0000023365bed800, 0x0000023366088800,
0x000002336608c000, 0x000002336607f000, 0x0000023367472800, 0x00000233414e2000,
0x00000233664c6000, 0x0000023367813000
}

Java Threads: ( => current thread )
  0x00000233650a8800 JavaThread "Reference Handler" daemon [_thread_blocked, id=2660, stack(0x000000c430b00000,0x000000c430c00000)]
  0x00000233650b1800 JavaThread "Finalizer" daemon [_thread_blocked, id=9008, stack(0x000000c430c00000,0x000000c430d00000)]
  0x00000233650c0000 JavaThread "Signal Dispatcher" daemon [_thread_blocked, id=3704, stack(0x000000c430d00000,0x000000c430e00000)]
  0x0000023365a23800 JavaThread "Attach Listener" daemon [_thread_blocked, id=8288, stack(0x000000c430e00000,0x000000c430f00000)]
  0x0000023365a28000 JavaThread "C2 CompilerThread0" daemon [_thread_blocked, id=8424, stack(0x000000c430f00000,0x000000c431000000)]
  0x0000023365a2b000 JavaThread "C2 CompilerThread1" daemon [_thread_blocked, id=252, stack(0x000000c431000000,0x000000c431100000)]
=>0x0000023365a2d800 JavaThread "C2 CompilerThread2" daemon [_thread_in_native, id=13080, stack(0x000000c431100000,0x000000c431200000)]
  0x0000023365a31800 JavaThread "C1 CompilerThread3" daemon [_thread_blocked, id=15640, stack(0x000000c431200000,0x000000c431300000)]
  0x0000023365a43000 JavaThread "Sweeper thread" daemon [_thread_blocked, id=9988, stack(0x000000c431300000,0x000000c431400000)]
  0x0000023365be9800 JavaThread "Service Thread" daemon [_thread_blocked, id=5372, stack(0x000000c431400000,0x000000c431500000)]
  0x0000023365bed800 JavaThread "Common-Cleaner" daemon [_thread_blocked, id=9132, stack(0x000000c431500000,0x000000c431600000)]
  0x0000023366088800 JavaThread "Java2D Disposer" daemon [_thread_blocked, id=1952, stack(0x000000c431700000,0x000000c431800000)]
  0x000002336608c000 JavaThread "AWT-Shutdown" [_thread_blocked, id=12080, stack(0x000000c431800000,0x000000c431900000)]
  0x000002336607f000 JavaThread "AWT-Windows" daemon [_thread_in_native, id=9892, stack(0x000000c431900000,0x000000c431a00000)]
  0x0000023367472800 JavaThread "AWT-EventQueue-0" [_thread_in_native, id=10860, stack(0x000000c431a00000,0x000000c431b00000)]
  0x00000233414e2000 JavaThread "DestroyJavaVM" [_thread_blocked, id=5792, stack(0x000000c42f500000,0x000000c42f600000)]
  0x00000233664c6000 JavaThread "TimerQueue" daemon [_thread_blocked, id=6008, stack(0x000000c431e00000,0x000000c431f00000)]
  0x0000023367813000 JavaThread "Keep-Alive-Timer" daemon [_thread_blocked, id=440, stack(0x000000c431b00000,0x000000c431c00000)]

Other Threads:
  0x0000023364f33000 VMThread "VM Thread" [stack: 0x000000c430a00000,0x000000c430b00000] [id=11948]
  0x0000023365bf2800 WatcherThread [stack: 0x000000c431600000,0x000000c431700000] [id=10368]
  0x00000233414fe000 GCTaskThread "GC Thread#0" [stack: 0x000000c42f600000,0x000000c42f700000] [id=1440]
  0x00000233414ff800 GCTaskThread "GC Thread#1" [stack: 0x000000c42f700000,0x000000c42f800000] [id=14024]
  0x0000023341501000 GCTaskThread "GC Thread#2" [stack: 0x000000c42f800000,0x000000c42f900000] [id=376]
  0x0000023341504000 GCTaskThread "GC Thread#3" [stack: 0x000000c42f900000,0x000000c42fa00000] [id=10144]
  0x0000023341509800 GCTaskThread "GC Thread#4" [stack: 0x000000c42fa00000,0x000000c42fb00000] [id=13536]
  0x000002334150a800 GCTaskThread "GC Thread#5" [stack: 0x000000c42fb00000,0x000000c42fc00000] [id=15676]
  0x000002334150d800 GCTaskThread "GC Thread#6" [stack: 0x000000c42fc00000,0x000000c42fd00000] [id=14208]
  0x0000023341512800 GCTaskThread "GC Thread#7" [stack: 0x000000c42fd00000,0x000000c42fe00000] [id=14844]
  0x0000023341581000 ConcurrentGCThread "G1 Main Marker" [stack: 0x000000c42fe00000,0x000000c42ff00000] [id=15352]
  0x0000023341582000 ConcurrentGCThread "G1 Conc#0" [stack: 0x000000c42ff00000,0x000000c430000000] [id=10472]
  0x0000023341582800 ConcurrentGCThread "G1 Conc#1" [stack: 0x000000c430000000,0x000000c430100000] [id=16372]
  0x00000233415be800 ConcurrentGCThread "G1 Refine#0" [stack: 0x000000c430100000,0x000000c430200000] [id=11176]
  0x0000023364f17800 ConcurrentGCThread "G1 Refine#1" [stack: 0x000000c430200000,0x000000c430300000] [id=14708]
  0x0000023364f25000 ConcurrentGCThread "G1 Refine#2" [stack: 0x000000c430300000,0x000000c430400000] [id=11156]
  0x0000023364f33800 ConcurrentGCThread "G1 Refine#3" [stack: 0x000000c430400000,0x000000c430500000] [id=6888]
  0x0000023364f2d800 ConcurrentGCThread "G1 Refine#4" [stack: 0x000000c430500000,0x000000c430600000] [id=12812]
  0x0000023364f34800 ConcurrentGCThread "G1 Refine#5" [stack: 0x000000c430600000,0x000000c430700000] [id=14444]
  0x0000023364f31000 ConcurrentGCThread "G1 Refine#6" [stack: 0x000000c430700000,0x000000c430800000] [id=7156]
  0x0000023364f2e800 ConcurrentGCThread "G1 Refine#7" [stack: 0x000000c430800000,0x000000c430900000] [id=9388]
  0x0000023364f3d800 ConcurrentGCThread "G1 Young RemSet Sampling" [stack: 0x000000c430900000,0x000000c430a00000] [id=8800]

Threads with active compile tasks:
C2 CompilerThread24074       4       org.apache.xerces.impl.dtd.models.DFAContentModel::calcFollowList (224 bytes)

VM state:not at safepoint (normal execution)

VM Mutex/Monitor currently owned by a thread: None

Heap address: 0x0000000081c00000, size: 2020 MB, Compressed Oops mode: 32-bit
Narrow klass base: 0x0000000000000000, Narrow klass shift: 3
Compressed class space size: 1073741824 Address: 0x0000000100000000

Heap:
 garbage-first heap   total 131072K, used 40880K [0x0000000081c00000, 0x0000000100000000)
  region size 1024K, 35 young (35840K), 4 survivors (4096K)
 Metaspace       used 30584K, capacity 31289K, committed 31488K, reserved 1077248K
  class space    used 3233K, capacity 3509K, committed 3584K, reserved 1048576K
Heap Regions: E=young(eden), S=young(survivor), O=old, HS=humongous(starts), HC=humongous(continues), CS=collection set, F=free, A=archive, TS=gc time stamp, AC=allocation context, TAMS=top-at-mark-start (previous, next)
|   0|0x0000000081c00000, 0x0000000081d00000, 0x0000000081d00000|100%|HS|  |TS  0|AC  0|TAMS 0x0000000081d00000, 0x0000000081d00000|
|   1|0x0000000081d00000, 0x0000000081e00000, 0x0000000081e00000|100%|HC|  |TS  0|AC  0|TAMS 0x0000000081e00000, 0x0000000081e00000|
|   2|0x0000000081e00000, 0x0000000081f00000, 0x0000000081f00000|100%|HC|  |TS  0|AC  0|TAMS 0x0000000081f00000, 0x0000000081f00000|
|   3|0x0000000081f00000, 0x0000000082000000, 0x0000000082000000|100%| O|  |TS  1|AC  0|TAMS 0x0000000081fec600, 0x0000000081fec600|
|   4|0x0000000082000000, 0x0000000082100000, 0x0000000082100000|100%| O|  |TS  1|AC  0|TAMS 0x0000000082000000, 0x0000000082000000|
|   5|0x0000000082100000, 0x0000000082200000, 0x0000000082200000|100%| O|  |TS  1|AC  0|TAMS 0x0000000082100000, 0x0000000082100000|
|   6|0x0000000082200000, 0x00000000822da800, 0x0000000082300000| 85%| O|  |TS  1|AC  0|TAMS 0x0000000082200000, 0x0000000082200000|
|   7|0x0000000082300000, 0x0000000082300000, 0x0000000082400000|  0%| F|  |TS  0|AC  0|TAMS 0x0000000082300000, 0x0000000082300000|
|   8|0x0000000082400000, 0x0000000082400000, 0x0000000082500000|  0%| F|  |TS  0|AC  0|TAMS 0x0000000082400000, 0x0000000082400000|
|   9|0x0000000082500000, 0x0000000082500000, 0x0000000082600000|  0%| F|  |TS  0|AC  0|TAMS 0x0000000082500000, 0x0000000082500000|
|  10|0x0000000082600000, 0x0000000082600000, 0x0000000082700000|  0%| F|  |TS  0|AC  0|TAMS 0x0000000082600000, 0x0000000082600000|
|  11|0x0000000082700000, 0x0000000082700000, 0x0000000082800000|  0%| F|  |TS  0|AC  0|TAMS 0x0000000082700000, 0x0000000082700000|
|  12|0x0000000082800000, 0x0000000082800000, 0x0000000082900000|  0%| F|  |TS  0|AC  0|TAMS 0x0000000082800000, 0x0000000082800000|
|  13|0x0000000082900000, 0x0000000082900000, 0x0000000082a00000|  0%| F|  |TS  0|AC  0|TAMS 0x0000000082900000, 0x0000000082900000|
|  14|0x0000000082a00000, 0x0000000082a00000, 0x0000000082b00000|  0%| F|  |TS  0|AC  0|TAMS 0x0000000082a00000, 0x0000000082a00000|
|  15|0x0000000082b00000, 0x0000000082b00000, 0x0000000082c00000|  0%| F|  |TS  0|AC  0|TAMS 0x0000000082b00000, 0x0000000082b00000|
|  16|0x0000000082c00000, 0x0000000082c00000, 0x0000000082d00000|  0%| F|  |TS  0|AC  0|TAMS 0x0000000082c00000, 0x0000000082c00000|
|  17|0x0000000082d00000, 0x0000000082d00000, 0x0000000082e00000|  0%| F|  |TS  0|AC  0|TAMS 0x0000000082d00000, 0x0000000082d00000|
|  18|0x0000000082e00000, 0x0000000082e00000, 0x0000000082f00000|  0%| F|  |TS  0|AC  0|TAMS 0x0000000082e00000, 0x0000000082e00000|
|  19|0x0000000082f00000, 0x0000000082f00000, 0x0000000083000000|  0%| F|  |TS  0|AC  0|TAMS 0x0000000082f00000, 0x0000000082f00000|
|  20|0x0000000083000000, 0x0000000083000000, 0x0000000083100000|  0%| F|  |TS  0|AC  0|TAMS 0x0000000083000000, 0x0000000083000000|
|  21|0x0000000083100000, 0x0000000083100000, 0x0000000083200000|  0%| F|  |TS  0|AC  0|TAMS 0x0000000083100000, 0x0000000083100000|
|  22|0x0000000083200000, 0x0000000083200000, 0x0000000083300000|  0%| F|  |TS  0|AC  0|TAMS 0x0000000083200000, 0x0000000083200000|
|  23|0x0000000083300000, 0x0000000083300000, 0x0000000083400000|  0%| F|  |TS  0|AC  0|TAMS 0x0000000083300000, 0x0000000083300000|
|  24|0x0000000083400000, 0x0000000083400000, 0x0000000083500000|  0%| F|  |TS  0|AC  0|TAMS 0x0000000083400000, 0x0000000083400000|
|  25|0x0000000083500000, 0x0000000083500000, 0x0000000083600000|  0%| F|  |TS  0|AC  0|TAMS 0x0000000083500000, 0x0000000083500000|
|  26|0x0000000083600000, 0x0000000083600000, 0x0000000083700000|  0%| F|  |TS  0|AC  0|TAMS 0x0000000083600000, 0x0000000083600000|
|  27|0x0000000083700000, 0x0000000083700000, 0x0000000083800000|  0%| F|  |TS  0|AC  0|TAMS 0x0000000083700000, 0x0000000083700000|
|  28|0x0000000083800000, 0x0000000083800000, 0x0000000083900000|  0%| F|  |TS  0|AC  0|TAMS 0x0000000083800000, 0x0000000083800000|
|  29|0x0000000083900000, 0x0000000083900000, 0x0000000083a00000|  0%| F|  |TS  0|AC  0|TAMS 0x0000000083900000, 0x0000000083900000|
|  30|0x0000000083a00000, 0x0000000083a00000, 0x0000000083b00000|  0%| F|  |TS  0|AC  0|TAMS 0x0000000083a00000, 0x0000000083a00000|
|  31|0x0000000083b00000, 0x0000000083b00000, 0x0000000083c00000|  0%| F|  |TS  0|AC  0|TAMS 0x0000000083b00000, 0x0000000083b00000|
|  32|0x0000000083c00000, 0x0000000083c00000, 0x0000000083d00000|  0%| F|  |TS  0|AC  0|TAMS 0x0000000083c00000, 0x0000000083c00000|
|  33|0x0000000083d00000, 0x0000000083d00000, 0x0000000083e00000|  0%| F|  |TS  0|AC  0|TAMS 0x0000000083d00000, 0x0000000083d00000|
|  34|0x0000000083e00000, 0x0000000083e00000, 0x0000000083f00000|  0%| F|  |TS  0|AC  0|TAMS 0x0000000083e00000, 0x0000000083e00000|
|  35|0x0000000083f00000, 0x0000000083f00000, 0x0000000084000000|  0%| F|  |TS  0|AC  0|TAMS 0x0000000083f00000, 0x0000000083f00000|
|  36|0x0000000084000000, 0x0000000084000000, 0x0000000084100000|  0%| F|  |TS  0|AC  0|TAMS 0x0000000084000000, 0x0000000084000000|
|  37|0x0000000084100000, 0x0000000084100000, 0x0000000084200000|  0%| F|  |TS  0|AC  0|TAMS 0x0000000084100000, 0x0000000084100000|
|  38|0x0000000084200000, 0x0000000084200000, 0x0000000084300000|  0%| F|  |TS  0|AC  0|TAMS 0x0000000084200000, 0x0000000084200000|
|  39|0x0000000084300000, 0x0000000084300000, 0x0000000084400000|  0%| F|  |TS  0|AC  0|TAMS 0x0000000084300000, 0x0000000084300000|
|  40|0x0000000084400000, 0x0000000084400000, 0x0000000084500000|  0%| F|  |TS  0|AC  0|TAMS 0x0000000084400000, 0x0000000084400000|
|  41|0x0000000084500000, 0x0000000084500000, 0x0000000084600000|  0%| F|  |TS  0|AC  0|TAMS 0x0000000084500000, 0x0000000084500000|
|  42|0x0000000084600000, 0x0000000084600000, 0x0000000084700000|  0%| F|  |TS  0|AC  0|TAMS 0x0000000084600000, 0x0000000084600000|
|  43|0x0000000084700000, 0x0000000084700000, 0x0000000084800000|  0%| F|  |TS  0|AC  0|TAMS 0x0000000084700000, 0x0000000084700000|
|  44|0x0000000084800000, 0x0000000084800000, 0x0000000084900000|  0%| F|  |TS  0|AC  0|TAMS 0x0000000084800000, 0x0000000084800000|
|  45|0x0000000084900000, 0x0000000084900000, 0x0000000084a00000|  0%| F|  |TS  0|AC  0|TAMS 0x0000000084900000, 0x0000000084900000|
|  46|0x0000000084a00000, 0x0000000084a00000, 0x0000000084b00000|  0%| F|  |TS  0|AC  0|TAMS 0x0000000084a00000, 0x0000000084a00000|
|  47|0x0000000084b00000, 0x0000000084b00000, 0x0000000084c00000|  0%| F|  |TS  0|AC  0|TAMS 0x0000000084b00000, 0x0000000084b00000|
|  48|0x0000000084c00000, 0x0000000084c00000, 0x0000000084d00000|  0%| F|  |TS  0|AC  0|TAMS 0x0000000084c00000, 0x0000000084c00000|
|  49|0x0000000084d00000, 0x0000000084d00000, 0x0000000084e00000|  0%| F|  |TS  0|AC  0|TAMS 0x0000000084d00000, 0x0000000084d00000|
|  50|0x0000000084e00000, 0x0000000084e00000, 0x0000000084f00000|  0%| F|  |TS  0|AC  0|TAMS 0x0000000084e00000, 0x0000000084e00000|
|  51|0x0000000084f00000, 0x0000000084f00000, 0x0000000085000000|  0%| F|  |TS  0|AC  0|TAMS 0x0000000084f00000, 0x0000000084f00000|
|  52|0x0000000085000000, 0x0000000085000000, 0x0000000085100000|  0%| F|  |TS  0|AC  0|TAMS 0x0000000085000000, 0x0000000085000000|
|  53|0x0000000085100000, 0x0000000085100000, 0x0000000085200000|  0%| F|  |TS  0|AC  0|TAMS 0x0000000085100000, 0x0000000085100000|
|  54|0x0000000085200000, 0x0000000085200000, 0x0000000085300000|  0%| F|  |TS  0|AC  0|TAMS 0x0000000085200000, 0x0000000085200000|
|  55|0x0000000085300000, 0x0000000085300000, 0x0000000085400000|  0%| F|  |TS  0|AC  0|TAMS 0x0000000085300000, 0x0000000085300000|
|  56|0x0000000085400000, 0x0000000085400000, 0x0000000085500000|  0%| F|  |TS  0|AC  0|TAMS 0x0000000085400000, 0x0000000085400000|
|  57|0x0000000085500000, 0x0000000085500000, 0x0000000085600000|  0%| F|  |TS  0|AC  0|TAMS 0x0000000085500000, 0x0000000085500000|
|  58|0x0000000085600000, 0x0000000085600000, 0x0000000085700000|  0%| F|  |TS  0|AC  0|TAMS 0x0000000085600000, 0x0000000085600000|
|  59|0x0000000085700000, 0x0000000085700000, 0x0000000085800000|  0%| F|  |TS  0|AC  0|TAMS 0x0000000085700000, 0x0000000085700000|
|  60|0x0000000085800000, 0x0000000085800000, 0x0000000085900000|  0%| F|  |TS  0|AC  0|TAMS 0x0000000085800000, 0x0000000085800000|
|  61|0x0000000085900000, 0x0000000085900000, 0x0000000085a00000|  0%| F|  |TS  0|AC  0|TAMS 0x0000000085900000, 0x0000000085900000|
|  62|0x0000000085a00000, 0x0000000085a00000, 0x0000000085b00000|  0%| F|  |TS  0|AC  0|TAMS 0x0000000085a00000, 0x0000000085a00000|
|  63|0x0000000085b00000, 0x0000000085b00000, 0x0000000085c00000|  0%| F|  |TS  0|AC  0|TAMS 0x0000000085b00000, 0x0000000085b00000|
|  64|0x0000000085c00000, 0x0000000085c00000, 0x0000000085d00000|  0%| F|  |TS  0|AC  0|TAMS 0x0000000085c00000, 0x0000000085c00000|
|  65|0x0000000085d00000, 0x0000000085d00000, 0x0000000085e00000|  0%| F|  |TS  0|AC  0|TAMS 0x0000000085d00000, 0x0000000085d00000|
|  66|0x0000000085e00000, 0x0000000085e00000, 0x0000000085f00000|  0%| F|  |TS  0|AC  0|TAMS 0x0000000085e00000, 0x0000000085e00000|
|  67|0x0000000085f00000, 0x0000000085f00000, 0x0000000086000000|  0%| F|  |TS  0|AC  0|TAMS 0x0000000085f00000, 0x0000000085f00000|
|  68|0x0000000086000000, 0x0000000086000000, 0x0000000086100000|  0%| F|  |TS  0|AC  0|TAMS 0x0000000086000000, 0x0000000086000000|
|  69|0x0000000086100000, 0x0000000086100000, 0x0000000086200000|  0%| F|  |TS  0|AC  0|TAMS 0x0000000086100000, 0x0000000086100000|
|  70|0x0000000086200000, 0x0000000086200000, 0x0000000086300000|  0%| F|  |TS  0|AC  0|TAMS 0x0000000086200000, 0x0000000086200000|
|  71|0x0000000086300000, 0x0000000086300000, 0x0000000086400000|  0%| F|  |TS  0|AC  0|TAMS 0x0000000086300000, 0x0000000086300000|
|  72|0x0000000086400000, 0x0000000086400000, 0x0000000086500000|  0%| F|  |TS  0|AC  0|TAMS 0x0000000086400000, 0x0000000086400000|
|  73|0x0000000086500000, 0x0000000086500000, 0x0000000086600000|  0%| F|  |TS  0|AC  0|TAMS 0x0000000086500000, 0x0000000086500000|
|  74|0x0000000086600000, 0x0000000086600000, 0x0000000086700000|  0%| F|  |TS  0|AC  0|TAMS 0x0000000086600000, 0x0000000086600000|
|  75|0x0000000086700000, 0x0000000086700000, 0x0000000086800000|  0%| F|  |TS  0|AC  0|TAMS 0x0000000086700000, 0x0000000086700000|
|  76|0x0000000086800000, 0x0000000086800000, 0x0000000086900000|  0%| F|  |TS  0|AC  0|TAMS 0x0000000086800000, 0x0000000086800000|
|  77|0x0000000086900000, 0x0000000086900000, 0x0000000086a00000|  0%| F|  |TS  0|AC  0|TAMS 0x0000000086900000, 0x0000000086900000|
|  78|0x0000000086a00000, 0x0000000086a00000, 0x0000000086b00000|  0%| F|  |TS  0|AC  0|TAMS 0x0000000086a00000, 0x0000000086a00000|
|  79|0x0000000086b00000, 0x0000000086b00000, 0x0000000086c00000|  0%| F|  |TS  0|AC  0|TAMS 0x0000000086b00000, 0x0000000086b00000|
|  80|0x0000000086c00000, 0x0000000086c00000, 0x0000000086d00000|  0%| F|  |TS  0|AC  0|TAMS 0x0000000086c00000, 0x0000000086c00000|
|  81|0x0000000086d00000, 0x0000000086d00000, 0x0000000086e00000|  0%| F|  |TS  0|AC  0|TAMS 0x0000000086d00000, 0x0000000086d00000|
|  82|0x0000000086e00000, 0x0000000086e00000, 0x0000000086f00000|  0%| F|  |TS  0|AC  0|TAMS 0x0000000086e00000, 0x0000000086e00000|
|  83|0x0000000086f00000, 0x0000000086f11888, 0x0000000087000000|  6%| S|CS|TS  1|AC  0|TAMS 0x0000000086f00000, 0x0000000086f00000|
|  84|0x0000000087000000, 0x0000000087100000, 0x0000000087100000|100%| S|CS|TS  1|AC  0|TAMS 0x0000000087000000, 0x0000000087000000|
|  85|0x0000000087100000, 0x0000000087200000, 0x0000000087200000|100%| S|CS|TS  1|AC  0|TAMS 0x0000000087100000, 0x0000000087100000|
|  86|0x0000000087200000, 0x0000000087300000, 0x0000000087300000|100%| S|CS|TS  1|AC  0|TAMS 0x0000000087200000, 0x0000000087200000|
|  87|0x0000000087300000, 0x0000000087300000, 0x0000000087400000|  0%| F|  |TS  1|AC  0|TAMS 0x0000000087300000, 0x0000000087300000|
|  88|0x0000000087400000, 0x0000000087400000, 0x0000000087500000|  0%| F|  |TS  1|AC  0|TAMS 0x0000000087400000, 0x0000000087400000|
|  89|0x0000000087500000, 0x0000000087500000, 0x0000000087600000|  0%| F|  |TS  1|AC  0|TAMS 0x0000000087500000, 0x0000000087500000|
|  90|0x0000000087600000, 0x0000000087600000, 0x0000000087700000|  0%| F|  |TS  1|AC  0|TAMS 0x0000000087600000, 0x0000000087600000|
|  91|0x0000000087700000, 0x0000000087700000, 0x0000000087800000|  0%| F|  |TS  1|AC  0|TAMS 0x0000000087700000, 0x0000000087700000|
|  92|0x0000000087800000, 0x0000000087800000, 0x0000000087900000|  0%| F|  |TS  1|AC  0|TAMS 0x0000000087800000, 0x0000000087800000|
|  93|0x0000000087900000, 0x0000000087900000, 0x0000000087a00000|  0%| F|  |TS  1|AC  0|TAMS 0x0000000087900000, 0x0000000087900000|
|  94|0x0000000087a00000, 0x0000000087a00000, 0x0000000087b00000|  0%| F|  |TS  1|AC  0|TAMS 0x0000000087a00000, 0x0000000087a00000|
|  95|0x0000000087b00000, 0x0000000087b00000, 0x0000000087c00000|  0%| F|  |TS  1|AC  0|TAMS 0x0000000087b00000, 0x0000000087b00000|
|  96|0x0000000087c00000, 0x0000000087c00000, 0x0000000087d00000|  0%| F|  |TS  1|AC  0|TAMS 0x0000000087c00000, 0x0000000087c00000|
|  97|0x0000000087d00000, 0x0000000087d80800, 0x0000000087e00000| 50%| E|  |TS  1|AC  0|TAMS 0x0000000087d00000, 0x0000000087d00000|
|  98|0x0000000087e00000, 0x0000000087f00000, 0x0000000087f00000|100%| E|CS|TS  1|AC  0|TAMS 0x0000000087e00000, 0x0000000087e00000|
|  99|0x0000000087f00000, 0x0000000088000000, 0x0000000088000000|100%| E|CS|TS  1|AC  0|TAMS 0x0000000087f00000, 0x0000000087f00000|
| 100|0x0000000088000000, 0x0000000088100000, 0x0000000088100000|100%| E|CS|TS  1|AC  0|TAMS 0x0000000088000000, 0x0000000088000000|
| 101|0x0000000088100000, 0x0000000088200000, 0x0000000088200000|100%| E|CS|TS  1|AC  0|TAMS 0x0000000088100000, 0x0000000088100000|
| 102|0x0000000088200000, 0x0000000088300000, 0x0000000088300000|100%| E|CS|TS  1|AC  0|TAMS 0x0000000088200000, 0x0000000088200000|
| 103|0x0000000088300000, 0x0000000088400000, 0x0000000088400000|100%| E|CS|TS  1|AC  0|TAMS 0x0000000088300000, 0x0000000088300000|
| 104|0x0000000088400000, 0x0000000088500000, 0x0000000088500000|100%| E|CS|TS  1|AC  0|TAMS 0x0000000088400000, 0x0000000088400000|
| 105|0x0000000088500000, 0x0000000088600000, 0x0000000088600000|100%| E|CS|TS  1|AC  0|TAMS 0x0000000088500000, 0x0000000088500000|
| 106|0x0000000088600000, 0x0000000088700000, 0x0000000088700000|100%| E|CS|TS  1|AC  0|TAMS 0x0000000088600000, 0x0000000088600000|
| 107|0x0000000088700000, 0x0000000088800000, 0x0000000088800000|100%| E|CS|TS  1|AC  0|TAMS 0x0000000088700000, 0x0000000088700000|
| 108|0x0000000088800000, 0x0000000088900000, 0x0000000088900000|100%| E|CS|TS  1|AC  0|TAMS 0x0000000088800000, 0x0000000088800000|
| 109|0x0000000088900000, 0x0000000088a00000, 0x0000000088a00000|100%| E|CS|TS  1|AC  0|TAMS 0x0000000088900000, 0x0000000088900000|
| 110|0x0000000088a00000, 0x0000000088b00000, 0x0000000088b00000|100%| E|CS|TS  1|AC  0|TAMS 0x0000000088a00000, 0x0000000088a00000|
| 111|0x0000000088b00000, 0x0000000088c00000, 0x0000000088c00000|100%| E|CS|TS  1|AC  0|TAMS 0x0000000088b00000, 0x0000000088b00000|
| 112|0x0000000088c00000, 0x0000000088d00000, 0x0000000088d00000|100%| E|CS|TS  1|AC  0|TAMS 0x0000000088c00000, 0x0000000088c00000|
| 113|0x0000000088d00000, 0x0000000088e00000, 0x0000000088e00000|100%| E|CS|TS  1|AC  0|TAMS 0x0000000088d00000, 0x0000000088d00000|
| 114|0x0000000088e00000, 0x0000000088f00000, 0x0000000088f00000|100%| E|CS|TS  1|AC  0|TAMS 0x0000000088e00000, 0x0000000088e00000|
| 115|0x0000000088f00000, 0x0000000089000000, 0x0000000089000000|100%| E|CS|TS  1|AC  0|TAMS 0x0000000088f00000, 0x0000000088f00000|
| 116|0x0000000089000000, 0x0000000089100000, 0x0000000089100000|100%| E|CS|TS  1|AC  0|TAMS 0x0000000089000000, 0x0000000089000000|
| 117|0x0000000089100000, 0x0000000089200000, 0x0000000089200000|100%| E|CS|TS  1|AC  0|TAMS 0x0000000089100000, 0x0000000089100000|
| 118|0x0000000089200000, 0x0000000089300000, 0x0000000089300000|100%| E|CS|TS  1|AC  0|TAMS 0x0000000089200000, 0x0000000089200000|
| 119|0x0000000089300000, 0x0000000089400000, 0x0000000089400000|100%| E|CS|TS  1|AC  0|TAMS 0x0000000089300000, 0x0000000089300000|
| 120|0x0000000089400000, 0x0000000089500000, 0x0000000089500000|100%| E|CS|TS  1|AC  0|TAMS 0x0000000089400000, 0x0000000089400000|
| 121|0x0000000089500000, 0x0000000089600000, 0x0000000089600000|100%| E|CS|TS  1|AC  0|TAMS 0x0000000089500000, 0x0000000089500000|
| 122|0x0000000089600000, 0x0000000089700000, 0x0000000089700000|100%| E|CS|TS  1|AC  0|TAMS 0x0000000089600000, 0x0000000089600000|
| 123|0x0000000089700000, 0x0000000089800000, 0x0000000089800000|100%| E|CS|TS  1|AC  0|TAMS 0x0000000089700000, 0x0000000089700000|
| 124|0x0000000089800000, 0x0000000089900000, 0x0000000089900000|100%| E|CS|TS  1|AC  0|TAMS 0x0000000089800000, 0x0000000089800000|
| 125|0x0000000089900000, 0x0000000089a00000, 0x0000000089a00000|100%| E|CS|TS  1|AC  0|TAMS 0x0000000089900000, 0x0000000089900000|
| 126|0x0000000089a00000, 0x0000000089b00000, 0x0000000089b00000|100%| E|CS|TS  1|AC  0|TAMS 0x0000000089a00000, 0x0000000089a00000|
| 127|0x0000000089b00000, 0x0000000089c00000, 0x0000000089c00000|100%| E|CS|TS  1|AC  0|TAMS 0x0000000089b00000, 0x0000000089b00000|

Card table byte_map: [0x000002335dea0000,0x000002335e2a0000] byte_map_base: 0x000002335da92000

Marking Bits (Prev, Next): (CMBitMap*) 0x000002334157f138, (CMBitMap*) 0x000002334157f100
 Prev Bits: [0x0000023360630000, 0x00000233625c0000)
 Next Bits: [0x000002335e6a0000, 0x0000023360630000)

Polling page: 0x0000023341360000

CodeHeap 'non-profiled nmethods': size=120000Kb used=1797Kb max_used=1797Kb free=118203Kb
 bounds [0x0000023355b10000, 0x0000023355d80000, 0x000002335d040000]
CodeHeap 'profiled nmethods': size=120000Kb used=8554Kb max_used=8554Kb free=111445Kb
 bounds [0x000002334e5e0000, 0x000002334ee40000, 0x0000023355b10000]
CodeHeap 'non-nmethods': size=5760Kb used=1286Kb max_used=1320Kb free=4473Kb
 bounds [0x000002334e040000, 0x000002334e2b0000, 0x000002334e5e0000]
 total_blobs=5601 nmethods=3893 adapters=593
 compilation: enabled

Compilation events (10 events):
Event: 681.745 Thread 0x0000023365a31800 nmethod 4070 0x000002334ee3a990 code [0x000002334ee3ab40, 0x000002334ee3ac98]
Event: 682.771 Thread 0x0000023365a31800 4071       3       java.net.Socket::isConnected (20 bytes)
Event: 682.771 Thread 0x0000023365a31800 nmethod 4071 0x000002334ee3ad10 code [0x000002334ee3aec0, 0x000002334ee3b0b8]
Event: 683.587 Thread 0x0000023365a31800 4072  s    3       sun.net.www.MessageHeader::remove (196 bytes)
Event: 683.589 Thread 0x0000023365a31800 nmethod 4072 0x000002334ee3b190 code [0x000002334ee3b400, 0x000002334ee3c310]
Event: 683.792 Thread 0x0000023365a31800 4073  s    3       java.io.BufferedOutputStream::flush (12 bytes)
Event: 683.793 Thread 0x0000023365a31800 nmethod 4073 0x000002334ee3c790 code [0x000002334ee3c980, 0x000002334ee3ce80]
Event: 684.124 Thread 0x0000023365a2d800 4074       4       org.apache.xerces.impl.dtd.models.DFAContentModel::calcFollowList (224 bytes)
Event: 684.125 Thread 0x0000023365a31800 4075       3       java.util.ArrayList::clear (43 bytes)
Event: 684.126 Thread 0x0000023365a31800 nmethod 4075 0x000002334ee3d010 code [0x000002334ee3d1e0, 0x000002334ee3d598]

GC Heap History (6 events):
Event: 16.097 GC heap before
{Heap before GC invocations=0 (full 0):
 garbage-first heap   total 131072K, used 27648K [0x0000000081c00000, 0x0000000100000000)
  region size 1024K, 24 young (24576K), 0 survivors (0K)
 Metaspace       used 18986K, capacity 19431K, committed 19712K, reserved 1067008K
  class space    used 2000K, capacity 2210K, committed 2304K, reserved 1048576K
}
Event: 16.111 GC heap after
{Heap after GC invocations=1 (full 0):
 garbage-first heap   total 131072K, used 7089K [0x0000000081c00000, 0x0000000100000000)
  region size 1024K, 3 young (3072K), 3 survivors (3072K)
 Metaspace       used 18986K, capacity 19431K, committed 19712K, reserved 1067008K
  class space    used 2000K, capacity 2210K, committed 2304K, reserved 1048576K
}
Event: 78.114 GC heap before
{Heap before GC invocations=1 (full 0):
 garbage-first heap   total 131072K, used 14257K [0x0000000081c00000, 0x0000000100000000)
  region size 1024K, 11 young (11264K), 3 survivors (3072K)
 Metaspace       used 20684K, capacity 21098K, committed 21296K, reserved 1069056K
  class space    used 2195K, capacity 2404K, committed 2432K, reserved 1048576K
}
Event: 78.127 GC heap after
{Heap after GC invocations=2 (full 0):
 garbage-first heap   total 131072K, used 7707K [0x0000000081c00000, 0x0000000100000000)
  region size 1024K, 4 young (4096K), 4 survivors (4096K)
 Metaspace       used 20684K, capacity 21098K, committed 21296K, reserved 1069056K
  class space    used 2195K, capacity 2404K, committed 2432K, reserved 1048576K
}
Event: 509.523 GC heap before
{Heap before GC invocations=3 (full 0):
 garbage-first heap   total 131072K, used 45595K [0x0000000081c00000, 0x0000000100000000)
  region size 1024K, 41 young (41984K), 4 survivors (4096K)
 Metaspace       used 28226K, capacity 28761K, committed 29184K, reserved 1075200K
  class space    used 2997K, capacity 3240K, committed 3328K, reserved 1048576K
}
Event: 509.544 GC heap after
{Heap after GC invocations=4 (full 0):
 garbage-first heap   total 131072K, used 10160K [0x0000000081c00000, 0x0000000100000000)
  region size 1024K, 4 young (4096K), 4 survivors (4096K)
 Metaspace       used 28226K, capacity 28761K, committed 29184K, reserved 1075200K
  class space    used 2997K, capacity 3240K, committed 3328K, reserved 1048576K
}

Deoptimization events (10 events):
Event: 509.619 Thread 0x00000233650b1800 Uncommon trap: reason=unstable_if action=reinterpret pc=0x0000023355b6be3c method=java.nio.Buffer.position(I)Ljava/nio/Buffer; @ 45 c2
Event: 523.917 Thread 0x0000023367472800 Uncommon trap: reason=unstable_if action=reinterpret pc=0x0000023355c0c2f0 method=oracle.jdbc.driver.OracleSql.appendChar(Ljava/lang/StringBuffer;C)V @ 3 c2
Event: 541.786 Thread 0x0000023367472800 Uncommon trap: reason=class_check action=maybe_recompile pc=0x0000023355bf5a38 method=java.awt.EventQueue.coalesceEvent(Ljava/awt/AWTEvent;I)Z @ 61 c2
Event: 543.360 Thread 0x0000023367472800 Uncommon trap: reason=class_check action=maybe_recompile pc=0x0000023355c00090 method=java.awt.Container.getMouseEventTargetImpl(IIZLjava/awt/Container$EventTargetFilter;ZZ)Ljava/awt/Component; @ 64 c2
Event: 543.362 Thread 0x0000023367472800 Uncommon trap: reason=class_check action=maybe_recompile pc=0x0000023355c00090 method=java.awt.Container.getMouseEventTargetImpl(IIZLjava/awt/Container$EventTargetFilter;ZZ)Ljava/awt/Component; @ 64 c2
Event: 543.369 Thread 0x0000023367472800 Uncommon trap: reason=class_check action=maybe_recompile pc=0x0000023355c00090 method=java.awt.Container.getMouseEventTargetImpl(IIZLjava/awt/Container$EventTargetFilter;ZZ)Ljava/awt/Component; @ 64 c2
Event: 543.379 Thread 0x0000023367472800 Uncommon trap: reason=class_check action=maybe_recompile pc=0x0000023355c00090 method=java.awt.Container.getMouseEventTargetImpl(IIZLjava/awt/Container$EventTargetFilter;ZZ)Ljava/awt/Component; @ 64 c2
Event: 547.148 Thread 0x0000023367472800 Uncommon trap: reason=class_check action=maybe_recompile pc=0x0000023355bf5a38 method=java.awt.EventQueue.coalesceEvent(Ljava/awt/AWTEvent;I)Z @ 61 c2
Event: 547.158 Thread 0x0000023367472800 Uncommon trap: reason=class_check action=maybe_recompile pc=0x0000023355bf5a38 method=java.awt.EventQueue.coalesceEvent(Ljava/awt/AWTEvent;I)Z @ 61 c2
Event: 547.168 Thread 0x0000023367472800 Uncommon trap: reason=class_check action=maybe_recompile pc=0x0000023355bf5a38 method=java.awt.EventQueue.coalesceEvent(Ljava/awt/AWTEvent;I)Z @ 61 c2

Classes redefined (0 events):
No events

Internal exceptions (10 events):
Event: 589.451 Thread 0x0000023367472800 Exception <a 'java/lang/ClassNotFoundException'{0x0000000088a040a0}: org/hibernate/util/CloneableCustomizer> (0x0000000088a040a0) thrown at [t:/workspace/open/src/hotspot/share/classfile/systemDictionary.cpp, line 233]
Event: 589.452 Thread 0x0000023367472800 Exception <a 'java/lang/ClassNotFoundException'{0x0000000088a084f0}: org/hibernate/event/EventListenersCustomizer> (0x0000000088a084f0) thrown at [t:/workspace/open/src/hotspot/share/classfile/systemDictionary.cpp, line 233]
Event: 623.266 Thread 0x0000023367472800 Exception <a 'java/lang/ClassNotFoundException'{0x00000000885047d0}: org/hibernate/event/EventListenersBeanInfo> (0x00000000885047d0) thrown at [t:/workspace/open/src/hotspot/share/classfile/systemDictionary.cpp, line 233]
Event: 623.266 Thread 0x0000023367472800 Exception <a 'java/lang/ClassNotFoundException'{0x0000000088507c98}: org/hibernate/util/CloneableBeanInfo> (0x0000000088507c98) thrown at [t:/workspace/open/src/hotspot/share/classfile/systemDictionary.cpp, line 233]
Event: 623.267 Thread 0x0000023367472800 Exception <a 'java/lang/ClassNotFoundException'{0x000000008850b130}: org/hibernate/util/CloneableCustomizer> (0x000000008850b130) thrown at [t:/workspace/open/src/hotspot/share/classfile/systemDictionary.cpp, line 233]
Event: 623.268 Thread 0x0000023367472800 Exception <a 'java/lang/ClassNotFoundException'{0x000000008850f580}: org/hibernate/event/EventListenersCustomizer> (0x000000008850f580) thrown at [t:/workspace/open/src/hotspot/share/classfile/systemDictionary.cpp, line 233]
Event: 661.836 Thread 0x0000023367472800 Exception <a 'java/lang/ClassNotFoundException'{0x00000000881d0ad8}: org/hibernate/event/EventListenersBeanInfo> (0x00000000881d0ad8) thrown at [t:/workspace/open/src/hotspot/share/classfile/systemDictionary.cpp, line 233]
Event: 661.837 Thread 0x0000023367472800 Exception <a 'java/lang/ClassNotFoundException'{0x00000000881d3fa0}: org/hibernate/util/CloneableBeanInfo> (0x00000000881d3fa0) thrown at [t:/workspace/open/src/hotspot/share/classfile/systemDictionary.cpp, line 233]
Event: 661.838 Thread 0x0000023367472800 Exception <a 'java/lang/ClassNotFoundException'{0x00000000881d7438}: org/hibernate/util/CloneableCustomizer> (0x00000000881d7438) thrown at [t:/workspace/open/src/hotspot/share/classfile/systemDictionary.cpp, line 233]
Event: 661.839 Thread 0x0000023367472800 Exception <a 'java/lang/ClassNotFoundException'{0x00000000881db888}: org/hibernate/event/EventListenersCustomizer> (0x00000000881db888) thrown at [t:/workspace/open/src/hotspot/share/classfile/systemDictionary.cpp, line 233]

Events (10 events):
Event: 668.498 Executing VM operation: BulkRevokeBias done
Event: 679.964 Executing VM operation: BulkRevokeBias
Event: 679.964 Executing VM operation: BulkRevokeBias done
Event: 679.965 Executing VM operation: RevokeBias
Event: 679.965 Executing VM operation: RevokeBias done
Event: 679.968 Executing VM operation: RevokeBias
Event: 679.968 Executing VM operation: RevokeBias done
Event: 679.968 Executing VM operation: RevokeBias
Event: 679.968 Executing VM operation: RevokeBias done
Event: 684.123 Thread 0x0000023367813000 Thread added: 0x0000023367813000


Dynamic libraries:
0x00007ff730100000 - 0x00007ff73013e000 	C:\Program Files\Java\jdk-10.0.2\bin\java.exe
0x00007ffa0eb40000 - 0x00007ffa0ed30000 	C:\WINDOWS\SYSTEM32\ntdll.dll
0x00007ff9de3e0000 - 0x00007ff9de3f4000 	C:\Program Files\AVAST Software\Avast\aswhook.dll
0x00007ffa0e1a0000 - 0x00007ffa0e252000 	C:\WINDOWS\System32\KERNEL32.DLL
0x00007ffa0bb50000 - 0x00007ffa0bdf3000 	C:\WINDOWS\System32\KERNELBASE.dll
0x00007ffa0da80000 - 0x00007ffa0db23000 	C:\WINDOWS\System32\ADVAPI32.dll
0x00007ffa0dc20000 - 0x00007ffa0dcbe000 	C:\WINDOWS\System32\msvcrt.dll
0x00007ffa0e2c0000 - 0x00007ffa0e357000 	C:\WINDOWS\System32\sechost.dll
0x00007ffa0e570000 - 0x00007ffa0e690000 	C:\WINDOWS\System32\RPCRT4.dll
0x00007ffa0cbf0000 - 0x00007ffa0cd84000 	C:\WINDOWS\System32\USER32.dll
0x00007ffa0c8f0000 - 0x00007ffa0c911000 	C:\WINDOWS\System32\win32u.dll
0x00007ffa0cda0000 - 0x00007ffa0cdc6000 	C:\WINDOWS\System32\GDI32.dll
0x00007ffa0c9f0000 - 0x00007ffa0cb84000 	C:\WINDOWS\System32\gdi32full.dll
0x00007ffa0c820000 - 0x00007ffa0c8be000 	C:\WINDOWS\System32\msvcp_win.dll
0x00007ffa0c6d0000 - 0x00007ffa0c7ca000 	C:\WINDOWS\System32\ucrtbase.dll
0x00007ffa0ae30000 - 0x00007ffa0b0b5000 	C:\WINDOWS\WinSxS\amd64_microsoft.windows.common-controls_6595b64144ccf1df_6.0.18362.535_none_e6c3b34713100821\COMCTL32.dll
0x00007ffa0dcc0000 - 0x00007ffa0dff6000 	C:\WINDOWS\System32\combase.dll
0x00007ffa0bad0000 - 0x00007ffa0bb50000 	C:\WINDOWS\System32\bcryptPrimitives.dll
0x00007ffa04e20000 - 0x00007ffa04e2a000 	C:\WINDOWS\SYSTEM32\VERSION.dll
0x00007ffa0e020000 - 0x00007ffa0e04e000 	C:\WINDOWS\System32\IMM32.DLL
0x00007ff9e0630000 - 0x00007ff9e071f000 	C:\Program Files\Java\jdk-10.0.2\bin\msvcr120.dll
0x00007ff9ea980000 - 0x00007ff9eaa26000 	C:\Program Files\Java\jdk-10.0.2\bin\msvcp120.dll
0x000000006b270000 - 0x000000006bce0000 	C:\Program Files\Java\jdk-10.0.2\bin\server\jvm.dll
0x00007ffa0e190000 - 0x00007ffa0e198000 	C:\WINDOWS\System32\PSAPI.DLL
0x00007ffa00390000 - 0x00007ffa00399000 	C:\WINDOWS\SYSTEM32\WSOCK32.dll
0x00007ffa0e120000 - 0x00007ffa0e18f000 	C:\WINDOWS\System32\WS2_32.dll
0x00007ffa08150000 - 0x00007ffa08174000 	C:\WINDOWS\SYSTEM32\WINMM.dll
0x00007ffa08120000 - 0x00007ffa0814d000 	C:\WINDOWS\SYSTEM32\WINMMBASE.dll
0x00007ffa0c7d0000 - 0x00007ffa0c81a000 	C:\WINDOWS\System32\cfgmgr32.dll
0x00007ffa09600000 - 0x00007ffa0960f000 	C:\Program Files\Java\jdk-10.0.2\bin\verify.dll
0x00007ffa0b530000 - 0x00007ffa0b724000 	C:\WINDOWS\SYSTEM32\DBGHELP.DLL
0x00007ffa0b2a0000 - 0x00007ffa0b2ca000 	C:\WINDOWS\SYSTEM32\dbgcore.DLL
0x00007ffa04330000 - 0x00007ffa04357000 	C:\Program Files\Java\jdk-10.0.2\bin\java.dll
0x00007ffa095a0000 - 0x00007ffa095b6000 	C:\Program Files\Java\jdk-10.0.2\bin\zip.dll
0x00007ffa09230000 - 0x00007ffa0923a000 	C:\Program Files\Java\jdk-10.0.2\bin\jimage.dll
0x00007ffa0d140000 - 0x00007ffa0d825000 	C:\WINDOWS\System32\SHELL32.dll
0x00007ffa0e360000 - 0x00007ffa0e409000 	C:\WINDOWS\System32\shcore.dll
0x00007ffa0bf50000 - 0x00007ffa0c6cf000 	C:\WINDOWS\System32\windows.storage.dll
0x00007ffa0ba20000 - 0x00007ffa0ba3f000 	C:\WINDOWS\System32\profapi.dll
0x00007ffa0ba40000 - 0x00007ffa0ba8a000 	C:\WINDOWS\System32\powrprof.dll
0x00007ffa0ba10000 - 0x00007ffa0ba20000 	C:\WINDOWS\System32\UMPDC.dll
0x00007ffa0e0c0000 - 0x00007ffa0e112000 	C:\WINDOWS\System32\shlwapi.dll
0x00007ffa0bab0000 - 0x00007ffa0bac1000 	C:\WINDOWS\System32\kernel.appcore.dll
0x00007ffa0c9d0000 - 0x00007ffa0c9e7000 	C:\WINDOWS\System32\cryptsp.dll
0x00007ffa07590000 - 0x00007ffa075aa000 	C:\Program Files\Java\jdk-10.0.2\bin\net.dll
0x00007ffa01350000 - 0x00007ffa01440000 	C:\WINDOWS\SYSTEM32\WINHTTP.dll
0x00007ffa0ac20000 - 0x00007ffa0ac87000 	C:\WINDOWS\system32\mswsock.dll
0x00007ffa02fd0000 - 0x00007ffa02fe1000 	C:\Program Files\Java\jdk-10.0.2\bin\nio.dll
0x00007ff9d8cc0000 - 0x00007ff9d8e5b000 	C:\Program Files\Java\jdk-10.0.2\bin\awt.dll
0x00007ffa0d830000 - 0x00007ffa0d8f4000 	C:\WINDOWS\System32\OLEAUT32.dll
0x00007ffa07b60000 - 0x00007ffa08120000 	C:\WINDOWS\SYSTEM32\d2d1.dll
0x00007ffa08e40000 - 0x00007ffa08ecf000 	C:\WINDOWS\SYSTEM32\apphelp.dll
0x00007ffa09980000 - 0x00007ffa099ad000 	C:\WINDOWS\system32\DWMAPI.DLL
0x00007ffa09630000 - 0x00007ffa096c9000 	C:\WINDOWS\system32\uxtheme.dll
0x00007ff9e97b0000 - 0x00007ff9e9906000 	C:\WINDOWS\system32\opengl32.dll
0x00007ff9f8000000 - 0x00007ff9f802c000 	C:\WINDOWS\SYSTEM32\GLU32.dll
0x00007ffa0a010000 - 0x00007ffa0a030000 	C:\WINDOWS\SYSTEM32\dxcore.dll
0x00007ffa0ce50000 - 0x00007ffa0cf85000 	C:\WINDOWS\System32\MSCTF.dll
0x00007ffa0e410000 - 0x00007ffa0e566000 	C:\WINDOWS\System32\ole32.dll
0x00007ff9e5130000 - 0x00007ff9e5195000 	C:\Program Files\Java\jdk-10.0.2\bin\fontmanager.dll
0x00007ff9f9280000 - 0x00007ff9f931e000 	C:\WINDOWS\System32\TextInputFramework.dll
0x00007ffa02370000 - 0x00007ffa0269a000 	C:\WINDOWS\System32\CoreUIComponents.dll
0x00007ffa08890000 - 0x00007ffa08964000 	C:\WINDOWS\System32\CoreMessaging.dll
0x00007ffa0b4f0000 - 0x00007ffa0b521000 	C:\WINDOWS\SYSTEM32\ntmarta.dll
0x00007ffa06a00000 - 0x00007ffa06b53000 	C:\WINDOWS\SYSTEM32\wintypes.dll
0x00007ff9e5fc0000 - 0x00007ff9e6002000 	C:\Program Files\Java\jdk-10.0.2\bin\t2k.dll
0x00007ff9f7d50000 - 0x00007ff9f7ff6000 	C:\WINDOWS\System32\iertutil.dll
0x00007ffa0d9d0000 - 0x00007ffa0da72000 	C:\WINDOWS\System32\clbcatq.dll
0x00007ffa00d40000 - 0x00007ffa00eef000 	C:\WINDOWS\SYSTEM32\WindowsCodecs.dll
0x00007ff9eef80000 - 0x00007ff9eefba000 	C:\WINDOWS\system32\dataexchange.dll
0x00007ffa07640000 - 0x00007ffa0789b000 	C:\WINDOWS\system32\d3d11.dll
0x00007ffa085e0000 - 0x00007ffa087bb000 	C:\WINDOWS\system32\dcomp.dll
0x00007ffa0a0a0000 - 0x00007ffa0a18b000 	C:\WINDOWS\system32\dxgi.dll
0x00007ffa09720000 - 0x00007ffa0997a000 	C:\WINDOWS\system32\twinapi.appcore.dll
0x00007ffa09b50000 - 0x00007ffa09b79000 	C:\WINDOWS\system32\RMCLIENT.dll
0x00007ffa0a970000 - 0x00007ffa0aa3a000 	C:\WINDOWS\SYSTEM32\DNSAPI.dll
0x00007ffa0cd90000 - 0x00007ffa0cd98000 	C:\WINDOWS\System32\NSI.dll
0x00007ffa0a930000 - 0x00007ffa0a96a000 	C:\WINDOWS\SYSTEM32\IPHLPAPI.DLL
0x00007ffa04f10000 - 0x00007ffa04f1a000 	C:\Windows\System32\rasadhlp.dll
0x00007ffa04110000 - 0x00007ffa04187000 	C:\WINDOWS\System32\fwpuclnt.dll
0x00007ffa0c8c0000 - 0x00007ffa0c8e6000 	C:\WINDOWS\System32\bcrypt.dll
0x00007ff9f05f0000 - 0x00007ff9f0606000 	C:\WINDOWS\system32\napinsp.dll
0x00007ff9f05d0000 - 0x00007ff9f05ea000 	C:\WINDOWS\system32\pnrpnsp.dll
0x00007ff9f05c0000 - 0x00007ff9f05ce000 	C:\WINDOWS\System32\winrnr.dll
0x00007ffa074e0000 - 0x00007ffa074fc000 	C:\WINDOWS\system32\NLAapi.dll
0x00007ffa05710000 - 0x00007ffa05725000 	C:\WINDOWS\system32\wshbth.dll
0x00007ff9f7cb0000 - 0x00007ff9f7d49000 	C:\WINDOWS\system32\RICHED20.DLL
0x00007ffa05bc0000 - 0x00007ffa05bd9000 	C:\WINDOWS\SYSTEM32\USP10.dll
0x00007ffa018c0000 - 0x00007ffa018f9000 	C:\WINDOWS\SYSTEM32\msls31.dll

dbghelp: loaded successfully - version: 4.0.5 - missing functions: none
symbol engine: initialized successfully - sym options: 0x614 - pdb path: .;C:\Program Files\Java\jdk-10.0.2\bin;C:\WINDOWS\SYSTEM32;C:\Program Files\AVAST Software\Avast;C:\WINDOWS\WinSxS\amd64_microsoft.windows.common-controls_6595b64144ccf1df_6.0.18362.535_none_e6c3b34713100821;C:\Program Files\Java\jdk-10.0.2\bin\server

VM Arguments:
java_command: Mf
java_class_path (initial): hibernatejar\antlr-2.7.6.jar;hibernatejar\asm-attrs.jar;hibernatejar\asm.jar;hibernatejar\c3p0-0.9.1.jar;hibernatejar\cglib-2.1.3.jar;hibernatejar\commons-collections-2.1.1.jar;hibernatejar\commons-logging-1.0.4.jar;hibernatejar\dom4j-1.6.1.jar;hibernatejar\ehcache-1.2.3.jar;hibernatejar\ejb3-persistence.jar;hibernatejar\hibernate-annotations.jar;hibernatejar\hibernate-commons-annotations.jar;hibernatejar\hibernate-validator.jar;hibernatejar\hibernate3.jar;hibernatejar\jdbc2_0-stdext.jar;hibernatejar\jta.jar;hibernatejar\log4j-1.2.11.jar;hibernatejar\ojdbc14.jar;hibernatejar\xerces-2.6.2.jar;.
Launcher Type: SUN_STANDARD

Logging:
Log output configuration:
#0: stdout all=warning uptime,level,tags
#1: stderr all=off uptime,level,tags

Environment Variables:
PATH=C:\Program Files\Java\jdk-10.0.2\bin
USERNAME=SHRUSHTI
OS=Windows_NT
PROCESSOR_IDENTIFIER=Intel64 Family 6 Model 142 Stepping 10, GenuineIntel



---------------  S Y S T E M  ---------------

OS: Windows 10 , 64 bit Build 18362 (10.0.18362.329)

CPU:total 8 (initial active 8) (4 cores per cpu, 2 threads per core) family 6 model 142 stepping 10, cmov, cx8, fxsr, mmx, sse, sse2, sse3, ssse3, sse4.1, sse4.2, popcnt, avx, avx2, aes, clmul, erms, 3dnowpref, lzcnt, ht, tsc, tscinvbit, bmi1, bmi2, adx, fma

Memory: 4k page, physical 8272100k(1267364k free), swap 33437924k(3656k free)

vm_info: Java HotSpot(TM) 64-Bit Server VM (10.0.2+13) for windows-amd64 JRE (10.0.2+13), built on Jun 28 2018 01:57:56 by "mach5one" with MS VC++ 12.0 (VS2013)

END.
