#
# There is insufficient memory for the Java Runtime Environment to continue.
# Native memory allocation (malloc) failed to allocate 32744 bytes for ChunkPool::allocate
# Possible reasons:
#   The system is out of physical RAM or swap space
#   The process is running with CompressedOops enabled, and the Java Heap may be blocking the growth of the native heap
# Possible solutions:
#   Reduce memory load on the system
#   Increase physical memory or swap space
#   Check if swap backing store is full
#   Decrease Java heap size (-Xmx/-Xms)
#   Decrease number of Java threads
#   Decrease Java thread stack sizes (-Xss)
#   Set larger code cache with -XX:ReservedCodeCacheSize=
#   JVM is running with Unscaled Compressed Oops mode in which the Java heap is
#     placed in the first 4GB address space. The Java Heap base address is the
#     maximum limit for the native heap growth. Please use -XX:HeapBaseMinAddress
#     to set the Java Heap base and to place the Java Heap above 4GB virtual address.
# This output file may be truncated or incomplete.
#
#  Out of Memory Error (t:/workspace/open/src/hotspot/share/memory/arena.cpp:82), pid=10620, tid=5788
#
# JRE version: Java(TM) SE Runtime Environment (10.0.2+13) (build 10.0.2+13)
# Java VM: Java HotSpot(TM) 64-Bit Server VM (10.0.2+13, mixed mode, tiered, compressed oops, g1 gc, windows-amd64)
# No core dump will be written. Minidumps are not enabled by default on client versions of Windows
#

---------------  S U M M A R Y ------------

Command Line: Mf

Host: Intel(R) Core(TM) i7-8550U CPU @ 1.80GHz, 8 cores, 7G,  Windows 10 , 64 bit Build 18362 (10.0.18362.329)
Time: Sat Jan 11 23:53:15 2020 India Standard Time elapsed time: 69 seconds (0d 0h 1m 9s)

---------------  T H R E A D  ---------------

Current thread (0x00000144f516c000):  JavaThread "C1 CompilerThread3" daemon [_thread_in_native, id=5788, stack(0x00000042f6100000,0x00000042f6200000)]


Current CompileTask:
C1:  69282 2313   !   3      
[error occurred during error reporting (printing current compile task), id 0xe0000001]

Stack: [0x00000042f6100000,0x00000042f6200000]
Native frames: (J=compiled Java code, j=interpreted, Vv=VM code, C=native code)
V  [jvm.dll+0x5a01a9]
V  [jvm.dll+0x6bcf31]
V  [jvm.dll+0x6be126]
V  [jvm.dll+0x6be7b3]
V  [jvm.dll+0x234978]
V  [jvm.dll+0xbb8fb]
V  [jvm.dll+0xbb6ea]
V  [jvm.dll+0xbbbac]
V  [jvm.dll+0x6595fc]
V  [jvm.dll+0x4852f3]
V  [jvm.dll+0x55ccf9]
V  [jvm.dll+0x2103b5]
V  [jvm.dll+0x21078f]
V  [jvm.dll+0x6bcdb7]
V  [jvm.dll+0x6be126]
V  [jvm.dll+0x6be7b3]
V  [jvm.dll+0x234978]
V  [jvm.dll+0xbb8fb]
V  [jvm.dll+0xbb6ea]
V  [jvm.dll+0xbbbac]
V  [jvm.dll+0x14f817]
V  [jvm.dll+0x15b517]
V  [jvm.dll+0x159b86]
V  [jvm.dll+0x145cfe]
V  [jvm.dll+0x1325d0]
V  [jvm.dll+0x11afe0]
V  [jvm.dll+0x11ab69]
V  [jvm.dll+0x11acd3]
V  [jvm.dll+0x11a003]
V  [jvm.dll+0x11bba7]
V  [jvm.dll+0x20c8dd]
V  [jvm.dll+0x20b6a6]
V  [jvm.dll+0x68b7ff]
V  [jvm.dll+0x59f4b0]
C  [msvcr120.dll+0x24f7f]
C  [msvcr120.dll+0x25126]
C  [KERNEL32.DLL+0x17bd4]
C  [ntdll.dll+0x6ced1]


---------------  P R O C E S S  ---------------

Threads class SMR info:
_java_thread_list=0x00000144f74fdfc0, length=17, elements={
0x00000144f514c000, 0x00000144f5155000, 0x00000144f5ab3800, 0x00000144f5ab4000,
0x00000144f5ab5000, 0x00000144f5ab7800, 0x00000144f5abd800, 0x00000144f516c000,
0x00000144f516d000, 0x00000144f5c85000, 0x00000144f5c89800, 0x00000144f6058000,
0x00000144f601a000, 0x00000144f601b000, 0x00000144f754b800, 0x00000144d1532000,
0x00000144f6420000
}

Java Threads: ( => current thread )
  0x00000144f514c000 JavaThread "Reference Handler" daemon [_thread_blocked, id=11496, stack(0x00000042f5a00000,0x00000042f5b00000)]
  0x00000144f5155000 JavaThread "Finalizer" daemon [_thread_blocked, id=18252, stack(0x00000042f5b00000,0x00000042f5c00000)]
  0x00000144f5ab3800 JavaThread "Signal Dispatcher" daemon [_thread_blocked, id=15816, stack(0x00000042f5c00000,0x00000042f5d00000)]
  0x00000144f5ab4000 JavaThread "Attach Listener" daemon [_thread_blocked, id=16520, stack(0x00000042f5d00000,0x00000042f5e00000)]
  0x00000144f5ab5000 JavaThread "C2 CompilerThread0" daemon [_thread_in_native, id=5784, stack(0x00000042f5e00000,0x00000042f5f00000)]
  0x00000144f5ab7800 JavaThread "C2 CompilerThread1" daemon [_thread_in_native, id=6792, stack(0x00000042f5f00000,0x00000042f6000000)]
  0x00000144f5abd800 JavaThread "C2 CompilerThread2" daemon [_thread_in_native, id=14356, stack(0x00000042f6000000,0x00000042f6100000)]
=>0x00000144f516c000 JavaThread "C1 CompilerThread3" daemon [_thread_in_native, id=5788, stack(0x00000042f6100000,0x00000042f6200000)]
  0x00000144f516d000 JavaThread "Sweeper thread" daemon [_thread_blocked, id=472, stack(0x00000042f6200000,0x00000042f6300000)]
  0x00000144f5c85000 JavaThread "Service Thread" daemon [_thread_blocked, id=5872, stack(0x00000042f6300000,0x00000042f6400000)]
  0x00000144f5c89800 JavaThread "Common-Cleaner" daemon [_thread_blocked, id=3956, stack(0x00000042f6400000,0x00000042f6500000)]
  0x00000144f6058000 JavaThread "Java2D Disposer" daemon [_thread_blocked, id=10276, stack(0x00000042f6600000,0x00000042f6700000)]
  0x00000144f601a000 JavaThread "AWT-Shutdown" [_thread_blocked, id=13092, stack(0x00000042f6700000,0x00000042f6800000)]
  0x00000144f601b000 JavaThread "AWT-Windows" daemon [_thread_in_native, id=13932, stack(0x00000042f6800000,0x00000042f6900000)]
  0x00000144f754b800 JavaThread "AWT-EventQueue-0" [_thread_blocked, id=8000, stack(0x00000042f6900000,0x00000042f6a00000)]
  0x00000144d1532000 JavaThread "DestroyJavaVM" [_thread_blocked, id=15260, stack(0x00000042f4400000,0x00000042f4500000)]
  0x00000144f6420000 JavaThread "TimerQueue" daemon [_thread_blocked, id=10544, stack(0x00000042f6d00000,0x00000042f6e00000)]

Other Threads:
  0x00000144f5146800 VMThread "VM Thread" [stack: 0x00000042f5900000,0x00000042f5a00000] [id=2440]
  0x00000144f5c8a800 WatcherThread [stack: 0x00000042f6500000,0x00000042f6600000] [id=7360]
  0x00000144d154e000 GCTaskThread "GC Thread#0" [stack: 0x00000042f4500000,0x00000042f4600000] [id=11792]
  0x00000144d154f800 GCTaskThread "GC Thread#1" [stack: 0x00000042f4600000,0x00000042f4700000] [id=14268]
  0x00000144d1551000 GCTaskThread "GC Thread#2" [stack: 0x00000042f4700000,0x00000042f4800000] [id=17948]
  0x00000144d1554000 GCTaskThread "GC Thread#3" [stack: 0x00000042f4800000,0x00000042f4900000] [id=6360]
  0x00000144d1559800 GCTaskThread "GC Thread#4" [stack: 0x00000042f4900000,0x00000042f4a00000] [id=14352]
  0x00000144d155b000 GCTaskThread "GC Thread#5" [stack: 0x00000042f4a00000,0x00000042f4b00000] [id=17600]
  0x00000144d155d800 GCTaskThread "GC Thread#6" [stack: 0x00000042f4b00000,0x00000042f4c00000] [id=5848]
  0x00000144d155f000 GCTaskThread "GC Thread#7" [stack: 0x00000042f4c00000,0x00000042f4d00000] [id=14092]
  0x00000144d15d1800 ConcurrentGCThread "G1 Main Marker" [stack: 0x00000042f4d00000,0x00000042f4e00000] [id=15784]
  0x00000144d15d4000 ConcurrentGCThread "G1 Conc#0" [stack: 0x00000042f4e00000,0x00000042f4f00000] [id=2932]
  0x00000144d15d5000 ConcurrentGCThread "G1 Conc#1" [stack: 0x00000042f4f00000,0x00000042f5000000] [id=7448]
  0x00000144f4fb8800 ConcurrentGCThread "G1 Refine#0" [stack: 0x00000042f5000000,0x00000042f5100000] [id=7652]
  0x00000144f4fb9000 ConcurrentGCThread "G1 Refine#1" [stack: 0x00000042f5100000,0x00000042f5200000] [id=10512]
  0x00000144f4fbe000 ConcurrentGCThread "G1 Refine#2" [stack: 0x00000042f5200000,0x00000042f5300000] [id=16880]
  0x00000144f4fc6800 ConcurrentGCThread "G1 Refine#3" [stack: 0x00000042f5300000,0x00000042f5400000] [id=17520]
  0x00000144f4fd1800 ConcurrentGCThread "G1 Refine#4" [stack: 0x00000042f5400000,0x00000042f5500000] [id=17088]
  0x00000144f4fda800 ConcurrentGCThread "G1 Refine#5" [stack: 0x00000042f5500000,0x00000042f5600000] [id=4264]
  0x00000144f4fd4800 ConcurrentGCThread "G1 Refine#6" [stack: 0x00000042f5600000,0x00000042f5700000] [id=10396]
  0x00000144f4fd6800 ConcurrentGCThread "G1 Refine#7" [stack: 0x00000042f5700000,0x00000042f5800000] [id=2184]
  0x00000144f4fe0000 ConcurrentGCThread "G1 Young RemSet Sampling" [stack: 0x00000042f5800000,0x00000042f5900000] [id=12860]

Threads with active compile tasks:
C2 CompilerThread02319 %     4       java.awt.GradientPaintContext::cycleFillRaster @ 55 (104 bytes)
C2 CompilerThread12315       4       java.util.concurrent.locks.ReentrantLock$Sync::nonfairTryAcquire (67 bytes)
C2 CompilerThread22314       4       java.util.concurrent.locks.ReentrantLock$NonfairSync::tryAcquire (6 bytes)
C1 CompilerThread32313   !   3       java.awt.DefaultKeyboardFocusManager::dispatchEvent (1611 bytes)

VM state:not at safepoint (normal execution)

VM Mutex/Monitor currently owned by a thread: None

Heap address: 0x0000000081c00000, size: 2020 MB, Compressed Oops mode: 32-bit
Narrow klass base: 0x0000000000000000, Narrow klass shift: 3
Compressed class space size: 1073741824 Address: 0x0000000100000000

Heap:
 garbage-first heap   total 131072K, used 29348K [0x0000000081c00000, 0x0000000100000000)
  region size 1024K, 26 young (26624K), 4 survivors (4096K)
 Metaspace       used 28407K, capacity 28930K, committed 29312K, reserved 1075200K
  class space    used 3104K, capacity 3354K, committed 3456K, reserved 1048576K
Heap Regions: E=young(eden), S=young(survivor), O=old, HS=humongous(starts), HC=humongous(continues), CS=collection set, F=free, A=archive, TS=gc time stamp, AC=allocation context, TAMS=top-at-mark-start (previous, next)
|   0|0x0000000081c00000, 0x0000000081d00000, 0x0000000081d00000|100%|HS|  |TS  0|AC  0|TAMS 0x0000000081d00000, 0x0000000081d00000|
|   1|0x0000000081d00000, 0x0000000081e00000, 0x0000000081e00000|100%|HC|  |TS  0|AC  0|TAMS 0x0000000081e00000, 0x0000000081e00000|
|   2|0x0000000081e00000, 0x0000000081f00000, 0x0000000081f00000|100%|HC|  |TS  0|AC  0|TAMS 0x0000000081f00000, 0x0000000081f00000|
|   3|0x0000000081f00000, 0x0000000082000000, 0x0000000082000000|100%| O|  |TS  0|AC  0|TAMS 0x0000000082000000, 0x0000000082000000|
|   4|0x0000000082000000, 0x0000000082000000, 0x0000000082100000|  0%| F|  |TS  0|AC  0|TAMS 0x0000000082000000, 0x0000000082000000|
|   5|0x0000000082100000, 0x0000000082100000, 0x0000000082200000|  0%| F|  |TS  0|AC  0|TAMS 0x0000000082100000, 0x0000000082100000|
|   6|0x0000000082200000, 0x0000000082200000, 0x0000000082300000|  0%| F|  |TS  0|AC  0|TAMS 0x0000000082200000, 0x0000000082200000|
|   7|0x0000000082300000, 0x0000000082300000, 0x0000000082400000|  0%| F|  |TS  0|AC  0|TAMS 0x0000000082300000, 0x0000000082300000|
|   8|0x0000000082400000, 0x0000000082400000, 0x0000000082500000|  0%| F|  |TS  0|AC  0|TAMS 0x0000000082400000, 0x0000000082400000|
|   9|0x0000000082500000, 0x0000000082500000, 0x0000000082600000|  0%| F|  |TS  0|AC  0|TAMS 0x0000000082500000, 0x0000000082500000|
|  10|0x0000000082600000, 0x0000000082600000, 0x0000000082700000|  0%| F|  |TS  0|AC  0|TAMS 0x0000000082600000, 0x0000000082600000|
|  11|0x0000000082700000, 0x0000000082700000, 0x0000000082800000|  0%| F|  |TS  0|AC  0|TAMS 0x0000000082700000, 0x0000000082700000|
|  12|0x0000000082800000, 0x0000000082800000, 0x0000000082900000|  0%| F|  |TS  0|AC  0|TAMS 0x0000000082800000, 0x0000000082800000|
|  13|0x0000000082900000, 0x0000000082900000, 0x0000000082a00000|  0%| F|  |TS  0|AC  0|TAMS 0x0000000082900000, 0x0000000082900000|
|  14|0x0000000082a00000, 0x0000000082a00000, 0x0000000082b00000|  0%| F|  |TS  0|AC  0|TAMS 0x0000000082a00000, 0x0000000082a00000|
|  15|0x0000000082b00000, 0x0000000082b00000, 0x0000000082c00000|  0%| F|  |TS  0|AC  0|TAMS 0x0000000082b00000, 0x0000000082b00000|
|  16|0x0000000082c00000, 0x0000000082c00000, 0x0000000082d00000|  0%| F|  |TS  0|AC  0|TAMS 0x0000000082c00000, 0x0000000082c00000|
|  17|0x0000000082d00000, 0x0000000082d00000, 0x0000000082e00000|  0%| F|  |TS  0|AC  0|TAMS 0x0000000082d00000, 0x0000000082d00000|
|  18|0x0000000082e00000, 0x0000000082e00000, 0x0000000082f00000|  0%| F|  |TS  0|AC  0|TAMS 0x0000000082e00000, 0x0000000082e00000|
|  19|0x0000000082f00000, 0x0000000082f00000, 0x0000000083000000|  0%| F|  |TS  0|AC  0|TAMS 0x0000000082f00000, 0x0000000082f00000|
|  20|0x0000000083000000, 0x0000000083000000, 0x0000000083100000|  0%| F|  |TS  0|AC  0|TAMS 0x0000000083000000, 0x0000000083000000|
|  21|0x0000000083100000, 0x0000000083100000, 0x0000000083200000|  0%| F|  |TS  0|AC  0|TAMS 0x0000000083100000, 0x0000000083100000|
|  22|0x0000000083200000, 0x0000000083200000, 0x0000000083300000|  0%| F|  |TS  0|AC  0|TAMS 0x0000000083200000, 0x0000000083200000|
|  23|0x0000000083300000, 0x0000000083300000, 0x0000000083400000|  0%| F|  |TS  0|AC  0|TAMS 0x0000000083300000, 0x0000000083300000|
|  24|0x0000000083400000, 0x0000000083400000, 0x0000000083500000|  0%| F|  |TS  0|AC  0|TAMS 0x0000000083400000, 0x0000000083400000|
|  25|0x0000000083500000, 0x0000000083500000, 0x0000000083600000|  0%| F|  |TS  0|AC  0|TAMS 0x0000000083500000, 0x0000000083500000|
|  26|0x0000000083600000, 0x0000000083600000, 0x0000000083700000|  0%| F|  |TS  0|AC  0|TAMS 0x0000000083600000, 0x0000000083600000|
|  27|0x0000000083700000, 0x0000000083700000, 0x0000000083800000|  0%| F|  |TS  0|AC  0|TAMS 0x0000000083700000, 0x0000000083700000|
|  28|0x0000000083800000, 0x0000000083800000, 0x0000000083900000|  0%| F|  |TS  0|AC  0|TAMS 0x0000000083800000, 0x0000000083800000|
|  29|0x0000000083900000, 0x0000000083900000, 0x0000000083a00000|  0%| F|  |TS  0|AC  0|TAMS 0x0000000083900000, 0x0000000083900000|
|  30|0x0000000083a00000, 0x0000000083a00000, 0x0000000083b00000|  0%| F|  |TS  0|AC  0|TAMS 0x0000000083a00000, 0x0000000083a00000|
|  31|0x0000000083b00000, 0x0000000083b00000, 0x0000000083c00000|  0%| F|  |TS  0|AC  0|TAMS 0x0000000083b00000, 0x0000000083b00000|
|  32|0x0000000083c00000, 0x0000000083c00000, 0x0000000083d00000|  0%| F|  |TS  0|AC  0|TAMS 0x0000000083c00000, 0x0000000083c00000|
|  33|0x0000000083d00000, 0x0000000083d00000, 0x0000000083e00000|  0%| F|  |TS  0|AC  0|TAMS 0x0000000083d00000, 0x0000000083d00000|
|  34|0x0000000083e00000, 0x0000000083e00000, 0x0000000083f00000|  0%| F|  |TS  0|AC  0|TAMS 0x0000000083e00000, 0x0000000083e00000|
|  35|0x0000000083f00000, 0x0000000083f00000, 0x0000000084000000|  0%| F|  |TS  0|AC  0|TAMS 0x0000000083f00000, 0x0000000083f00000|
|  36|0x0000000084000000, 0x0000000084000000, 0x0000000084100000|  0%| F|  |TS  0|AC  0|TAMS 0x0000000084000000, 0x0000000084000000|
|  37|0x0000000084100000, 0x0000000084100000, 0x0000000084200000|  0%| F|  |TS  0|AC  0|TAMS 0x0000000084100000, 0x0000000084100000|
|  38|0x0000000084200000, 0x0000000084200000, 0x0000000084300000|  0%| F|  |TS  0|AC  0|TAMS 0x0000000084200000, 0x0000000084200000|
|  39|0x0000000084300000, 0x0000000084300000, 0x0000000084400000|  0%| F|  |TS  0|AC  0|TAMS 0x0000000084300000, 0x0000000084300000|
|  40|0x0000000084400000, 0x0000000084400000, 0x0000000084500000|  0%| F|  |TS  0|AC  0|TAMS 0x0000000084400000, 0x0000000084400000|
|  41|0x0000000084500000, 0x0000000084500000, 0x0000000084600000|  0%| F|  |TS  0|AC  0|TAMS 0x0000000084500000, 0x0000000084500000|
|  42|0x0000000084600000, 0x0000000084600000, 0x0000000084700000|  0%| F|  |TS  0|AC  0|TAMS 0x0000000084600000, 0x0000000084600000|
|  43|0x0000000084700000, 0x0000000084700000, 0x0000000084800000|  0%| F|  |TS  0|AC  0|TAMS 0x0000000084700000, 0x0000000084700000|
|  44|0x0000000084800000, 0x0000000084800000, 0x0000000084900000|  0%| F|  |TS  0|AC  0|TAMS 0x0000000084800000, 0x0000000084800000|
|  45|0x0000000084900000, 0x0000000084900000, 0x0000000084a00000|  0%| F|  |TS  0|AC  0|TAMS 0x0000000084900000, 0x0000000084900000|
|  46|0x0000000084a00000, 0x0000000084a00000, 0x0000000084b00000|  0%| F|  |TS  0|AC  0|TAMS 0x0000000084a00000, 0x0000000084a00000|
|  47|0x0000000084b00000, 0x0000000084b00000, 0x0000000084c00000|  0%| F|  |TS  0|AC  0|TAMS 0x0000000084b00000, 0x0000000084b00000|
|  48|0x0000000084c00000, 0x0000000084c00000, 0x0000000084d00000|  0%| F|  |TS  0|AC  0|TAMS 0x0000000084c00000, 0x0000000084c00000|
|  49|0x0000000084d00000, 0x0000000084d00000, 0x0000000084e00000|  0%| F|  |TS  0|AC  0|TAMS 0x0000000084d00000, 0x0000000084d00000|
|  50|0x0000000084e00000, 0x0000000084e00000, 0x0000000084f00000|  0%| F|  |TS  0|AC  0|TAMS 0x0000000084e00000, 0x0000000084e00000|
|  51|0x0000000084f00000, 0x0000000084f00000, 0x0000000085000000|  0%| F|  |TS  0|AC  0|TAMS 0x0000000084f00000, 0x0000000084f00000|
|  52|0x0000000085000000, 0x0000000085000000, 0x0000000085100000|  0%| F|  |TS  0|AC  0|TAMS 0x0000000085000000, 0x0000000085000000|
|  53|0x0000000085100000, 0x0000000085100000, 0x0000000085200000|  0%| F|  |TS  0|AC  0|TAMS 0x0000000085100000, 0x0000000085100000|
|  54|0x0000000085200000, 0x0000000085200000, 0x0000000085300000|  0%| F|  |TS  0|AC  0|TAMS 0x0000000085200000, 0x0000000085200000|
|  55|0x0000000085300000, 0x0000000085300000, 0x0000000085400000|  0%| F|  |TS  0|AC  0|TAMS 0x0000000085300000, 0x0000000085300000|
|  56|0x0000000085400000, 0x0000000085400000, 0x0000000085500000|  0%| F|  |TS  0|AC  0|TAMS 0x0000000085400000, 0x0000000085400000|
|  57|0x0000000085500000, 0x0000000085500000, 0x0000000085600000|  0%| F|  |TS  0|AC  0|TAMS 0x0000000085500000, 0x0000000085500000|
|  58|0x0000000085600000, 0x0000000085600000, 0x0000000085700000|  0%| F|  |TS  0|AC  0|TAMS 0x0000000085600000, 0x0000000085600000|
|  59|0x0000000085700000, 0x0000000085700000, 0x0000000085800000|  0%| F|  |TS  0|AC  0|TAMS 0x0000000085700000, 0x0000000085700000|
|  60|0x0000000085800000, 0x0000000085800000, 0x0000000085900000|  0%| F|  |TS  0|AC  0|TAMS 0x0000000085800000, 0x0000000085800000|
|  61|0x0000000085900000, 0x0000000085900000, 0x0000000085a00000|  0%| F|  |TS  0|AC  0|TAMS 0x0000000085900000, 0x0000000085900000|
|  62|0x0000000085a00000, 0x0000000085a00000, 0x0000000085b00000|  0%| F|  |TS  0|AC  0|TAMS 0x0000000085a00000, 0x0000000085a00000|
|  63|0x0000000085b00000, 0x0000000085b00000, 0x0000000085c00000|  0%| F|  |TS  0|AC  0|TAMS 0x0000000085b00000, 0x0000000085b00000|
|  64|0x0000000085c00000, 0x0000000085c00000, 0x0000000085d00000|  0%| F|  |TS  0|AC  0|TAMS 0x0000000085c00000, 0x0000000085c00000|
|  65|0x0000000085d00000, 0x0000000085d00000, 0x0000000085e00000|  0%| F|  |TS  0|AC  0|TAMS 0x0000000085d00000, 0x0000000085d00000|
|  66|0x0000000085e00000, 0x0000000085e00000, 0x0000000085f00000|  0%| F|  |TS  0|AC  0|TAMS 0x0000000085e00000, 0x0000000085e00000|
|  67|0x0000000085f00000, 0x0000000085f00000, 0x0000000086000000|  0%| F|  |TS  0|AC  0|TAMS 0x0000000085f00000, 0x0000000085f00000|
|  68|0x0000000086000000, 0x0000000086000000, 0x0000000086100000|  0%| F|  |TS  0|AC  0|TAMS 0x0000000086000000, 0x0000000086000000|
|  69|0x0000000086100000, 0x0000000086100000, 0x0000000086200000|  0%| F|  |TS  0|AC  0|TAMS 0x0000000086100000, 0x0000000086100000|
|  70|0x0000000086200000, 0x0000000086200000, 0x0000000086300000|  0%| F|  |TS  0|AC  0|TAMS 0x0000000086200000, 0x0000000086200000|
|  71|0x0000000086300000, 0x0000000086300000, 0x0000000086400000|  0%| F|  |TS  0|AC  0|TAMS 0x0000000086300000, 0x0000000086300000|
|  72|0x0000000086400000, 0x0000000086400000, 0x0000000086500000|  0%| F|  |TS  0|AC  0|TAMS 0x0000000086400000, 0x0000000086400000|
|  73|0x0000000086500000, 0x0000000086500000, 0x0000000086600000|  0%| F|  |TS  0|AC  0|TAMS 0x0000000086500000, 0x0000000086500000|
|  74|0x0000000086600000, 0x0000000086600000, 0x0000000086700000|  0%| F|  |TS  0|AC  0|TAMS 0x0000000086600000, 0x0000000086600000|
|  75|0x0000000086700000, 0x0000000086700000, 0x0000000086800000|  0%| F|  |TS  0|AC  0|TAMS 0x0000000086700000, 0x0000000086700000|
|  76|0x0000000086800000, 0x0000000086800000, 0x0000000086900000|  0%| F|  |TS  0|AC  0|TAMS 0x0000000086800000, 0x0000000086800000|
|  77|0x0000000086900000, 0x0000000086900000, 0x0000000086a00000|  0%| F|  |TS  0|AC  0|TAMS 0x0000000086900000, 0x0000000086900000|
|  78|0x0000000086a00000, 0x0000000086a00000, 0x0000000086b00000|  0%| F|  |TS  0|AC  0|TAMS 0x0000000086a00000, 0x0000000086a00000|
|  79|0x0000000086b00000, 0x0000000086b00000, 0x0000000086c00000|  0%| F|  |TS  0|AC  0|TAMS 0x0000000086b00000, 0x0000000086b00000|
|  80|0x0000000086c00000, 0x0000000086c00000, 0x0000000086d00000|  0%| F|  |TS  0|AC  0|TAMS 0x0000000086c00000, 0x0000000086c00000|
|  81|0x0000000086d00000, 0x0000000086d00000, 0x0000000086e00000|  0%| F|  |TS  0|AC  0|TAMS 0x0000000086d00000, 0x0000000086d00000|
|  82|0x0000000086e00000, 0x0000000086e00000, 0x0000000086f00000|  0%| F|  |TS  0|AC  0|TAMS 0x0000000086e00000, 0x0000000086e00000|
|  83|0x0000000086f00000, 0x0000000086f00000, 0x0000000087000000|  0%| F|  |TS  0|AC  0|TAMS 0x0000000086f00000, 0x0000000086f00000|
|  84|0x0000000087000000, 0x0000000087000000, 0x0000000087100000|  0%| F|  |TS  0|AC  0|TAMS 0x0000000087000000, 0x0000000087000000|
|  85|0x0000000087100000, 0x0000000087100000, 0x0000000087200000|  0%| F|  |TS  0|AC  0|TAMS 0x0000000087100000, 0x0000000087100000|
|  86|0x0000000087200000, 0x0000000087200000, 0x0000000087300000|  0%| F|  |TS  0|AC  0|TAMS 0x0000000087200000, 0x0000000087200000|
|  87|0x0000000087300000, 0x0000000087300000, 0x0000000087400000|  0%| F|  |TS  0|AC  0|TAMS 0x0000000087300000, 0x0000000087300000|
|  88|0x0000000087400000, 0x0000000087400000, 0x0000000087500000|  0%| F|  |TS  0|AC  0|TAMS 0x0000000087400000, 0x0000000087400000|
|  89|0x0000000087500000, 0x0000000087500000, 0x0000000087600000|  0%| F|  |TS  0|AC  0|TAMS 0x0000000087500000, 0x0000000087500000|
|  90|0x0000000087600000, 0x0000000087600000, 0x0000000087700000|  0%| F|  |TS  0|AC  0|TAMS 0x0000000087600000, 0x0000000087600000|
|  91|0x0000000087700000, 0x0000000087700000, 0x0000000087800000|  0%| F|  |TS  0|AC  0|TAMS 0x0000000087700000, 0x0000000087700000|
|  92|0x0000000087800000, 0x0000000087800000, 0x0000000087900000|  0%| F|  |TS  0|AC  0|TAMS 0x0000000087800000, 0x0000000087800000|
|  93|0x0000000087900000, 0x0000000087900000, 0x0000000087a00000|  0%| F|  |TS  0|AC  0|TAMS 0x0000000087900000, 0x0000000087900000|
|  94|0x0000000087a00000, 0x0000000087a00000, 0x0000000087b00000|  0%| F|  |TS  0|AC  0|TAMS 0x0000000087a00000, 0x0000000087a00000|
|  95|0x0000000087b00000, 0x0000000087b00000, 0x0000000087c00000|  0%| F|  |TS  0|AC  0|TAMS 0x0000000087b00000, 0x0000000087b00000|
|  96|0x0000000087c00000, 0x0000000087c00000, 0x0000000087d00000|  0%| F|  |TS  0|AC  0|TAMS 0x0000000087c00000, 0x0000000087c00000|
|  97|0x0000000087d00000, 0x0000000087d00000, 0x0000000087e00000|  0%| F|  |TS  0|AC  0|TAMS 0x0000000087d00000, 0x0000000087d00000|
|  98|0x0000000087e00000, 0x0000000087e00000, 0x0000000087f00000|  0%| F|  |TS  0|AC  0|TAMS 0x0000000087e00000, 0x0000000087e00000|
|  99|0x0000000087f00000, 0x0000000087f00000, 0x0000000088000000|  0%| F|  |TS  0|AC  0|TAMS 0x0000000087f00000, 0x0000000087f00000|
| 100|0x0000000088000000, 0x0000000088000000, 0x0000000088100000|  0%| F|  |TS  0|AC  0|TAMS 0x0000000088000000, 0x0000000088000000|
| 101|0x0000000088100000, 0x0000000088100000, 0x0000000088200000|  0%| F|  |TS  0|AC  0|TAMS 0x0000000088100000, 0x0000000088100000|
| 102|0x0000000088200000, 0x00000000882fa580, 0x0000000088300000| 97%| E|  |TS  0|AC  0|TAMS 0x0000000088200000, 0x0000000088200000|
| 103|0x0000000088300000, 0x0000000088400000, 0x0000000088400000|100%| E|CS|TS  0|AC  0|TAMS 0x0000000088300000, 0x0000000088300000|
| 104|0x0000000088400000, 0x0000000088500000, 0x0000000088500000|100%| E|CS|TS  0|AC  0|TAMS 0x0000000088400000, 0x0000000088400000|
| 105|0x0000000088500000, 0x0000000088600000, 0x0000000088600000|100%| E|CS|TS  0|AC  0|TAMS 0x0000000088500000, 0x0000000088500000|
| 106|0x0000000088600000, 0x0000000088700000, 0x0000000088700000|100%| E|CS|TS  0|AC  0|TAMS 0x0000000088600000, 0x0000000088600000|
| 107|0x0000000088700000, 0x0000000088800000, 0x0000000088800000|100%| E|CS|TS  0|AC  0|TAMS 0x0000000088700000, 0x0000000088700000|
| 108|0x0000000088800000, 0x0000000088900000, 0x0000000088900000|100%| E|CS|TS  0|AC  0|TAMS 0x0000000088800000, 0x0000000088800000|
| 109|0x0000000088900000, 0x0000000088a00000, 0x0000000088a00000|100%| E|CS|TS  0|AC  0|TAMS 0x0000000088900000, 0x0000000088900000|
| 110|0x0000000088a00000, 0x0000000088b00000, 0x0000000088b00000|100%| E|CS|TS  0|AC  0|TAMS 0x0000000088a00000, 0x0000000088a00000|
| 111|0x0000000088b00000, 0x0000000088c00000, 0x0000000088c00000|100%| E|CS|TS  0|AC  0|TAMS 0x0000000088b00000, 0x0000000088b00000|
| 112|0x0000000088c00000, 0x0000000088d00000, 0x0000000088d00000|100%| E|CS|TS  0|AC  0|TAMS 0x0000000088c00000, 0x0000000088c00000|
| 113|0x0000000088d00000, 0x0000000088e00000, 0x0000000088e00000|100%| E|CS|TS  0|AC  0|TAMS 0x0000000088d00000, 0x0000000088d00000|
| 114|0x0000000088e00000, 0x0000000088f00000, 0x0000000088f00000|100%| E|CS|TS  0|AC  0|TAMS 0x0000000088e00000, 0x0000000088e00000|
| 115|0x0000000088f00000, 0x0000000089000000, 0x0000000089000000|100%| E|CS|TS  0|AC  0|TAMS 0x0000000088f00000, 0x0000000088f00000|
| 116|0x0000000089000000, 0x0000000089100000, 0x0000000089100000|100%| E|CS|TS  0|AC  0|TAMS 0x0000000089000000, 0x0000000089000000|
| 117|0x0000000089100000, 0x0000000089200000, 0x0000000089200000|100%| E|CS|TS  0|AC  0|TAMS 0x0000000089100000, 0x0000000089100000|
| 118|0x0000000089200000, 0x00000000892a9120, 0x0000000089300000| 66%| S|CS|TS  0|AC  0|TAMS 0x0000000089200000, 0x0000000089200000|
| 119|0x0000000089300000, 0x0000000089400000, 0x0000000089400000|100%| S|CS|TS  0|AC  0|TAMS 0x0000000089300000, 0x0000000089300000|
| 120|0x0000000089400000, 0x0000000089500000, 0x0000000089500000|100%| S|CS|TS  0|AC  0|TAMS 0x0000000089400000, 0x0000000089400000|
| 121|0x0000000089500000, 0x0000000089600000, 0x0000000089600000|100%| S|CS|TS  0|AC  0|TAMS 0x0000000089500000, 0x0000000089500000|
| 122|0x0000000089600000, 0x0000000089700000, 0x0000000089700000|100%| E|CS|TS  0|AC  0|TAMS 0x0000000089600000, 0x0000000089600000|
| 123|0x0000000089700000, 0x0000000089800000, 0x0000000089800000|100%| E|CS|TS  0|AC  0|TAMS 0x0000000089700000, 0x0000000089700000|
| 124|0x0000000089800000, 0x0000000089900000, 0x0000000089900000|100%| E|CS|TS  0|AC  0|TAMS 0x0000000089800000, 0x0000000089800000|
| 125|0x0000000089900000, 0x0000000089a00000, 0x0000000089a00000|100%| E|CS|TS  0|AC  0|TAMS 0x0000000089900000, 0x0000000089900000|
| 126|0x0000000089a00000, 0x0000000089b00000, 0x0000000089b00000|100%| E|CS|TS  0|AC  0|TAMS 0x0000000089a00000, 0x0000000089a00000|
| 127|0x0000000089b00000, 0x0000000089c00000, 0x0000000089c00000|100%| E|CS|TS  0|AC  0|TAMS 0x0000000089b00000, 0x0000000089b00000|

Card table byte_map: [0x00000144edf50000,0x00000144ee350000] byte_map_base: 0x00000144edb42000

Marking Bits (Prev, Next): (CMBitMap*) 0x00000144d15cf958, (CMBitMap*) 0x00000144d15cf920
 Prev Bits: [0x00000144f06e0000, 0x00000144f2670000)
 Next Bits: [0x00000144ee750000, 0x00000144f06e0000)

Polling page: 0x00000144d12e0000

CodeHeap 'non-profiled nmethods': size=120000Kb used=874Kb max_used=874Kb free=119125Kb
 bounds [0x00000144e5bb0000, 0x00000144e5e20000, 0x00000144ed0e0000]
CodeHeap 'profiled nmethods': size=120000Kb used=4557Kb max_used=4557Kb free=115442Kb
 bounds [0x00000144de680000, 0x00000144deb00000, 0x00000144e5bb0000]
CodeHeap 'non-nmethods': size=5760Kb used=1269Kb max_used=1295Kb free=4490Kb
 bounds [0x00000144de0e0000, 0x00000144de350000, 0x00000144de680000]
 total_blobs=3407 nmethods=2310 adapters=580
 compilation: enabled

Compilation events (10 events):
Event: 63.497 Thread 0x00000144f516c000 nmethod 2309 0x00000144deaee410 code [0x00000144deaee640, 0x00000144deaeef00]
Event: 63.520 Thread 0x00000144f516c000 2310       3       java.awt.LightweightDispatcher::processMouseEvent (265 bytes)
Event: 63.524 Thread 0x00000144f516c000 nmethod 2310 0x00000144deaef090 code [0x00000144deaef3e0, 0x00000144deaf0960]
Event: 63.560 Thread 0x00000144f516c000 2311       3       sun.awt.windows.WComponentPeer::handleJavaMouseEvent (75 bytes)
Event: 63.562 Thread 0x00000144f516c000 nmethod 2311 0x00000144deaf0f10 code [0x00000144deaf11a0, 0x00000144deaf1f60]
Event: 63.592 Thread 0x00000144f516c000 2312       3       java.awt.LightweightDispatcher::trackMouseEnterExit (111 bytes)
Event: 63.594 Thread 0x00000144f516c000 nmethod 2312 0x00000144deaf2310 code [0x00000144deaf25a0, 0x00000144deaf33d0]
Event: 69.145 Thread 0x00000144f516c000 2313   !   3       java.awt.DefaultKeyboardFocusManager::dispatchEvent (1611 bytes)
Event: 69.167 Thread 0x00000144f5abd800 2314       4       java.util.concurrent.locks.ReentrantLock$NonfairSync::tryAcquire (6 bytes)
Event: 69.168 Thread 0x00000144f5ab7800 2315       4       java.util.concurrent.locks.ReentrantLock$Sync::nonfairTryAcquire (67 bytes)

GC Heap History (4 events):
Event: 17.406 GC heap before
{Heap before GC invocations=0 (full 0):
 garbage-first heap   total 131072K, used 27648K [0x0000000081c00000, 0x0000000100000000)
  region size 1024K, 24 young (24576K), 0 survivors (0K)
 Metaspace       used 19309K, capacity 19783K, committed 19968K, reserved 1067008K
  class space    used 2037K, capacity 2242K, committed 2304K, reserved 1048576K
}
Event: 17.422 GC heap after
{Heap after GC invocations=1 (full 0):
 garbage-first heap   total 131072K, used 7200K [0x0000000081c00000, 0x0000000100000000)
  region size 1024K, 3 young (3072K), 3 survivors (3072K)
 Metaspace       used 19309K, capacity 19783K, committed 19968K, reserved 1067008K
  class space    used 2037K, capacity 2242K, committed 2304K, reserved 1048576K
}
Event: 52.797 GC heap before
{Heap before GC invocations=1 (full 0):
 garbage-first heap   total 131072K, used 12320K [0x0000000081c00000, 0x0000000100000000)
  region size 1024K, 9 young (9216K), 3 survivors (3072K)
 Metaspace       used 20641K, capacity 21097K, committed 21296K, reserved 1069056K
  class space    used 2189K, capacity 2402K, committed 2432K, reserved 1048576K
}
Event: 52.881 GC heap after
{Heap after GC invocations=2 (full 0):
 garbage-first heap   total 131072K, used 7876K [0x0000000081c00000, 0x0000000100000000)
  region size 1024K, 4 young (4096K), 4 survivors (4096K)
 Metaspace       used 20641K, capacity 21097K, committed 21296K, reserved 1069056K
  class space    used 2189K, capacity 2402K, committed 2432K, reserved 1048576K
}

Deoptimization events (10 events):
Event: 14.275 Thread 0x00000144f754b800 Uncommon trap: reason=unstable_if action=reinterpret pc=0x00000144e5be6ee8 method=java.util.concurrent.ConcurrentHashMap.get(Ljava/lang/Object;)Ljava/lang/Object; @ 76 c2
Event: 14.336 Thread 0x00000144f754b800 Uncommon trap: reason=unstable_if action=reinterpret pc=0x00000144e5bec310 method=java.lang.AbstractStringBuilder.append(Ljava/lang/String;)Ljava/lang/AbstractStringBuilder; @ 1 c2
Event: 14.360 Thread 0x00000144f754b800 Uncommon trap: reason=unstable_if action=reinterpret pc=0x00000144e5c13cc4 method=java.nio.Buffer.limit(I)Ljava/nio/Buffer; @ 45 c2
Event: 14.572 Thread 0x00000144f754b800 Uncommon trap: reason=unstable_if action=reinterpret pc=0x00000144e5c16428 method=java.lang.ThreadLocal$ThreadLocalMap.getEntry(Ljava/lang/ThreadLocal;)Ljava/lang/ThreadLocal$ThreadLocalMap$Entry; @ 21 c2
Event: 14.888 Thread 0x00000144f754b800 Uncommon trap: reason=unstable_if action=reinterpret pc=0x00000144e5c0cdc4 method=java.nio.Buffer.position(I)Ljava/nio/Buffer; @ 45 c2
Event: 17.431 Thread 0x00000144f754b800 Uncommon trap: reason=unstable_if action=reinterpret pc=0x00000144e5c2be74 method=java.lang.ref.SoftReference.get()Ljava/lang/Object; @ 17 c2
Event: 48.775 Thread 0x00000144f754b800 Uncommon trap: reason=unstable_if action=reinterpret pc=0x00000144e5bfe5a0 method=java.lang.ref.ReferenceQueue.poll()Ljava/lang/ref/Reference; @ 4 c2
Event: 48.776 Thread 0x00000144f754b800 Uncommon trap: reason=unstable_if action=reinterpret pc=0x00000144e5c18c78 method=java.lang.ref.ReferenceQueue.poll()Ljava/lang/ref/Reference; @ 4 c2
Event: 53.662 Thread 0x00000144f754b800 Uncommon trap: reason=unstable_if action=reinterpret pc=0x00000144e5bfad0c method=java.lang.ref.ReferenceQueue.poll()Ljava/lang/ref/Reference; @ 4 c2
Event: 56.088 Thread 0x00000144f754b800 Uncommon trap: reason=intrinsic_or_type_checked_inlining action=make_not_entrant pc=0x00000144e5c748f4 method=java.util.Arrays.copyOf([Ljava/lang/Object;ILjava/lang/Class;)[Ljava/lang/Object; @ 35 c2

Classes redefined (0 events):
No events

Internal exceptions (10 events):
Event: 55.659 Thread 0x00000144f754b800 Exception <a 'java/lang/ClassNotFoundException'{0x0000000089010a48}: org/hibernate/util/CloneableCustomizer> (0x0000000089010a48) thrown at [t:/workspace/open/src/hotspot/share/classfile/systemDictionary.cpp, line 233]
Event: 55.927 Thread 0x00000144f754b800 Exception <a 'java/lang/ClassNotFoundException'{0x0000000089017570}: org/hibernate/event/EventListenersCustomizer> (0x0000000089017570) thrown at [t:/workspace/open/src/hotspot/share/classfile/systemDictionary.cpp, line 233]
Event: 57.211 Thread 0x00000144f754b800 Exception <a 'java/lang/NoSuchMethodError'{0x0000000088897e78}: java.lang.Object.lambda$union$2(Ljava/util/regex/Pattern$CharPredicate;I)Z> (0x0000000088897e78) thrown at [t:/workspace/open/src/hotspot/share/interpreter/linkResolver.cpp, line 741]
Event: 57.907 Thread 0x00000144f754b800 Exception <a 'java/lang/NoSuchMethodError'{0x00000000883bec50}: java.lang.invoke.DirectMethodHandle$Holder.invokeSpecial(Ljava/lang/Object;Ljava/lang/Object;IIIILjava/lang/Object;Ljava/lang/Object;)Ljava/lang/Object;> (0x00000000883bec50) thrown at [t:/wo
Event: 57.908 Thread 0x00000144f754b800 Exception <a 'java/lang/NoSuchMethodError'{0x00000000883c2570}: java.lang.invoke.DelegatingMethodHandle$Holder.reinvoke_L(Ljava/lang/Object;IIIILjava/lang/Object;Ljava/lang/Object;)Ljava/lang/Object;> (0x00000000883c2570) thrown at [t:/workspace/open/src/
Event: 57.923 Thread 0x00000144f754b800 Exception <a 'java/lang/NoSuchMethodError'{0x00000000883c9ed8}: java.lang.invoke.DirectMethodHandle$Holder.invokeStatic(Ljava/lang/Object;Ljava/lang/Object;Ljava/lang/Object;Ljava/lang/Object;Ljava/lang/Object;I)Ljava/lang/Object;> (0x00000000883c9ed8) th
Event: 57.929 Thread 0x00000144f754b800 Exception <a 'java/lang/NoSuchMethodError'{0x00000000883e0c38}: method resolution failed> (0x00000000883e0c38) thrown at [t:/workspace/open/src/hotspot/share/prims/methodHandles.cpp, line 1226]
Event: 57.934 Thread 0x00000144f754b800 Exception <a 'java/lang/NoSuchMethodError'{0x00000000883f8510}: method resolution failed> (0x00000000883f8510) thrown at [t:/workspace/open/src/hotspot/share/prims/methodHandles.cpp, line 1226]
Event: 57.938 Thread 0x00000144f754b800 Exception <a 'java/lang/NoSuchMethodError'{0x0000000088212cc8}: method resolution failed> (0x0000000088212cc8) thrown at [t:/workspace/open/src/hotspot/share/prims/methodHandles.cpp, line 1226]
Event: 57.942 Thread 0x00000144f754b800 Exception <a 'java/lang/NoSuchMethodError'{0x000000008821d418}: method resolution failed> (0x000000008821d418) thrown at [t:/workspace/open/src/hotspot/share/prims/methodHandles.cpp, line 1226]

Events (10 events):
Event: 58.117 loading class javax/swing/SwingHeavyWeight done
Event: 60.747 Executing VM operation: RevokeBias
Event: 60.747 Executing VM operation: RevokeBias done
Event: 60.747 Executing VM operation: RevokeBias
Event: 60.747 Executing VM operation: RevokeBias done
Event: 60.747 Executing VM operation: RevokeBias
Event: 60.747 Executing VM operation: RevokeBias done
Event: 60.748 Executing VM operation: RevokeBias
Event: 60.748 Executing VM operation: RevokeBias done
Event: 60.748 Thread 0x00000144f7592000 Thread exited: 0x00000144f7592000


Dynamic libraries:
0x00007ff64bc20000 - 0x00007ff64bc5e000 	C:\Program Files\Java\jdk-10.0.2\bin\java.exe
0x00007ffd70e20000 - 0x00007ffd71010000 	C:\WINDOWS\SYSTEM32\ntdll.dll
0x00007ffd52060000 - 0x00007ffd52074000 	C:\Program Files\AVAST Software\Avast\aswhook.dll
0x00007ffd6f8a0000 - 0x00007ffd6f952000 	C:\WINDOWS\System32\KERNEL32.DLL
0x00007ffd6eab0000 - 0x00007ffd6ed53000 	C:\WINDOWS\System32\KERNELBASE.dll
0x00007ffd6f6f0000 - 0x00007ffd6f793000 	C:\WINDOWS\System32\ADVAPI32.dll
0x00007ffd6f200000 - 0x00007ffd6f29e000 	C:\WINDOWS\System32\msvcrt.dll
0x00007ffd6f800000 - 0x00007ffd6f897000 	C:\WINDOWS\System32\sechost.dll
0x00007ffd706f0000 - 0x00007ffd70810000 	C:\WINDOWS\System32\RPCRT4.dll
0x00007ffd6f2a0000 - 0x00007ffd6f434000 	C:\WINDOWS\System32\USER32.dll
0x00007ffd6df30000 - 0x00007ffd6df51000 	C:\WINDOWS\System32\win32u.dll
0x00007ffd70590000 - 0x00007ffd705b6000 	C:\WINDOWS\System32\GDI32.dll
0x00007ffd6df60000 - 0x00007ffd6e0f4000 	C:\WINDOWS\System32\gdi32full.dll
0x00007ffd6de90000 - 0x00007ffd6df2e000 	C:\WINDOWS\System32\msvcp_win.dll
0x00007ffd6e100000 - 0x00007ffd6e1fa000 	C:\WINDOWS\System32\ucrtbase.dll
0x00007ffd6d110000 - 0x00007ffd6d395000 	C:\WINDOWS\WinSxS\amd64_microsoft.windows.common-controls_6595b64144ccf1df_6.0.18362.535_none_e6c3b34713100821\COMCTL32.dll
0x00007ffd70820000 - 0x00007ffd70b56000 	C:\WINDOWS\System32\combase.dll
0x00007ffd6e200000 - 0x00007ffd6e280000 	C:\WINDOWS\System32\bcryptPrimitives.dll
0x00007ffd65280000 - 0x00007ffd6528a000 	C:\WINDOWS\SYSTEM32\VERSION.dll
0x00007ffd70bd0000 - 0x00007ffd70bfe000 	C:\WINDOWS\System32\IMM32.DLL
0x00007ffd42590000 - 0x00007ffd4267f000 	C:\Program Files\Java\jdk-10.0.2\bin\msvcr120.dll
0x00007ffd4d1e0000 - 0x00007ffd4d286000 	C:\Program Files\Java\jdk-10.0.2\bin\msvcp120.dll
0x0000000074cd0000 - 0x0000000075740000 	C:\Program Files\Java\jdk-10.0.2\bin\server\jvm.dll
0x00007ffd70bc0000 - 0x00007ffd70bc8000 	C:\WINDOWS\System32\PSAPI.DLL
0x00007ffd606a0000 - 0x00007ffd606a9000 	C:\WINDOWS\SYSTEM32\WSOCK32.dll
0x00007ffd6f670000 - 0x00007ffd6f6df000 	C:\WINDOWS\System32\WS2_32.dll
0x00007ffd69480000 - 0x00007ffd694a4000 	C:\WINDOWS\SYSTEM32\WINMM.dll
0x00007ffd69450000 - 0x00007ffd6947d000 	C:\WINDOWS\SYSTEM32\WINMMBASE.dll
0x00007ffd6de40000 - 0x00007ffd6de8a000 	C:\WINDOWS\System32\cfgmgr32.dll
0x00007ffd6d620000 - 0x00007ffd6d62f000 	C:\Program Files\Java\jdk-10.0.2\bin\verify.dll
0x00007ffd6d810000 - 0x00007ffd6da04000 	C:\WINDOWS\SYSTEM32\DBGHELP.DLL
0x00007ffd6d490000 - 0x00007ffd6d4ba000 	C:\WINDOWS\SYSTEM32\dbgcore.DLL
0x00007ffd67dd0000 - 0x00007ffd67df7000 	C:\Program Files\Java\jdk-10.0.2\bin\java.dll
0x00007ffd6b500000 - 0x00007ffd6b516000 	C:\Program Files\Java\jdk-10.0.2\bin\zip.dll
0x00007ffd6b900000 - 0x00007ffd6b90a000 	C:\Program Files\Java\jdk-10.0.2\bin\jimage.dll
0x00007ffd6f960000 - 0x00007ffd70045000 	C:\WINDOWS\System32\SHELL32.dll
0x00007ffd6ef40000 - 0x00007ffd6efe9000 	C:\WINDOWS\System32\shcore.dll
0x00007ffd6e330000 - 0x00007ffd6eaaf000 	C:\WINDOWS\System32\windows.storage.dll
0x00007ffd6dd70000 - 0x00007ffd6dd8f000 	C:\WINDOWS\System32\profapi.dll
0x00007ffd6dd00000 - 0x00007ffd6dd4a000 	C:\WINDOWS\System32\powrprof.dll
0x00007ffd6dcf0000 - 0x00007ffd6dd00000 	C:\WINDOWS\System32\UMPDC.dll
0x00007ffd70b60000 - 0x00007ffd70bb2000 	C:\WINDOWS\System32\shlwapi.dll
0x00007ffd6dd50000 - 0x00007ffd6dd61000 	C:\WINDOWS\System32\kernel.appcore.dll
0x00007ffd6ed60000 - 0x00007ffd6ed77000 	C:\WINDOWS\System32\cryptsp.dll
0x00007ffd69240000 - 0x00007ffd6925a000 	C:\Program Files\Java\jdk-10.0.2\bin\net.dll
0x00007ffd62bc0000 - 0x00007ffd62cb0000 	C:\WINDOWS\SYSTEM32\WINHTTP.dll
0x00007ffd6cf00000 - 0x00007ffd6cf67000 	C:\WINDOWS\system32\mswsock.dll
0x00007ffd67db0000 - 0x00007ffd67dc1000 	C:\Program Files\Java\jdk-10.0.2\bin\nio.dll
0x00007ffd423f0000 - 0x00007ffd4258b000 	C:\Program Files\Java\jdk-10.0.2\bin\awt.dll
0x00007ffd704c0000 - 0x00007ffd70584000 	C:\WINDOWS\System32\OLEAUT32.dll
0x00007ffd69960000 - 0x00007ffd69f20000 	C:\WINDOWS\SYSTEM32\d2d1.dll
0x00007ffd6aaf0000 - 0x00007ffd6ab7f000 	C:\WINDOWS\SYSTEM32\apphelp.dll
0x00007ffd6bc80000 - 0x00007ffd6bcad000 	C:\WINDOWS\system32\DWMAPI.DLL
0x00007ffd6abd0000 - 0x00007ffd6ac69000 	C:\WINDOWS\system32\uxtheme.dll
0x00007ffd4e760000 - 0x00007ffd4e8b6000 	C:\WINDOWS\system32\opengl32.dll
0x00007ffd62320000 - 0x00007ffd6234c000 	C:\WINDOWS\SYSTEM32\GLU32.dll
0x00007ffd6c2f0000 - 0x00007ffd6c310000 	C:\WINDOWS\SYSTEM32\dxcore.dll
0x00007ffd6f0c0000 - 0x00007ffd6f1f5000 	C:\WINDOWS\System32\MSCTF.dll
0x00007ffd70c20000 - 0x00007ffd70d76000 	C:\WINDOWS\System32\ole32.dll
0x00007ffd47780000 - 0x00007ffd477e5000 	C:\Program Files\Java\jdk-10.0.2\bin\fontmanager.dll
0x00007ffd5daa0000 - 0x00007ffd5db3e000 	C:\WINDOWS\System32\TextInputFramework.dll
0x00007ffd65840000 - 0x00007ffd65b6a000 	C:\WINDOWS\System32\CoreUIComponents.dll
0x00007ffd6a8d0000 - 0x00007ffd6a9a4000 	C:\WINDOWS\System32\CoreMessaging.dll
0x00007ffd6d7d0000 - 0x00007ffd6d801000 	C:\WINDOWS\SYSTEM32\ntmarta.dll
0x00007ffd68650000 - 0x00007ffd687a3000 	C:\WINDOWS\SYSTEM32\wintypes.dll
0x00007ffd67b90000 - 0x00007ffd67bd2000 	C:\Program Files\Java\jdk-10.0.2\bin\t2k.dll
0x00007ffd5c570000 - 0x00007ffd5c816000 	C:\WINDOWS\System32\iertutil.dll
0x00007ffd70640000 - 0x00007ffd706e2000 	C:\WINDOWS\System32\clbcatq.dll
0x00007ffd639c0000 - 0x00007ffd63b6f000 	C:\WINDOWS\SYSTEM32\WindowsCodecs.dll
0x00007ffd5c380000 - 0x00007ffd5c3ba000 	C:\WINDOWS\system32\dataexchange.dll
0x00007ffd69660000 - 0x00007ffd698bb000 	C:\WINDOWS\system32\d3d11.dll
0x00007ffd6a380000 - 0x00007ffd6a55b000 	C:\WINDOWS\system32\dcomp.dll
0x00007ffd6c380000 - 0x00007ffd6c46b000 	C:\WINDOWS\system32\dxgi.dll
0x00007ffd6ba00000 - 0x00007ffd6bc5a000 	C:\WINDOWS\system32\twinapi.appcore.dll
0x00007ffd6be30000 - 0x00007ffd6be59000 	C:\WINDOWS\system32\RMCLIENT.dll
0x00007ffd6cc50000 - 0x00007ffd6cd1a000 	C:\WINDOWS\SYSTEM32\DNSAPI.dll
0x00007ffd70810000 - 0x00007ffd70818000 	C:\WINDOWS\System32\NSI.dll
0x00007ffd6cc10000 - 0x00007ffd6cc4a000 	C:\WINDOWS\SYSTEM32\IPHLPAPI.DLL
0x00007ffd66dd0000 - 0x00007ffd66dda000 	C:\Windows\System32\rasadhlp.dll
0x00007ffd64890000 - 0x00007ffd64907000 	C:\WINDOWS\System32\fwpuclnt.dll
0x00007ffd6de10000 - 0x00007ffd6de36000 	C:\WINDOWS\System32\bcrypt.dll
0x00007ffd52210000 - 0x00007ffd52226000 	C:\WINDOWS\system32\napinsp.dll
0x00007ffd521f0000 - 0x00007ffd5220a000 	C:\WINDOWS\system32\pnrpnsp.dll
0x00007ffd521e0000 - 0x00007ffd521ee000 	C:\WINDOWS\System32\winrnr.dll
0x00007ffd69190000 - 0x00007ffd691ac000 	C:\WINDOWS\system32\NLAapi.dll
0x00007ffd68570000 - 0x00007ffd68585000 	C:\WINDOWS\system32\wshbth.dll
0x00007ffd51640000 - 0x00007ffd516d9000 	C:\WINDOWS\system32\RICHED20.DLL
0x00007ffd6b960000 - 0x00007ffd6b979000 	C:\WINDOWS\SYSTEM32\USP10.dll
0x00007ffd53580000 - 0x00007ffd535b9000 	C:\WINDOWS\SYSTEM32\msls31.dll

dbghelp: loaded successfully - version: 4.0.5 - missing functions: none
symbol engine: initialized successfully - sym options: 0x614 - pdb path: .;C:\Program Files\Java\jdk-10.0.2\bin;C:\WINDOWS\SYSTEM32;C:\Program Files\AVAST Software\Avast;C:\WINDOWS\WinSxS\amd64_microsoft.windows.common-controls_6595b64144ccf1df_6.0.18362.535_none_e6c3b34713100821;C:\Program Files\Java\jdk-10.0.2\bin\server

VM Arguments:
java_command: Mf
java_class_path (initial): hibernatejar\antlr-2.7.6.jar;hibernatejar\asm-attrs.jar;hibernatejar\asm.jar;hibernatejar\c3p0-0.9.1.jar;hibernatejar\cglib-2.1.3.jar;hibernatejar\commons-collections-2.1.1.jar;hibernatejar\commons-logging-1.0.4.jar;hibernatejar\dom4j-1.6.1.jar;hibernatejar\ehcache-1.2.3.jar;hibernatejar\ejb3-persistence.jar;hibernatejar\hibernate-annotations.jar;hibernatejar\hibernate-commons-annotations.jar;hibernatejar\hibernate-validator.jar;hibernatejar\hibernate3.jar;hibernatejar\jdbc2_0-stdext.jar;hibernatejar\jta.jar;hibernatejar\log4j-1.2.11.jar;hibernatejar\ojdbc14.jar;hibernatejar\xerces-2.6.2.jar;.
Launcher Type: SUN_STANDARD

Logging:
Log output configuration:
#0: stdout all=warning uptime,level,tags
#1: stderr all=off uptime,level,tags

Environment Variables:
PATH=C:\Program Files\Java\jdk-10.0.2\bin
USERNAME=SHRUSHTI
OS=Windows_NT
PROCESSOR_IDENTIFIER=Intel64 Family 6 Model 142 Stepping 10, GenuineIntel



---------------  S Y S T E M  ---------------

OS: Windows 10 , 64 bit Build 18362 (10.0.18362.329)

CPU:total 8 (initial active 8) (4 cores per cpu, 2 threads per core) family 6 model 142 stepping 10, cmov, cx8, fxsr, mmx, sse, sse2, sse3, ssse3, sse4.1, sse4.2, popcnt, avx, avx2, aes, clmul, erms, 3dnowpref, lzcnt, ht, tsc, tscinvbit, bmi1, bmi2, adx, fma

Memory: 4k page, physical 8272100k(298560k free), swap 33437924k(400k free)

vm_info: Java HotSpot(TM) 64-Bit Server VM (10.0.2+13) for windows-amd64 JRE (10.0.2+13), built on Jun 28 2018 01:57:56 by "mach5one" with MS VC++ 12.0 (VS2013)

END.
