#
# There is insufficient memory for the Java Runtime Environment to continue.
# Native memory allocation (malloc) failed to allocate 359184 bytes for Chunk::new
# Possible reasons:
#   The system is out of physical RAM or swap space
#   The process is running with CompressedOops enabled, and the Java Heap may be blocking the growth of the native heap
# Possible solutions:
#   Reduce memory load on the system
#   Increase physical memory or swap space
#   Check if swap backing store is full
#   Decrease Java heap size (-Xmx/-Xms)
#   Decrease number of Java threads
#   Decrease Java thread stack sizes (-Xss)
#   Set larger code cache with -XX:ReservedCodeCacheSize=
#   JVM is running with Unscaled Compressed Oops mode in which the Java heap is
#     placed in the first 4GB address space. The Java Heap base address is the
#     maximum limit for the native heap growth. Please use -XX:HeapBaseMinAddress
#     to set the Java Heap base and to place the Java Heap above 4GB virtual address.
# This output file may be truncated or incomplete.
#
#  Out of Memory Error (t:/workspace/open/src/hotspot/share/memory/arena.cpp:198), pid=12660, tid=9748
#
# JRE version: Java(TM) SE Runtime Environment (10.0.2+13) (build 10.0.2+13)
# Java VM: Java HotSpot(TM) 64-Bit Server VM (10.0.2+13, mixed mode, tiered, compressed oops, g1 gc, windows-amd64)
# No core dump will be written. Minidumps are not enabled by default on client versions of Windows
#

---------------  S U M M A R Y ------------

Command Line: Mf

Host: Intel(R) Core(TM) i7-8550U CPU @ 1.80GHz, 8 cores, 7G,  Windows 10 , 64 bit Build 18362 (10.0.18362.329)
Time: Sun Jan 12 16:52:40 2020 India Standard Time elapsed time: 33 seconds (0d 0h 0m 33s)

---------------  T H R E A D  ---------------

Current thread (0x000002e3f056e000):  JavaThread "C2 CompilerThread2" daemon [_thread_in_native, id=9748, stack(0x000000fc96d00000,0x000000fc96e00000)]


Current CompileTask:
C2:  33481 1965       4       java.lang.invoke.InvokerBytecodeGenerator::emitImplicitConversion (159 bytes)

Stack: [0x000000fc96d00000,0x000000fc96e00000]
Native frames: (J=compiled Java code, j=interpreted, Vv=VM code, C=native code)
V  [jvm.dll+0x5a01a9]
V  [jvm.dll+0x6bcf31]
V  [jvm.dll+0x6be126]
V  [jvm.dll+0x6be7b3]
V  [jvm.dll+0x234978]
V  [jvm.dll+0xbb69c]
V  [jvm.dll+0xbbbac]
V  [jvm.dll+0x1ff772]
V  [jvm.dll+0x53b5e5]
V  [jvm.dll+0x53a3cd]
V  [jvm.dll+0x1ffd42]
V  [jvm.dll+0x1ff116]
V  [jvm.dll+0x17c94b]
V  [jvm.dll+0x20c8dd]
V  [jvm.dll+0x20b6a6]
V  [jvm.dll+0x68b7ff]
V  [jvm.dll+0x59f4b0]
C  [msvcr120.dll+0x24f7f]
C  [msvcr120.dll+0x25126]
C  [KERNEL32.DLL+0x17bd4]
C  [ntdll.dll+0x6ced1]


---------------  P R O C E S S  ---------------

Threads class SMR info:
_java_thread_list=0x000002e3f20c1980, length=18, elements={
0x000002e3f054a800, 0x000002e3f0553800, 0x000002e3f0eb3800, 0x000002e3f0561000,
0x000002e3f0566000, 0x000002e3f0568800, 0x000002e3f056e000, 0x000002e3f0ee5000,
0x000002e3f0f30000, 0x000002e3f1094000, 0x000002e3f109c000, 0x000002e3f154c800,
0x000002e3f1584800, 0x000002e3f1585800, 0x000002e3f200e800, 0x000002e3ce912000,
0x000002e3f1702800, 0x000002e3f179f000
}

Java Threads: ( => current thread )
  0x000002e3f054a800 JavaThread "Reference Handler" daemon [_thread_blocked, id=10408, stack(0x000000fc96700000,0x000000fc96800000)]
  0x000002e3f0553800 JavaThread "Finalizer" daemon [_thread_blocked, id=15984, stack(0x000000fc96800000,0x000000fc96900000)]
  0x000002e3f0eb3800 JavaThread "Signal Dispatcher" daemon [_thread_blocked, id=2800, stack(0x000000fc96900000,0x000000fc96a00000)]
  0x000002e3f0561000 JavaThread "Attach Listener" daemon [_thread_blocked, id=14156, stack(0x000000fc96a00000,0x000000fc96b00000)]
  0x000002e3f0566000 JavaThread "C2 CompilerThread0" daemon [_thread_in_native, id=14120, stack(0x000000fc96b00000,0x000000fc96c00000)]
  0x000002e3f0568800 JavaThread "C2 CompilerThread1" daemon [_thread_in_native, id=1892, stack(0x000000fc96c00000,0x000000fc96d00000)]
=>0x000002e3f056e000 JavaThread "C2 CompilerThread2" daemon [_thread_in_native, id=9748, stack(0x000000fc96d00000,0x000000fc96e00000)]
  0x000002e3f0ee5000 JavaThread "C1 CompilerThread3" daemon [_thread_blocked, id=11916, stack(0x000000fc96e00000,0x000000fc96f00000)]
  0x000002e3f0f30000 JavaThread "Sweeper thread" daemon [_thread_blocked, id=6240, stack(0x000000fc96f00000,0x000000fc97000000)]
  0x000002e3f1094000 JavaThread "Service Thread" daemon [_thread_blocked, id=8224, stack(0x000000fc97000000,0x000000fc97100000)]
  0x000002e3f109c000 JavaThread "Common-Cleaner" daemon [_thread_blocked, id=12356, stack(0x000000fc97100000,0x000000fc97200000)]
  0x000002e3f154c800 JavaThread "Java2D Disposer" daemon [_thread_blocked, id=11040, stack(0x000000fc97300000,0x000000fc97400000)]
  0x000002e3f1584800 JavaThread "AWT-Shutdown" [_thread_blocked, id=12780, stack(0x000000fc97400000,0x000000fc97500000)]
  0x000002e3f1585800 JavaThread "AWT-Windows" daemon [_thread_in_native, id=14404, stack(0x000000fc97500000,0x000000fc97600000)]
  0x000002e3f200e800 JavaThread "AWT-EventQueue-0" [_thread_in_Java, id=11256, stack(0x000000fc97600000,0x000000fc97700000)]
  0x000002e3ce912000 JavaThread "DestroyJavaVM" [_thread_blocked, id=10236, stack(0x000000fc95100000,0x000000fc95200000)]
  0x000002e3f1702800 JavaThread "TimerQueue" daemon [_thread_blocked, id=5476, stack(0x000000fc97a00000,0x000000fc97b00000)]
  0x000002e3f179f000 JavaThread "Keep-Alive-Timer" daemon [_thread_blocked, id=4288, stack(0x000000fc97b00000,0x000000fc97c00000)]

Other Threads:
  0x000002e3f053b000 VMThread "VM Thread" [stack: 0x000000fc96600000,0x000000fc96700000] [id=7344]
  0x000002e3f109f000 WatcherThread [stack: 0x000000fc97200000,0x000000fc97300000] [id=15760]
  0x000002e3ce92e000 GCTaskThread "GC Thread#0" [stack: 0x000000fc95200000,0x000000fc95300000] [id=10644]
  0x000002e3ce92f800 GCTaskThread "GC Thread#1" [stack: 0x000000fc95300000,0x000000fc95400000] [id=6684]
  0x000002e3ce931000 GCTaskThread "GC Thread#2" [stack: 0x000000fc95400000,0x000000fc95500000] [id=9804]
  0x000002e3ce938000 GCTaskThread "GC Thread#3" [stack: 0x000000fc95500000,0x000000fc95600000] [id=14152]
  0x000002e3ce93b000 GCTaskThread "GC Thread#4" [stack: 0x000000fc95600000,0x000000fc95700000] [id=5644]
  0x000002e3ce939800 GCTaskThread "GC Thread#5" [stack: 0x000000fc95700000,0x000000fc95800000] [id=12232]
  0x000002e3ce940000 GCTaskThread "GC Thread#6" [stack: 0x000000fc95800000,0x000000fc95900000] [id=1888]
  0x000002e3ce93b800 GCTaskThread "GC Thread#7" [stack: 0x000000fc95900000,0x000000fc95a00000] [id=13372]
  0x000002e3ce9b3000 ConcurrentGCThread "G1 Main Marker" [stack: 0x000000fc95a00000,0x000000fc95b00000] [id=5820]
  0x000002e3ce941000 ConcurrentGCThread "G1 Conc#0" [stack: 0x000000fc95b00000,0x000000fc95c00000] [id=8972]
  0x000002e3ce93c000 ConcurrentGCThread "G1 Conc#1" [stack: 0x000000fc95c00000,0x000000fc95d00000] [id=16320]
  0x000002e3ce9ee800 ConcurrentGCThread "G1 Refine#0" [stack: 0x000000fc95d00000,0x000000fc95e00000] [id=14928]
  0x000002e3f03c5000 ConcurrentGCThread "G1 Refine#1" [stack: 0x000000fc95e00000,0x000000fc95f00000] [id=9416]
  0x000002e3f03ca000 ConcurrentGCThread "G1 Refine#2" [stack: 0x000000fc95f00000,0x000000fc96000000] [id=2696]
  0x000002e3f03ca800 ConcurrentGCThread "G1 Refine#3" [stack: 0x000000fc96000000,0x000000fc96100000] [id=11036]
  0x000002e3f03d0800 ConcurrentGCThread "G1 Refine#4" [stack: 0x000000fc96100000,0x000000fc96200000] [id=15500]
  0x000002e3ce93d000 ConcurrentGCThread "G1 Refine#5" [stack: 0x000000fc96200000,0x000000fc96300000] [id=10692]
  0x000002e3ce93e000 ConcurrentGCThread "G1 Refine#6" [stack: 0x000000fc96300000,0x000000fc96400000] [id=14792]
  0x000002e3ce93d800 ConcurrentGCThread "G1 Refine#7" [stack: 0x000000fc96400000,0x000000fc96500000] [id=16068]
  0x000002e3f03d5800 ConcurrentGCThread "G1 Young RemSet Sampling" [stack: 0x000000fc96500000,0x000000fc96600000] [id=11592]

Threads with active compile tasks:
C2 CompilerThread01993       4       java.util.Properties::loadConvert (505 bytes)
C2 CompilerThread11991       4       java.util.concurrent.ConcurrentHashMap::get (162 bytes)
C2 CompilerThread21965       4       java.lang.invoke.InvokerBytecodeGenerator::emitImplicitConversion (159 bytes)
C1 CompilerThread31999       3       java.lang.invoke.MethodHandles::dropArguments0 (113 bytes)

VM state:not at safepoint (normal execution)

VM Mutex/Monitor currently owned by a thread: None

Heap address: 0x0000000081c00000, size: 2020 MB, Compressed Oops mode: 32-bit
Narrow klass base: 0x0000000000000000, Narrow klass shift: 3
Compressed class space size: 1073741824 Address: 0x0000000100000000

Heap:
 garbage-first heap   total 131072K, used 10722K [0x0000000081c00000, 0x0000000100000000)
  region size 1024K, 8 young (8192K), 4 survivors (4096K)
 Metaspace       used 22666K, capacity 23145K, committed 23424K, reserved 1073152K
  class space    used 2407K, capacity 2638K, committed 2688K, reserved 1048576K
Heap Regions: E=young(eden), S=young(survivor), O=old, HS=humongous(starts), HC=humongous(continues), CS=collection set, F=free, A=archive, TS=gc time stamp, AC=allocation context, TAMS=top-at-mark-start (previous, next)
|   0|0x0000000081c00000, 0x0000000081d00000, 0x0000000081d00000|100%|HS|  |TS  0|AC  0|TAMS 0x0000000081d00000, 0x0000000081d00000|
|   1|0x0000000081d00000, 0x0000000081e00000, 0x0000000081e00000|100%|HC|  |TS  0|AC  0|TAMS 0x0000000081e00000, 0x0000000081e00000|
|   2|0x0000000081e00000, 0x0000000081f00000, 0x0000000081f00000|100%|HC|  |TS  0|AC  0|TAMS 0x0000000081f00000, 0x0000000081f00000|
|   3|0x0000000081f00000, 0x0000000082000000, 0x0000000082000000|100%| O|  |TS  0|AC  0|TAMS 0x0000000082000000, 0x0000000082000000|
|   4|0x0000000082000000, 0x000000008200d400, 0x0000000082100000|  5%| O|  |TS  0|AC  0|TAMS 0x000000008200d400, 0x000000008200d400|
|   5|0x0000000082100000, 0x0000000082100000, 0x0000000082200000|  0%| F|  |TS  0|AC  0|TAMS 0x0000000082100000, 0x0000000082100000|
|   6|0x0000000082200000, 0x0000000082200000, 0x0000000082300000|  0%| F|  |TS  0|AC  0|TAMS 0x0000000082200000, 0x0000000082200000|
|   7|0x0000000082300000, 0x0000000082300000, 0x0000000082400000|  0%| F|  |TS  0|AC  0|TAMS 0x0000000082300000, 0x0000000082300000|
|   8|0x0000000082400000, 0x0000000082400000, 0x0000000082500000|  0%| F|  |TS  0|AC  0|TAMS 0x0000000082400000, 0x0000000082400000|
|   9|0x0000000082500000, 0x0000000082500000, 0x0000000082600000|  0%| F|  |TS  0|AC  0|TAMS 0x0000000082500000, 0x0000000082500000|
|  10|0x0000000082600000, 0x0000000082600000, 0x0000000082700000|  0%| F|  |TS  0|AC  0|TAMS 0x0000000082600000, 0x0000000082600000|
|  11|0x0000000082700000, 0x0000000082700000, 0x0000000082800000|  0%| F|  |TS  0|AC  0|TAMS 0x0000000082700000, 0x0000000082700000|
|  12|0x0000000082800000, 0x0000000082800000, 0x0000000082900000|  0%| F|  |TS  0|AC  0|TAMS 0x0000000082800000, 0x0000000082800000|
|  13|0x0000000082900000, 0x0000000082900000, 0x0000000082a00000|  0%| F|  |TS  0|AC  0|TAMS 0x0000000082900000, 0x0000000082900000|
|  14|0x0000000082a00000, 0x0000000082a00000, 0x0000000082b00000|  0%| F|  |TS  0|AC  0|TAMS 0x0000000082a00000, 0x0000000082a00000|
|  15|0x0000000082b00000, 0x0000000082b00000, 0x0000000082c00000|  0%| F|  |TS  0|AC  0|TAMS 0x0000000082b00000, 0x0000000082b00000|
|  16|0x0000000082c00000, 0x0000000082c00000, 0x0000000082d00000|  0%| F|  |TS  0|AC  0|TAMS 0x0000000082c00000, 0x0000000082c00000|
|  17|0x0000000082d00000, 0x0000000082d00000, 0x0000000082e00000|  0%| F|  |TS  0|AC  0|TAMS 0x0000000082d00000, 0x0000000082d00000|
|  18|0x0000000082e00000, 0x0000000082e00000, 0x0000000082f00000|  0%| F|  |TS  0|AC  0|TAMS 0x0000000082e00000, 0x0000000082e00000|
|  19|0x0000000082f00000, 0x0000000082f00000, 0x0000000083000000|  0%| F|  |TS  0|AC  0|TAMS 0x0000000082f00000, 0x0000000082f00000|
|  20|0x0000000083000000, 0x0000000083000000, 0x0000000083100000|  0%| F|  |TS  0|AC  0|TAMS 0x0000000083000000, 0x0000000083000000|
|  21|0x0000000083100000, 0x0000000083100000, 0x0000000083200000|  0%| F|  |TS  0|AC  0|TAMS 0x0000000083100000, 0x0000000083100000|
|  22|0x0000000083200000, 0x0000000083200000, 0x0000000083300000|  0%| F|  |TS  0|AC  0|TAMS 0x0000000083200000, 0x0000000083200000|
|  23|0x0000000083300000, 0x0000000083300000, 0x0000000083400000|  0%| F|  |TS  0|AC  0|TAMS 0x0000000083300000, 0x0000000083300000|
|  24|0x0000000083400000, 0x0000000083400000, 0x0000000083500000|  0%| F|  |TS  0|AC  0|TAMS 0x0000000083400000, 0x0000000083400000|
|  25|0x0000000083500000, 0x0000000083500000, 0x0000000083600000|  0%| F|  |TS  0|AC  0|TAMS 0x0000000083500000, 0x0000000083500000|
|  26|0x0000000083600000, 0x0000000083600000, 0x0000000083700000|  0%| F|  |TS  0|AC  0|TAMS 0x0000000083600000, 0x0000000083600000|
|  27|0x0000000083700000, 0x0000000083700000, 0x0000000083800000|  0%| F|  |TS  0|AC  0|TAMS 0x0000000083700000, 0x0000000083700000|
|  28|0x0000000083800000, 0x0000000083800000, 0x0000000083900000|  0%| F|  |TS  0|AC  0|TAMS 0x0000000083800000, 0x0000000083800000|
|  29|0x0000000083900000, 0x0000000083900000, 0x0000000083a00000|  0%| F|  |TS  0|AC  0|TAMS 0x0000000083900000, 0x0000000083900000|
|  30|0x0000000083a00000, 0x0000000083a00000, 0x0000000083b00000|  0%| F|  |TS  0|AC  0|TAMS 0x0000000083a00000, 0x0000000083a00000|
|  31|0x0000000083b00000, 0x0000000083b00000, 0x0000000083c00000|  0%| F|  |TS  0|AC  0|TAMS 0x0000000083b00000, 0x0000000083b00000|
|  32|0x0000000083c00000, 0x0000000083c00000, 0x0000000083d00000|  0%| F|  |TS  0|AC  0|TAMS 0x0000000083c00000, 0x0000000083c00000|
|  33|0x0000000083d00000, 0x0000000083d00000, 0x0000000083e00000|  0%| F|  |TS  0|AC  0|TAMS 0x0000000083d00000, 0x0000000083d00000|
|  34|0x0000000083e00000, 0x0000000083e00000, 0x0000000083f00000|  0%| F|  |TS  0|AC  0|TAMS 0x0000000083e00000, 0x0000000083e00000|
|  35|0x0000000083f00000, 0x0000000083f00000, 0x0000000084000000|  0%| F|  |TS  0|AC  0|TAMS 0x0000000083f00000, 0x0000000083f00000|
|  36|0x0000000084000000, 0x0000000084000000, 0x0000000084100000|  0%| F|  |TS  0|AC  0|TAMS 0x0000000084000000, 0x0000000084000000|
|  37|0x0000000084100000, 0x0000000084100000, 0x0000000084200000|  0%| F|  |TS  0|AC  0|TAMS 0x0000000084100000, 0x0000000084100000|
|  38|0x0000000084200000, 0x0000000084200000, 0x0000000084300000|  0%| F|  |TS  0|AC  0|TAMS 0x0000000084200000, 0x0000000084200000|
|  39|0x0000000084300000, 0x0000000084300000, 0x0000000084400000|  0%| F|  |TS  0|AC  0|TAMS 0x0000000084300000, 0x0000000084300000|
|  40|0x0000000084400000, 0x0000000084400000, 0x0000000084500000|  0%| F|  |TS  0|AC  0|TAMS 0x0000000084400000, 0x0000000084400000|
|  41|0x0000000084500000, 0x0000000084500000, 0x0000000084600000|  0%| F|  |TS  0|AC  0|TAMS 0x0000000084500000, 0x0000000084500000|
|  42|0x0000000084600000, 0x0000000084600000, 0x0000000084700000|  0%| F|  |TS  0|AC  0|TAMS 0x0000000084600000, 0x0000000084600000|
|  43|0x0000000084700000, 0x0000000084700000, 0x0000000084800000|  0%| F|  |TS  0|AC  0|TAMS 0x0000000084700000, 0x0000000084700000|
|  44|0x0000000084800000, 0x0000000084800000, 0x0000000084900000|  0%| F|  |TS  0|AC  0|TAMS 0x0000000084800000, 0x0000000084800000|
|  45|0x0000000084900000, 0x0000000084900000, 0x0000000084a00000|  0%| F|  |TS  0|AC  0|TAMS 0x0000000084900000, 0x0000000084900000|
|  46|0x0000000084a00000, 0x0000000084a00000, 0x0000000084b00000|  0%| F|  |TS  0|AC  0|TAMS 0x0000000084a00000, 0x0000000084a00000|
|  47|0x0000000084b00000, 0x0000000084b00000, 0x0000000084c00000|  0%| F|  |TS  0|AC  0|TAMS 0x0000000084b00000, 0x0000000084b00000|
|  48|0x0000000084c00000, 0x0000000084c00000, 0x0000000084d00000|  0%| F|  |TS  0|AC  0|TAMS 0x0000000084c00000, 0x0000000084c00000|
|  49|0x0000000084d00000, 0x0000000084d00000, 0x0000000084e00000|  0%| F|  |TS  0|AC  0|TAMS 0x0000000084d00000, 0x0000000084d00000|
|  50|0x0000000084e00000, 0x0000000084e00000, 0x0000000084f00000|  0%| F|  |TS  0|AC  0|TAMS 0x0000000084e00000, 0x0000000084e00000|
|  51|0x0000000084f00000, 0x0000000084f00000, 0x0000000085000000|  0%| F|  |TS  0|AC  0|TAMS 0x0000000084f00000, 0x0000000084f00000|
|  52|0x0000000085000000, 0x0000000085000000, 0x0000000085100000|  0%| F|  |TS  0|AC  0|TAMS 0x0000000085000000, 0x0000000085000000|
|  53|0x0000000085100000, 0x0000000085100000, 0x0000000085200000|  0%| F|  |TS  0|AC  0|TAMS 0x0000000085100000, 0x0000000085100000|
|  54|0x0000000085200000, 0x0000000085200000, 0x0000000085300000|  0%| F|  |TS  0|AC  0|TAMS 0x0000000085200000, 0x0000000085200000|
|  55|0x0000000085300000, 0x0000000085300000, 0x0000000085400000|  0%| F|  |TS  0|AC  0|TAMS 0x0000000085300000, 0x0000000085300000|
|  56|0x0000000085400000, 0x0000000085400000, 0x0000000085500000|  0%| F|  |TS  0|AC  0|TAMS 0x0000000085400000, 0x0000000085400000|
|  57|0x0000000085500000, 0x0000000085500000, 0x0000000085600000|  0%| F|  |TS  0|AC  0|TAMS 0x0000000085500000, 0x0000000085500000|
|  58|0x0000000085600000, 0x0000000085600000, 0x0000000085700000|  0%| F|  |TS  0|AC  0|TAMS 0x0000000085600000, 0x0000000085600000|
|  59|0x0000000085700000, 0x0000000085700000, 0x0000000085800000|  0%| F|  |TS  0|AC  0|TAMS 0x0000000085700000, 0x0000000085700000|
|  60|0x0000000085800000, 0x0000000085800000, 0x0000000085900000|  0%| F|  |TS  0|AC  0|TAMS 0x0000000085800000, 0x0000000085800000|
|  61|0x0000000085900000, 0x0000000085900000, 0x0000000085a00000|  0%| F|  |TS  0|AC  0|TAMS 0x0000000085900000, 0x0000000085900000|
|  62|0x0000000085a00000, 0x0000000085a00000, 0x0000000085b00000|  0%| F|  |TS  0|AC  0|TAMS 0x0000000085a00000, 0x0000000085a00000|
|  63|0x0000000085b00000, 0x0000000085b00000, 0x0000000085c00000|  0%| F|  |TS  0|AC  0|TAMS 0x0000000085b00000, 0x0000000085b00000|
|  64|0x0000000085c00000, 0x0000000085c00000, 0x0000000085d00000|  0%| F|  |TS  0|AC  0|TAMS 0x0000000085c00000, 0x0000000085c00000|
|  65|0x0000000085d00000, 0x0000000085d00000, 0x0000000085e00000|  0%| F|  |TS  0|AC  0|TAMS 0x0000000085d00000, 0x0000000085d00000|
|  66|0x0000000085e00000, 0x0000000085e00000, 0x0000000085f00000|  0%| F|  |TS  0|AC  0|TAMS 0x0000000085e00000, 0x0000000085e00000|
|  67|0x0000000085f00000, 0x0000000085f00000, 0x0000000086000000|  0%| F|  |TS  0|AC  0|TAMS 0x0000000085f00000, 0x0000000085f00000|
|  68|0x0000000086000000, 0x0000000086000000, 0x0000000086100000|  0%| F|  |TS  0|AC  0|TAMS 0x0000000086000000, 0x0000000086000000|
|  69|0x0000000086100000, 0x0000000086100000, 0x0000000086200000|  0%| F|  |TS  0|AC  0|TAMS 0x0000000086100000, 0x0000000086100000|
|  70|0x0000000086200000, 0x0000000086200000, 0x0000000086300000|  0%| F|  |TS  0|AC  0|TAMS 0x0000000086200000, 0x0000000086200000|
|  71|0x0000000086300000, 0x0000000086300000, 0x0000000086400000|  0%| F|  |TS  0|AC  0|TAMS 0x0000000086300000, 0x0000000086300000|
|  72|0x0000000086400000, 0x0000000086400000, 0x0000000086500000|  0%| F|  |TS  0|AC  0|TAMS 0x0000000086400000, 0x0000000086400000|
|  73|0x0000000086500000, 0x0000000086500000, 0x0000000086600000|  0%| F|  |TS  0|AC  0|TAMS 0x0000000086500000, 0x0000000086500000|
|  74|0x0000000086600000, 0x0000000086600000, 0x0000000086700000|  0%| F|  |TS  0|AC  0|TAMS 0x0000000086600000, 0x0000000086600000|
|  75|0x0000000086700000, 0x0000000086700000, 0x0000000086800000|  0%| F|  |TS  0|AC  0|TAMS 0x0000000086700000, 0x0000000086700000|
|  76|0x0000000086800000, 0x0000000086800000, 0x0000000086900000|  0%| F|  |TS  0|AC  0|TAMS 0x0000000086800000, 0x0000000086800000|
|  77|0x0000000086900000, 0x0000000086900000, 0x0000000086a00000|  0%| F|  |TS  0|AC  0|TAMS 0x0000000086900000, 0x0000000086900000|
|  78|0x0000000086a00000, 0x0000000086a00000, 0x0000000086b00000|  0%| F|  |TS  0|AC  0|TAMS 0x0000000086a00000, 0x0000000086a00000|
|  79|0x0000000086b00000, 0x0000000086b00000, 0x0000000086c00000|  0%| F|  |TS  0|AC  0|TAMS 0x0000000086b00000, 0x0000000086b00000|
|  80|0x0000000086c00000, 0x0000000086c00000, 0x0000000086d00000|  0%| F|  |TS  0|AC  0|TAMS 0x0000000086c00000, 0x0000000086c00000|
|  81|0x0000000086d00000, 0x0000000086d00000, 0x0000000086e00000|  0%| F|  |TS  0|AC  0|TAMS 0x0000000086d00000, 0x0000000086d00000|
|  82|0x0000000086e00000, 0x0000000086e00000, 0x0000000086f00000|  0%| F|  |TS  0|AC  0|TAMS 0x0000000086e00000, 0x0000000086e00000|
|  83|0x0000000086f00000, 0x0000000086f00000, 0x0000000087000000|  0%| F|  |TS  0|AC  0|TAMS 0x0000000086f00000, 0x0000000086f00000|
|  84|0x0000000087000000, 0x0000000087000000, 0x0000000087100000|  0%| F|  |TS  0|AC  0|TAMS 0x0000000087000000, 0x0000000087000000|
|  85|0x0000000087100000, 0x0000000087100000, 0x0000000087200000|  0%| F|  |TS  0|AC  0|TAMS 0x0000000087100000, 0x0000000087100000|
|  86|0x0000000087200000, 0x0000000087200000, 0x0000000087300000|  0%| F|  |TS  0|AC  0|TAMS 0x0000000087200000, 0x0000000087200000|
|  87|0x0000000087300000, 0x0000000087300000, 0x0000000087400000|  0%| F|  |TS  0|AC  0|TAMS 0x0000000087300000, 0x0000000087300000|
|  88|0x0000000087400000, 0x0000000087400000, 0x0000000087500000|  0%| F|  |TS  0|AC  0|TAMS 0x0000000087400000, 0x0000000087400000|
|  89|0x0000000087500000, 0x0000000087500000, 0x0000000087600000|  0%| F|  |TS  0|AC  0|TAMS 0x0000000087500000, 0x0000000087500000|
|  90|0x0000000087600000, 0x0000000087600000, 0x0000000087700000|  0%| F|  |TS  0|AC  0|TAMS 0x0000000087600000, 0x0000000087600000|
|  91|0x0000000087700000, 0x0000000087700000, 0x0000000087800000|  0%| F|  |TS  0|AC  0|TAMS 0x0000000087700000, 0x0000000087700000|
|  92|0x0000000087800000, 0x0000000087800000, 0x0000000087900000|  0%| F|  |TS  0|AC  0|TAMS 0x0000000087800000, 0x0000000087800000|
|  93|0x0000000087900000, 0x0000000087900000, 0x0000000087a00000|  0%| F|  |TS  0|AC  0|TAMS 0x0000000087900000, 0x0000000087900000|
|  94|0x0000000087a00000, 0x0000000087a00000, 0x0000000087b00000|  0%| F|  |TS  0|AC  0|TAMS 0x0000000087a00000, 0x0000000087a00000|
|  95|0x0000000087b00000, 0x0000000087b00000, 0x0000000087c00000|  0%| F|  |TS  0|AC  0|TAMS 0x0000000087b00000, 0x0000000087b00000|
|  96|0x0000000087c00000, 0x0000000087c00000, 0x0000000087d00000|  0%| F|  |TS  0|AC  0|TAMS 0x0000000087c00000, 0x0000000087c00000|
|  97|0x0000000087d00000, 0x0000000087d00000, 0x0000000087e00000|  0%| F|  |TS  0|AC  0|TAMS 0x0000000087d00000, 0x0000000087d00000|
|  98|0x0000000087e00000, 0x0000000087e00000, 0x0000000087f00000|  0%| F|  |TS  0|AC  0|TAMS 0x0000000087e00000, 0x0000000087e00000|
|  99|0x0000000087f00000, 0x0000000087f00000, 0x0000000088000000|  0%| F|  |TS  0|AC  0|TAMS 0x0000000087f00000, 0x0000000087f00000|
| 100|0x0000000088000000, 0x0000000088000000, 0x0000000088100000|  0%| F|  |TS  0|AC  0|TAMS 0x0000000088000000, 0x0000000088000000|
| 101|0x0000000088100000, 0x0000000088100000, 0x0000000088200000|  0%| F|  |TS  0|AC  0|TAMS 0x0000000088100000, 0x0000000088100000|
| 102|0x0000000088200000, 0x0000000088200000, 0x0000000088300000|  0%| F|  |TS  0|AC  0|TAMS 0x0000000088200000, 0x0000000088200000|
| 103|0x0000000088300000, 0x0000000088300000, 0x0000000088400000|  0%| F|  |TS  0|AC  0|TAMS 0x0000000088300000, 0x0000000088300000|
| 104|0x0000000088400000, 0x0000000088400000, 0x0000000088500000|  0%| F|  |TS  0|AC  0|TAMS 0x0000000088400000, 0x0000000088400000|
| 105|0x0000000088500000, 0x0000000088500000, 0x0000000088600000|  0%| F|  |TS  0|AC  0|TAMS 0x0000000088500000, 0x0000000088500000|
| 106|0x0000000088600000, 0x0000000088600000, 0x0000000088700000|  0%| F|  |TS  0|AC  0|TAMS 0x0000000088600000, 0x0000000088600000|
| 107|0x0000000088700000, 0x0000000088700000, 0x0000000088800000|  0%| F|  |TS  0|AC  0|TAMS 0x0000000088700000, 0x0000000088700000|
| 108|0x0000000088800000, 0x0000000088800000, 0x0000000088900000|  0%| F|  |TS  0|AC  0|TAMS 0x0000000088800000, 0x0000000088800000|
| 109|0x0000000088900000, 0x0000000088900000, 0x0000000088a00000|  0%| F|  |TS  0|AC  0|TAMS 0x0000000088900000, 0x0000000088900000|
| 110|0x0000000088a00000, 0x0000000088a00000, 0x0000000088b00000|  0%| F|  |TS  0|AC  0|TAMS 0x0000000088a00000, 0x0000000088a00000|
| 111|0x0000000088b00000, 0x0000000088b00000, 0x0000000088c00000|  0%| F|  |TS  0|AC  0|TAMS 0x0000000088b00000, 0x0000000088b00000|
| 112|0x0000000088c00000, 0x0000000088c00000, 0x0000000088d00000|  0%| F|  |TS  0|AC  0|TAMS 0x0000000088c00000, 0x0000000088c00000|
| 113|0x0000000088d00000, 0x0000000088d00000, 0x0000000088e00000|  0%| F|  |TS  0|AC  0|TAMS 0x0000000088d00000, 0x0000000088d00000|
| 114|0x0000000088e00000, 0x0000000088e00000, 0x0000000088f00000|  0%| F|  |TS  0|AC  0|TAMS 0x0000000088e00000, 0x0000000088e00000|
| 115|0x0000000088f00000, 0x0000000088f00000, 0x0000000089000000|  0%| F|  |TS  0|AC  0|TAMS 0x0000000088f00000, 0x0000000088f00000|
| 116|0x0000000089000000, 0x0000000089000000, 0x0000000089100000|  0%| F|  |TS  0|AC  0|TAMS 0x0000000089000000, 0x0000000089000000|
| 117|0x0000000089100000, 0x0000000089100000, 0x0000000089200000|  0%| F|  |TS  0|AC  0|TAMS 0x0000000089100000, 0x0000000089100000|
| 118|0x0000000089200000, 0x0000000089200000, 0x0000000089300000|  0%| F|  |TS  0|AC  0|TAMS 0x0000000089200000, 0x0000000089200000|
| 119|0x0000000089300000, 0x000000008936b4f8, 0x0000000089400000| 41%| S|CS|TS  0|AC  0|TAMS 0x0000000089300000, 0x0000000089300000|
| 120|0x0000000089400000, 0x0000000089500000, 0x0000000089500000|100%| S|CS|TS  0|AC  0|TAMS 0x0000000089400000, 0x0000000089400000|
| 121|0x0000000089500000, 0x0000000089600000, 0x0000000089600000|100%| S|CS|TS  0|AC  0|TAMS 0x0000000089500000, 0x0000000089500000|
| 122|0x0000000089600000, 0x0000000089700000, 0x0000000089700000|100%| S|CS|TS  0|AC  0|TAMS 0x0000000089600000, 0x0000000089600000|
| 123|0x0000000089700000, 0x0000000089700000, 0x0000000089800000|  0%| F|  |TS  0|AC  0|TAMS 0x0000000089700000, 0x0000000089700000|
| 124|0x0000000089800000, 0x0000000089900000, 0x0000000089900000|100%| E|  |TS  0|AC  0|TAMS 0x0000000089800000, 0x0000000089800000|
| 125|0x0000000089900000, 0x0000000089a00000, 0x0000000089a00000|100%| E|CS|TS  0|AC  0|TAMS 0x0000000089900000, 0x0000000089900000|
| 126|0x0000000089a00000, 0x0000000089b00000, 0x0000000089b00000|100%| E|CS|TS  0|AC  0|TAMS 0x0000000089a00000, 0x0000000089a00000|
| 127|0x0000000089b00000, 0x0000000089c00000, 0x0000000089c00000|100%| E|CS|TS  0|AC  0|TAMS 0x0000000089b00000, 0x0000000089b00000|

Card table byte_map: [0x000002e3e93d0000,0x000002e3e97d0000] byte_map_base: 0x000002e3e8fc2000

Marking Bits (Prev, Next): (CMBitMap*) 0x000002e3ce9b1718, (CMBitMap*) 0x000002e3ce9b16e0
 Prev Bits: [0x000002e3ebb60000, 0x000002e3edaf0000)
 Next Bits: [0x000002e3e9bd0000, 0x000002e3ebb60000)

Polling page: 0x000002e3cc6c0000

CodeHeap 'non-profiled nmethods': size=120000Kb used=725Kb max_used=725Kb free=119275Kb
 bounds [0x000002e3e1770000, 0x000002e3e19e0000, 0x000002e3e8ca0000]
CodeHeap 'profiled nmethods': size=120000Kb used=4003Kb max_used=4003Kb free=115996Kb
 bounds [0x000002e3da240000, 0x000002e3da630000, 0x000002e3e1770000]
CodeHeap 'non-nmethods': size=5760Kb used=1237Kb max_used=1254Kb free=4522Kb
 bounds [0x000002e3d9ca0000, 0x000002e3d9f10000, 0x000002e3da240000]
 total_blobs=2983 nmethods=2001 adapters=527
 compilation: enabled

Compilation events (10 events):
Event: 33.435 Thread 0x000002e3f0ee5000 1979       3       jdk.internal.loader.BuiltinClassLoader::getAndVerifyPackage (109 bytes)
Event: 33.437 Thread 0x000002e3f0ee5000 nmethod 1979 0x000002e3da614990 code [0x000002e3da614d80, 0x000002e3da616790]
Event: 33.437 Thread 0x000002e3f0ee5000 1980       3       java.lang.StringLatin1::compareToCI (108 bytes)
Event: 33.438 Thread 0x000002e3f0ee5000 nmethod 1980 0x000002e3da617010 code [0x000002e3da617280, 0x000002e3da617b80]
Event: 33.448 Thread 0x000002e3f0ee5000 1981       3       java.lang.ClassLoader::checkPackageAccess (102 bytes)
Event: 33.450 Thread 0x000002e3f0ee5000 nmethod 1981 0x000002e3da617f90 code [0x000002e3da618360, 0x000002e3da619db0]
Event: 33.456 Thread 0x000002e3f0568800 1982       4       java.lang.String::lastIndexOf (29 bytes)
Event: 33.460 Thread 0x000002e3f0568800 nmethod 1982 0x000002e3e1820190 code [0x000002e3e1820320, 0x000002e3e18204d8]
Event: 33.468 Thread 0x000002e3f0ee5000 1983       3       java.lang.String::toCharArray (25 bytes)
Event: 33.469 Thread 0x000002e3f0ee5000 nmethod 1983 0x000002e3da61a710 code [0x000002e3da61a900, 0x000002e3da61ae20]

GC Heap History (4 events):
Event: 27.584 GC heap before
{Heap before GC invocations=0 (full 0):
 garbage-first heap   total 131072K, used 27648K [0x0000000081c00000, 0x0000000100000000)
  region size 1024K, 24 young (24576K), 0 survivors (0K)
 Metaspace       used 19552K, capacity 20009K, committed 20224K, reserved 1067008K
  class space    used 2060K, capacity 2274K, committed 2304K, reserved 1048576K
}
Event: 27.600 GC heap after
{Heap after GC invocations=1 (full 0):
 garbage-first heap   total 131072K, used 7221K [0x0000000081c00000, 0x0000000100000000)
  region size 1024K, 3 young (3072K), 3 survivors (3072K)
 Metaspace       used 19552K, capacity 20009K, committed 20224K, reserved 1067008K
  class space    used 2060K, capacity 2274K, committed 2304K, reserved 1048576K
}
Event: 33.365 GC heap before
{Heap before GC invocations=1 (full 0):
 garbage-first heap   total 131072K, used 11317K [0x0000000081c00000, 0x0000000100000000)
  region size 1024K, 8 young (8192K), 3 survivors (3072K)
 Metaspace       used 20681K, capacity 21099K, committed 21296K, reserved 1069056K
  class space    used 2210K, capacity 2404K, committed 2432K, reserved 1048576K
}
Event: 33.371 GC heap after
{Heap after GC invocations=2 (full 0):
 garbage-first heap   total 131072K, used 7650K [0x0000000081c00000, 0x0000000100000000)
  region size 1024K, 4 young (4096K), 4 survivors (4096K)
 Metaspace       used 20681K, capacity 21099K, committed 21296K, reserved 1069056K
  class space    used 2210K, capacity 2404K, committed 2432K, reserved 1048576K
}

Deoptimization events (10 events):
Event: 18.129 Thread 0x000002e3f200e800 Uncommon trap: reason=unstable_if action=reinterpret pc=0x000002e3e179df80 method=jdk.internal.org.objectweb.asm.Type.getArgumentsAndReturnSizes(Ljava/lang/String;)I @ 88 c2
Event: 18.132 Thread 0x000002e3f200e800 Uncommon trap: reason=unstable_if action=reinterpret pc=0x000002e3e17e6cc8 method=java.util.HashMap.getNode(ILjava/lang/Object;)Ljava/util/HashMap$Node; @ 62 c2
Event: 18.138 Thread 0x000002e3f200e800 Uncommon trap: reason=unstable_if action=reinterpret pc=0x000002e3e17a81e8 method=java.util.concurrent.ConcurrentHashMap.get(Ljava/lang/Object;)Ljava/lang/Object; @ 76 c2
Event: 18.173 Thread 0x000002e3f200e800 Uncommon trap: reason=unstable_if action=reinterpret pc=0x000002e3e17aba10 method=java.lang.AbstractStringBuilder.append(Ljava/lang/String;)Ljava/lang/AbstractStringBuilder; @ 1 c2
Event: 18.178 Thread 0x000002e3f200e800 Uncommon trap: reason=unstable_if action=reinterpret pc=0x000002e3e17d5144 method=java.nio.Buffer.limit(I)Ljava/nio/Buffer; @ 45 c2
Event: 18.272 Thread 0x000002e3f200e800 Uncommon trap: reason=unstable_if action=reinterpret pc=0x000002e3e17d7028 method=java.lang.ThreadLocal$ThreadLocalMap.getEntry(Ljava/lang/ThreadLocal;)Ljava/lang/ThreadLocal$ThreadLocalMap$Entry; @ 21 c2
Event: 18.355 Thread 0x000002e3f200e800 Uncommon trap: reason=unstable_if action=reinterpret pc=0x000002e3e17ceb44 method=java.nio.Buffer.position(I)Ljava/nio/Buffer; @ 45 c2
Event: 33.208 Thread 0x000002e3f200e800 Uncommon trap: reason=unstable_if action=reinterpret pc=0x000002e3e17f14f4 method=java.lang.ref.SoftReference.get()Ljava/lang/Object; @ 17 c2
Event: 33.402 Thread 0x000002e3f200e800 Uncommon trap: reason=unstable_if action=reinterpret pc=0x000002e3e17c0d5c method=java.lang.ref.ReferenceQueue.poll()Ljava/lang/ref/Reference; @ 4 c2
Event: 33.402 Thread 0x000002e3f200e800 Uncommon trap: reason=unstable_if action=reinterpret pc=0x000002e3e17b4df8 method=java.lang.ref.ReferenceQueue.poll()Ljava/lang/ref/Reference; @ 4 c2

Classes redefined (0 events):
No events

Internal exceptions (10 events):
Event: 0.745 Thread 0x000002e3ce912000 Exception <a 'java/lang/NoSuchMethodError'{0x00000000892637f8}: java.lang.invoke.DirectMethodHandle$Holder.invokeStatic(Ljava/lang/Object;Ljava/lang/Object;Ljava/lang/Object;Ljava/lang/Object;Ljava/lang/Object;Ljava/lang/Object;Ljava/lang/Object;Ljava/lan
Event: 0.747 Thread 0x000002e3ce912000 Exception <a 'java/lang/NoSuchMethodError'{0x00000000892841e0}: java.lang.invoke.DirectMethodHandle$Holder.invokeStatic(Ljava/lang/Object;Ljava/lang/Object;Ljava/lang/Object;Ljava/lang/Object;Ljava/lang/Object;Ljava/lang/Object;Ljava/lang/Object;Ljava/lan
Event: 0.749 Thread 0x000002e3ce912000 Exception <a 'java/lang/NoSuchMethodError'{0x00000000892a5918}: java.lang.invoke.DirectMethodHandle$Holder.invokeStatic(Ljava/lang/Object;Ljava/lang/Object;Ljava/lang/Object;Ljava/lang/Object;Ljava/lang/Object;Ljava/lang/Object;Ljava/lang/Object;Ljava/lan
Event: 0.808 Thread 0x000002e3f200e800 Exception <a 'java/lang/NoSuchMethodError'{0x000000008914c090}: java.lang.invoke.DirectMethodHandle$Holder.invokeStatic(Ljava/lang/Object;Ljava/lang/Object;Ljava/lang/Object;Ljava/lang/Object;Ljava/lang/Object;Ljava/lang/Object;Ljava/lang/Object;Ljava/lan
Event: 18.119 Thread 0x000002e3f200e800 Exception <a 'java/lang/NoSuchMethodError'{0x0000000088a70ce8}: method resolution failed> (0x0000000088a70ce8) thrown at [t:/workspace/open/src/hotspot/share/prims/methodHandles.cpp, line 1226]
Event: 18.125 Thread 0x000002e3f200e800 Exception <a 'java/lang/NoSuchMethodError'{0x0000000088a7cda8}: java.lang.invoke.DirectMethodHandle$Holder.invokeStatic(Ljava/lang/Object;Ljava/lang/Object;)I> (0x0000000088a7cda8) thrown at [t:/workspace/open/src/hotspot/share/interpreter/linkResolver.cp
Event: 18.128 Thread 0x000002e3f200e800 Exception <a 'java/lang/NoSuchMethodError'{0x0000000088a8a4a8}: java.lang.Object.of([Ljava/lang/Object;)Ljava/util/stream/Stream;> (0x0000000088a8a4a8) thrown at [t:/workspace/open/src/hotspot/share/interpreter/linkResolver.cpp, line 741]
Event: 18.173 Thread 0x000002e3f200e800 Implicit null exception at 0x000002e3e17ab4f4 to 0x000002e3e17ab9f6
Event: 18.272 Thread 0x000002e3f200e800 Implicit null exception at 0x000002e3e17d6f1b to 0x000002e3e17d700a
Event: 18.351 Thread 0x000002e3f200e800 Exception <a 'java/lang/NoSuchMethodError'{0x000000008857e708}: java.lang.invoke.DirectMethodHandle$Holder.invokeInterface(Ljava/lang/Object;Ljava/lang/Object;)Ljava/lang/Object;> (0x000000008857e708) thrown at [t:/workspace/open/src/hotspot/share/interpr

Events (10 events):
Event: 33.468 loading class java/net/SocksConsts done
Event: 33.468 loading class java/net/SocksSocketImpl done
Event: 33.468 loading class java/net/SocksSocketImpl$3
Event: 33.468 loading class java/net/SocksSocketImpl$3 done
Event: 33.469 loading class oracle/net/ns/DataPacket
Event: 33.469 loading class oracle/net/ns/DataPacket done
Event: 33.469 loading class oracle/net/ns/Packet
Event: 33.469 loading class oracle/net/ns/Packet done
Event: 33.470 loading class java/io/InterruptedIOException
Event: 33.470 loading class java/io/InterruptedIOException done


Dynamic libraries:
0x00007ff730100000 - 0x00007ff73013e000 	C:\Program Files\Java\jdk-10.0.2\bin\java.exe
0x00007ffa0eb40000 - 0x00007ffa0ed30000 	C:\WINDOWS\SYSTEM32\ntdll.dll
0x00007ff9de3e0000 - 0x00007ff9de3f4000 	C:\Program Files\AVAST Software\Avast\aswhook.dll
0x00007ffa0e1a0000 - 0x00007ffa0e252000 	C:\WINDOWS\System32\KERNEL32.DLL
0x00007ffa0bb50000 - 0x00007ffa0bdf3000 	C:\WINDOWS\System32\KERNELBASE.dll
0x00007ffa0da80000 - 0x00007ffa0db23000 	C:\WINDOWS\System32\ADVAPI32.dll
0x00007ffa0dc20000 - 0x00007ffa0dcbe000 	C:\WINDOWS\System32\msvcrt.dll
0x00007ffa0e2c0000 - 0x00007ffa0e357000 	C:\WINDOWS\System32\sechost.dll
0x00007ffa0e570000 - 0x00007ffa0e690000 	C:\WINDOWS\System32\RPCRT4.dll
0x00007ffa0cbf0000 - 0x00007ffa0cd84000 	C:\WINDOWS\System32\USER32.dll
0x00007ffa0c8f0000 - 0x00007ffa0c911000 	C:\WINDOWS\System32\win32u.dll
0x00007ffa0cda0000 - 0x00007ffa0cdc6000 	C:\WINDOWS\System32\GDI32.dll
0x00007ffa0c9f0000 - 0x00007ffa0cb84000 	C:\WINDOWS\System32\gdi32full.dll
0x00007ffa0c820000 - 0x00007ffa0c8be000 	C:\WINDOWS\System32\msvcp_win.dll
0x00007ffa0c6d0000 - 0x00007ffa0c7ca000 	C:\WINDOWS\System32\ucrtbase.dll
0x00007ffa0ae30000 - 0x00007ffa0b0b5000 	C:\WINDOWS\WinSxS\amd64_microsoft.windows.common-controls_6595b64144ccf1df_6.0.18362.535_none_e6c3b34713100821\COMCTL32.dll
0x00007ffa0dcc0000 - 0x00007ffa0dff6000 	C:\WINDOWS\System32\combase.dll
0x00007ffa0bad0000 - 0x00007ffa0bb50000 	C:\WINDOWS\System32\bcryptPrimitives.dll
0x00007ffa04e20000 - 0x00007ffa04e2a000 	C:\WINDOWS\SYSTEM32\VERSION.dll
0x00007ffa0e020000 - 0x00007ffa0e04e000 	C:\WINDOWS\System32\IMM32.DLL
0x00007ff9eaae0000 - 0x00007ff9eabcf000 	C:\Program Files\Java\jdk-10.0.2\bin\msvcr120.dll
0x00007ff9ea980000 - 0x00007ff9eaa26000 	C:\Program Files\Java\jdk-10.0.2\bin\msvcp120.dll
0x000000006b270000 - 0x000000006bce0000 	C:\Program Files\Java\jdk-10.0.2\bin\server\jvm.dll
0x00007ffa0e190000 - 0x00007ffa0e198000 	C:\WINDOWS\System32\PSAPI.DLL
0x00007ffa00390000 - 0x00007ffa00399000 	C:\WINDOWS\SYSTEM32\WSOCK32.dll
0x00007ffa0e120000 - 0x00007ffa0e18f000 	C:\WINDOWS\System32\WS2_32.dll
0x00007ffa08150000 - 0x00007ffa08174000 	C:\WINDOWS\SYSTEM32\WINMM.dll
0x00007ffa08120000 - 0x00007ffa0814d000 	C:\WINDOWS\SYSTEM32\WINMMBASE.dll
0x00007ffa0c7d0000 - 0x00007ffa0c81a000 	C:\WINDOWS\System32\cfgmgr32.dll
0x00007ffa09600000 - 0x00007ffa0960f000 	C:\Program Files\Java\jdk-10.0.2\bin\verify.dll
0x00007ffa0b530000 - 0x00007ffa0b724000 	C:\WINDOWS\SYSTEM32\DBGHELP.DLL
0x00007ffa0b2a0000 - 0x00007ffa0b2ca000 	C:\WINDOWS\SYSTEM32\dbgcore.DLL
0x00007ffa06280000 - 0x00007ffa062a7000 	C:\Program Files\Java\jdk-10.0.2\bin\java.dll
0x00007ffa095a0000 - 0x00007ffa095b6000 	C:\Program Files\Java\jdk-10.0.2\bin\zip.dll
0x00007ffa09230000 - 0x00007ffa0923a000 	C:\Program Files\Java\jdk-10.0.2\bin\jimage.dll
0x00007ffa0d140000 - 0x00007ffa0d825000 	C:\WINDOWS\System32\SHELL32.dll
0x00007ffa0e360000 - 0x00007ffa0e409000 	C:\WINDOWS\System32\shcore.dll
0x00007ffa0bf50000 - 0x00007ffa0c6cf000 	C:\WINDOWS\System32\windows.storage.dll
0x00007ffa0ba20000 - 0x00007ffa0ba3f000 	C:\WINDOWS\System32\profapi.dll
0x00007ffa0ba40000 - 0x00007ffa0ba8a000 	C:\WINDOWS\System32\powrprof.dll
0x00007ffa0ba10000 - 0x00007ffa0ba20000 	C:\WINDOWS\System32\UMPDC.dll
0x00007ffa0e0c0000 - 0x00007ffa0e112000 	C:\WINDOWS\System32\shlwapi.dll
0x00007ffa0bab0000 - 0x00007ffa0bac1000 	C:\WINDOWS\System32\kernel.appcore.dll
0x00007ffa0c9d0000 - 0x00007ffa0c9e7000 	C:\WINDOWS\System32\cryptsp.dll
0x00007ffa07590000 - 0x00007ffa075aa000 	C:\Program Files\Java\jdk-10.0.2\bin\net.dll
0x00007ffa01350000 - 0x00007ffa01440000 	C:\WINDOWS\SYSTEM32\WINHTTP.dll
0x00007ffa0ac20000 - 0x00007ffa0ac87000 	C:\WINDOWS\system32\mswsock.dll
0x00007ffa04340000 - 0x00007ffa04351000 	C:\Program Files\Java\jdk-10.0.2\bin\nio.dll
0x00007ff9d8cc0000 - 0x00007ff9d8e5b000 	C:\Program Files\Java\jdk-10.0.2\bin\awt.dll
0x00007ffa0d830000 - 0x00007ffa0d8f4000 	C:\WINDOWS\System32\OLEAUT32.dll
0x00007ffa07b60000 - 0x00007ffa08120000 	C:\WINDOWS\SYSTEM32\d2d1.dll
0x00007ffa08e40000 - 0x00007ffa08ecf000 	C:\WINDOWS\SYSTEM32\apphelp.dll
0x00007ffa09980000 - 0x00007ffa099ad000 	C:\WINDOWS\system32\DWMAPI.DLL
0x00007ffa09630000 - 0x00007ffa096c9000 	C:\WINDOWS\system32\uxtheme.dll
0x00007ff9e97b0000 - 0x00007ff9e9906000 	C:\WINDOWS\system32\opengl32.dll
0x00007ff9f8000000 - 0x00007ff9f802c000 	C:\WINDOWS\SYSTEM32\GLU32.dll
0x00007ffa0a010000 - 0x00007ffa0a030000 	C:\WINDOWS\SYSTEM32\dxcore.dll
0x00007ffa0ce50000 - 0x00007ffa0cf85000 	C:\WINDOWS\System32\MSCTF.dll
0x00007ffa0e410000 - 0x00007ffa0e566000 	C:\WINDOWS\System32\ole32.dll
0x00007ff9e0c50000 - 0x00007ff9e0cb5000 	C:\Program Files\Java\jdk-10.0.2\bin\fontmanager.dll
0x00007ff9f9280000 - 0x00007ff9f931e000 	C:\WINDOWS\System32\TextInputFramework.dll
0x00007ffa02370000 - 0x00007ffa0269a000 	C:\WINDOWS\System32\CoreUIComponents.dll
0x00007ffa08890000 - 0x00007ffa08964000 	C:\WINDOWS\System32\CoreMessaging.dll
0x00007ffa0b4f0000 - 0x00007ffa0b521000 	C:\WINDOWS\SYSTEM32\ntmarta.dll
0x00007ffa06a00000 - 0x00007ffa06b53000 	C:\WINDOWS\SYSTEM32\wintypes.dll
0x00007ff9e5fc0000 - 0x00007ff9e6002000 	C:\Program Files\Java\jdk-10.0.2\bin\t2k.dll
0x00007ff9f7d50000 - 0x00007ff9f7ff6000 	C:\WINDOWS\System32\iertutil.dll
0x00007ffa0d9d0000 - 0x00007ffa0da72000 	C:\WINDOWS\System32\clbcatq.dll
0x00007ffa00d40000 - 0x00007ffa00eef000 	C:\WINDOWS\SYSTEM32\WindowsCodecs.dll
0x00007ff9eef80000 - 0x00007ff9eefba000 	C:\WINDOWS\system32\dataexchange.dll
0x00007ffa07640000 - 0x00007ffa0789b000 	C:\WINDOWS\system32\d3d11.dll
0x00007ffa085e0000 - 0x00007ffa087bb000 	C:\WINDOWS\system32\dcomp.dll
0x00007ffa0a0a0000 - 0x00007ffa0a18b000 	C:\WINDOWS\system32\dxgi.dll
0x00007ffa09720000 - 0x00007ffa0997a000 	C:\WINDOWS\system32\twinapi.appcore.dll
0x00007ffa09b50000 - 0x00007ffa09b79000 	C:\WINDOWS\system32\RMCLIENT.dll
0x00007ffa0a970000 - 0x00007ffa0aa3a000 	C:\WINDOWS\SYSTEM32\DNSAPI.dll
0x00007ffa0cd90000 - 0x00007ffa0cd98000 	C:\WINDOWS\System32\NSI.dll
0x00007ffa0a930000 - 0x00007ffa0a96a000 	C:\WINDOWS\SYSTEM32\IPHLPAPI.DLL
0x00007ffa04f10000 - 0x00007ffa04f1a000 	C:\Windows\System32\rasadhlp.dll
0x00007ffa04110000 - 0x00007ffa04187000 	C:\WINDOWS\System32\fwpuclnt.dll
0x00007ffa0c8c0000 - 0x00007ffa0c8e6000 	C:\WINDOWS\System32\bcrypt.dll

dbghelp: loaded successfully - version: 4.0.5 - missing functions: none
symbol engine: initialized successfully - sym options: 0x614 - pdb path: .;C:\Program Files\Java\jdk-10.0.2\bin;C:\WINDOWS\SYSTEM32;C:\Program Files\AVAST Software\Avast;C:\WINDOWS\WinSxS\amd64_microsoft.windows.common-controls_6595b64144ccf1df_6.0.18362.535_none_e6c3b34713100821;C:\Program Files\Java\jdk-10.0.2\bin\server

VM Arguments:
java_command: Mf
java_class_path (initial): hibernatejar\antlr-2.7.6.jar;hibernatejar\asm-attrs.jar;hibernatejar\asm.jar;hibernatejar\c3p0-0.9.1.jar;hibernatejar\cglib-2.1.3.jar;hibernatejar\commons-collections-2.1.1.jar;hibernatejar\commons-logging-1.0.4.jar;hibernatejar\dom4j-1.6.1.jar;hibernatejar\ehcache-1.2.3.jar;hibernatejar\ejb3-persistence.jar;hibernatejar\hibernate-annotations.jar;hibernatejar\hibernate-commons-annotations.jar;hibernatejar\hibernate-validator.jar;hibernatejar\hibernate3.jar;hibernatejar\jdbc2_0-stdext.jar;hibernatejar\jta.jar;hibernatejar\log4j-1.2.11.jar;hibernatejar\ojdbc14.jar;hibernatejar\xerces-2.6.2.jar;.
Launcher Type: SUN_STANDARD

Logging:
Log output configuration:
#0: stdout all=warning uptime,level,tags
#1: stderr all=off uptime,level,tags

Environment Variables:
PATH=C:\Program Files\Java\jdk-10.0.2\bin
USERNAME=SHRUSHTI
OS=Windows_NT
PROCESSOR_IDENTIFIER=Intel64 Family 6 Model 142 Stepping 10, GenuineIntel



---------------  S Y S T E M  ---------------

OS: Windows 10 , 64 bit Build 18362 (10.0.18362.329)

CPU:total 8 (initial active 8) (4 cores per cpu, 2 threads per core) family 6 model 142 stepping 10, cmov, cx8, fxsr, mmx, sse, sse2, sse3, ssse3, sse4.1, sse4.2, popcnt, avx, avx2, aes, clmul, erms, 3dnowpref, lzcnt, ht, tsc, tscinvbit, bmi1, bmi2, adx, fma

Memory: 4k page, physical 8272100k(1269056k free), swap 33437924k(2500k free)

vm_info: Java HotSpot(TM) 64-Bit Server VM (10.0.2+13) for windows-amd64 JRE (10.0.2+13), built on Jun 28 2018 01:57:56 by "mach5one" with MS VC++ 12.0 (VS2013)

END.
